<?xml version="1.0" encoding="UTF-8"?>
<!-- Generated by org.testng.reporters.JUnitXMLReporter -->
<testsuite hostname="aspireggn55" name="Payment" tests="47" failures="47" timestamp="4 May 2017 17:10:02 GMT" time="15999.158" errors="0">
  <testcase name="TC_Yatra_Payment_001" time="138.003" classname="com.Yatra.TestScript.Payment.PaymentTest">
    <failure type="java.lang.Exception" message="No such a field present on this page, Please check the expected list values:: btnChngeFlight">
      <![CDATA[java.lang.Exception: No such a field present on this page, Please check the expected list values:: btnChngeFlight
	at com.Yatra.Pages.ElementLayer.verifyPageElements(ElementLayer.java:48)
	at com.Yatra.TestScript.Payment.PaymentTest.TC_Yatra_Payment_001(PaymentTest.java:126)
	at sun.reflect.NativeMethodAccessorImpl.invoke0(Native Method)
	at sun.reflect.NativeMethodAccessorImpl.invoke(Unknown Source)
	at sun.reflect.DelegatingMethodAccessorImpl.invoke(Unknown Source)
	at java.lang.reflect.Method.invoke(Unknown Source)
	at org.testng.internal.MethodInvocationHelper.invokeMethod(MethodInvocationHelper.java:85)
	at org.testng.internal.Invoker.invokeMethod(Invoker.java:639)
	at org.testng.internal.Invoker.invokeTestMethod(Invoker.java:816)
	at org.testng.internal.Invoker.invokeTestMethods(Invoker.java:1124)
	at org.testng.internal.TestMethodWorker.invokeTestMethods(TestMethodWorker.java:125)
	at org.testng.internal.TestMethodWorker.run(TestMethodWorker.java:108)
	at java.util.concurrent.ThreadPoolExecutor.runWorker(Unknown Source)
	at java.util.concurrent.ThreadPoolExecutor$Worker.run(Unknown Source)
	at java.lang.Thread.run(Unknown Source)
]]>
    </failure>
  </testcase> <!-- TC_Yatra_Payment_001 -->
  <testcase name="TC_Yatra_Payment_002" time="109.063" classname="com.Yatra.TestScript.Payment.PaymentTest">
    <failure type="java.lang.Exception" message="No such a field present on this page, Please check the expected list values:: btnChngeFlight">
      <![CDATA[java.lang.Exception: No such a field present on this page, Please check the expected list values:: btnChngeFlight
	at com.Yatra.Pages.ElementLayer.verifyPageElements(ElementLayer.java:48)
	at com.Yatra.TestScript.Payment.PaymentTest.TC_Yatra_Payment_002(PaymentTest.java:272)
	at sun.reflect.NativeMethodAccessorImpl.invoke0(Native Method)
	at sun.reflect.NativeMethodAccessorImpl.invoke(Unknown Source)
	at sun.reflect.DelegatingMethodAccessorImpl.invoke(Unknown Source)
	at java.lang.reflect.Method.invoke(Unknown Source)
	at org.testng.internal.MethodInvocationHelper.invokeMethod(MethodInvocationHelper.java:85)
	at org.testng.internal.Invoker.invokeMethod(Invoker.java:639)
	at org.testng.internal.Invoker.invokeTestMethod(Invoker.java:816)
	at org.testng.internal.Invoker.invokeTestMethods(Invoker.java:1124)
	at org.testng.internal.TestMethodWorker.invokeTestMethods(TestMethodWorker.java:125)
	at org.testng.internal.TestMethodWorker.run(TestMethodWorker.java:108)
	at java.util.concurrent.ThreadPoolExecutor.runWorker(Unknown Source)
	at java.util.concurrent.ThreadPoolExecutor$Worker.run(Unknown Source)
	at java.lang.Thread.run(Unknown Source)
]]>
    </failure>
  </testcase> <!-- TC_Yatra_Payment_002 -->
  <testcase name="TC_Yatra_Payment_003" time="105.945" classname="com.Yatra.TestScript.Payment.PaymentTest">
    <failure type="java.lang.Exception" message="No such a field present on this page, Please check the expected list values:: btnChngeFlight">
      <![CDATA[java.lang.Exception: No such a field present on this page, Please check the expected list values:: btnChngeFlight
	at com.Yatra.Pages.ElementLayer.verifyPageElements(ElementLayer.java:48)
	at com.Yatra.TestScript.Payment.PaymentTest.TC_Yatra_Payment_003(PaymentTest.java:405)
	at sun.reflect.NativeMethodAccessorImpl.invoke0(Native Method)
	at sun.reflect.NativeMethodAccessorImpl.invoke(Unknown Source)
	at sun.reflect.DelegatingMethodAccessorImpl.invoke(Unknown Source)
	at java.lang.reflect.Method.invoke(Unknown Source)
	at org.testng.internal.MethodInvocationHelper.invokeMethod(MethodInvocationHelper.java:85)
	at org.testng.internal.Invoker.invokeMethod(Invoker.java:639)
	at org.testng.internal.Invoker.invokeTestMethod(Invoker.java:816)
	at org.testng.internal.Invoker.invokeTestMethods(Invoker.java:1124)
	at org.testng.internal.TestMethodWorker.invokeTestMethods(TestMethodWorker.java:125)
	at org.testng.internal.TestMethodWorker.run(TestMethodWorker.java:108)
	at java.util.concurrent.ThreadPoolExecutor.runWorker(Unknown Source)
	at java.util.concurrent.ThreadPoolExecutor$Worker.run(Unknown Source)
	at java.lang.Thread.run(Unknown Source)
]]>
    </failure>
  </testcase> <!-- TC_Yatra_Payment_003 -->
  <testcase name="TC_Yatra_Payment_004" time="123.123" classname="com.Yatra.TestScript.Payment.PaymentTest">
    <failure type="java.lang.Exception" message="No such a field present on this page, Please check the expected list values:: btnChngeFlight">
      <![CDATA[java.lang.Exception: No such a field present on this page, Please check the expected list values:: btnChngeFlight
	at com.Yatra.Pages.ElementLayer.verifyPageElements(ElementLayer.java:48)
	at com.Yatra.TestScript.Payment.PaymentTest.TC_Yatra_Payment_004(PaymentTest.java:527)
	at sun.reflect.NativeMethodAccessorImpl.invoke0(Native Method)
	at sun.reflect.NativeMethodAccessorImpl.invoke(Unknown Source)
	at sun.reflect.DelegatingMethodAccessorImpl.invoke(Unknown Source)
	at java.lang.reflect.Method.invoke(Unknown Source)
	at org.testng.internal.MethodInvocationHelper.invokeMethod(MethodInvocationHelper.java:85)
	at org.testng.internal.Invoker.invokeMethod(Invoker.java:639)
	at org.testng.internal.Invoker.invokeTestMethod(Invoker.java:816)
	at org.testng.internal.Invoker.invokeTestMethods(Invoker.java:1124)
	at org.testng.internal.TestMethodWorker.invokeTestMethods(TestMethodWorker.java:125)
	at org.testng.internal.TestMethodWorker.run(TestMethodWorker.java:108)
	at java.util.concurrent.ThreadPoolExecutor.runWorker(Unknown Source)
	at java.util.concurrent.ThreadPoolExecutor$Worker.run(Unknown Source)
	at java.lang.Thread.run(Unknown Source)
]]>
    </failure>
  </testcase> <!-- TC_Yatra_Payment_004 -->
  <testcase name="TC_Yatra_Payment_005" time="109.644" classname="com.Yatra.TestScript.Payment.PaymentTest">
    <failure type="java.lang.Exception" message="No such a field present on this page, Please check the expected list values:: btnChngeFlight">
      <![CDATA[java.lang.Exception: No such a field present on this page, Please check the expected list values:: btnChngeFlight
	at com.Yatra.Pages.ElementLayer.verifyPageElements(ElementLayer.java:48)
	at com.Yatra.TestScript.Payment.PaymentTest.TC_Yatra_Payment_005(PaymentTest.java:635)
	at sun.reflect.NativeMethodAccessorImpl.invoke0(Native Method)
	at sun.reflect.NativeMethodAccessorImpl.invoke(Unknown Source)
	at sun.reflect.DelegatingMethodAccessorImpl.invoke(Unknown Source)
	at java.lang.reflect.Method.invoke(Unknown Source)
	at org.testng.internal.MethodInvocationHelper.invokeMethod(MethodInvocationHelper.java:85)
	at org.testng.internal.Invoker.invokeMethod(Invoker.java:639)
	at org.testng.internal.Invoker.invokeTestMethod(Invoker.java:816)
	at org.testng.internal.Invoker.invokeTestMethods(Invoker.java:1124)
	at org.testng.internal.TestMethodWorker.invokeTestMethods(TestMethodWorker.java:125)
	at org.testng.internal.TestMethodWorker.run(TestMethodWorker.java:108)
	at java.util.concurrent.ThreadPoolExecutor.runWorker(Unknown Source)
	at java.util.concurrent.ThreadPoolExecutor$Worker.run(Unknown Source)
	at java.lang.Thread.run(Unknown Source)
]]>
    </failure>
  </testcase> <!-- TC_Yatra_Payment_005 -->
  <testcase name="TC_Yatra_Payment_006" time="117.971" classname="com.Yatra.TestScript.Payment.PaymentTest">
    <failure type="java.lang.Exception" message="No such a field present on this page, Please check the expected list values:: btnChngeFlight">
      <![CDATA[java.lang.Exception: No such a field present on this page, Please check the expected list values:: btnChngeFlight
	at com.Yatra.Pages.ElementLayer.verifyPageElements(ElementLayer.java:48)
	at com.Yatra.TestScript.Payment.PaymentTest.TC_Yatra_Payment_006(PaymentTest.java:748)
	at sun.reflect.NativeMethodAccessorImpl.invoke0(Native Method)
	at sun.reflect.NativeMethodAccessorImpl.invoke(Unknown Source)
	at sun.reflect.DelegatingMethodAccessorImpl.invoke(Unknown Source)
	at java.lang.reflect.Method.invoke(Unknown Source)
	at org.testng.internal.MethodInvocationHelper.invokeMethod(MethodInvocationHelper.java:85)
	at org.testng.internal.Invoker.invokeMethod(Invoker.java:639)
	at org.testng.internal.Invoker.invokeTestMethod(Invoker.java:816)
	at org.testng.internal.Invoker.invokeTestMethods(Invoker.java:1124)
	at org.testng.internal.TestMethodWorker.invokeTestMethods(TestMethodWorker.java:125)
	at org.testng.internal.TestMethodWorker.run(TestMethodWorker.java:108)
	at java.util.concurrent.ThreadPoolExecutor.runWorker(Unknown Source)
	at java.util.concurrent.ThreadPoolExecutor$Worker.run(Unknown Source)
	at java.lang.Thread.run(Unknown Source)
]]>
    </failure>
  </testcase> <!-- TC_Yatra_Payment_006 -->
  <testcase name="TC_Yatra_Payment_007" time="113.461" classname="com.Yatra.TestScript.Payment.PaymentTest">
    <failure type="java.lang.Exception" message="No such a field present on this page, Please check the expected list values:: btnChngeFlight">
      <![CDATA[java.lang.Exception: No such a field present on this page, Please check the expected list values:: btnChngeFlight
	at com.Yatra.Pages.ElementLayer.verifyPageElements(ElementLayer.java:48)
	at com.Yatra.TestScript.Payment.PaymentTest.TC_Yatra_Payment_007(PaymentTest.java:861)
	at sun.reflect.NativeMethodAccessorImpl.invoke0(Native Method)
	at sun.reflect.NativeMethodAccessorImpl.invoke(Unknown Source)
	at sun.reflect.DelegatingMethodAccessorImpl.invoke(Unknown Source)
	at java.lang.reflect.Method.invoke(Unknown Source)
	at org.testng.internal.MethodInvocationHelper.invokeMethod(MethodInvocationHelper.java:85)
	at org.testng.internal.Invoker.invokeMethod(Invoker.java:639)
	at org.testng.internal.Invoker.invokeTestMethod(Invoker.java:816)
	at org.testng.internal.Invoker.invokeTestMethods(Invoker.java:1124)
	at org.testng.internal.TestMethodWorker.invokeTestMethods(TestMethodWorker.java:125)
	at org.testng.internal.TestMethodWorker.run(TestMethodWorker.java:108)
	at java.util.concurrent.ThreadPoolExecutor.runWorker(Unknown Source)
	at java.util.concurrent.ThreadPoolExecutor$Worker.run(Unknown Source)
	at java.lang.Thread.run(Unknown Source)
]]>
    </failure>
  </testcase> <!-- TC_Yatra_Payment_007 -->
  <testcase name="TC_Yatra_Payment_008" time="105.71" classname="com.Yatra.TestScript.Payment.PaymentTest">
    <failure type="java.lang.Exception" message="No such a field present on this page, Please check the expected list values:: btnChngeFlight">
      <![CDATA[java.lang.Exception: No such a field present on this page, Please check the expected list values:: btnChngeFlight
	at com.Yatra.Pages.ElementLayer.verifyPageElements(ElementLayer.java:48)
	at com.Yatra.TestScript.Payment.PaymentTest.TC_Yatra_Payment_008(PaymentTest.java:971)
	at sun.reflect.NativeMethodAccessorImpl.invoke0(Native Method)
	at sun.reflect.NativeMethodAccessorImpl.invoke(Unknown Source)
	at sun.reflect.DelegatingMethodAccessorImpl.invoke(Unknown Source)
	at java.lang.reflect.Method.invoke(Unknown Source)
	at org.testng.internal.MethodInvocationHelper.invokeMethod(MethodInvocationHelper.java:85)
	at org.testng.internal.Invoker.invokeMethod(Invoker.java:639)
	at org.testng.internal.Invoker.invokeTestMethod(Invoker.java:816)
	at org.testng.internal.Invoker.invokeTestMethods(Invoker.java:1124)
	at org.testng.internal.TestMethodWorker.invokeTestMethods(TestMethodWorker.java:125)
	at org.testng.internal.TestMethodWorker.run(TestMethodWorker.java:108)
	at java.util.concurrent.ThreadPoolExecutor.runWorker(Unknown Source)
	at java.util.concurrent.ThreadPoolExecutor$Worker.run(Unknown Source)
	at java.lang.Thread.run(Unknown Source)
]]>
    </failure>
  </testcase> <!-- TC_Yatra_Payment_008 -->
  <testcase name="TC_Yatra_Payment_009" time="111.191" classname="com.Yatra.TestScript.Payment.PaymentTest">
    <failure type="java.lang.Exception" message="No such a field present on this page, Please check the expected list values:: btnChngeFlight">
      <![CDATA[java.lang.Exception: No such a field present on this page, Please check the expected list values:: btnChngeFlight
	at com.Yatra.Pages.ElementLayer.verifyPageElements(ElementLayer.java:48)
	at com.Yatra.TestScript.Payment.PaymentTest.TC_Yatra_Payment_009(PaymentTest.java:1078)
	at sun.reflect.NativeMethodAccessorImpl.invoke0(Native Method)
	at sun.reflect.NativeMethodAccessorImpl.invoke(Unknown Source)
	at sun.reflect.DelegatingMethodAccessorImpl.invoke(Unknown Source)
	at java.lang.reflect.Method.invoke(Unknown Source)
	at org.testng.internal.MethodInvocationHelper.invokeMethod(MethodInvocationHelper.java:85)
	at org.testng.internal.Invoker.invokeMethod(Invoker.java:639)
	at org.testng.internal.Invoker.invokeTestMethod(Invoker.java:816)
	at org.testng.internal.Invoker.invokeTestMethods(Invoker.java:1124)
	at org.testng.internal.TestMethodWorker.invokeTestMethods(TestMethodWorker.java:125)
	at org.testng.internal.TestMethodWorker.run(TestMethodWorker.java:108)
	at java.util.concurrent.ThreadPoolExecutor.runWorker(Unknown Source)
	at java.util.concurrent.ThreadPoolExecutor$Worker.run(Unknown Source)
	at java.lang.Thread.run(Unknown Source)
]]>
    </failure>
  </testcase> <!-- TC_Yatra_Payment_009 -->
  <testcase name="TC_Yatra_Payment_010" time="3857.449" classname="com.Yatra.TestScript.Payment.PaymentTest">
    <failure type="java.lang.AssertionError" message="ReviewPage didn&amp;apos;t open up">
      <![CDATA[java.lang.AssertionError: ReviewPage didn't open up
	at org.testng.Assert.fail(Assert.java:94)
	at com.Yatra.Utils.Log.fail(Log.java:546)
	at com.Yatra.Pages.ReviewPage.isLoaded(ReviewPage.java:266)
	at org.openqa.selenium.support.ui.LoadableComponent.get(LoadableComponent.java:52)
	at com.Yatra.Pages.SearchResult.clickOnBookNowInOneWay(SearchResult.java:671)
	at com.Yatra.TestScript.Payment.PaymentTest.TC_Yatra_Payment_010(PaymentTest.java:1184)
	at sun.reflect.NativeMethodAccessorImpl.invoke0(Native Method)
	at sun.reflect.NativeMethodAccessorImpl.invoke(Unknown Source)
	at sun.reflect.DelegatingMethodAccessorImpl.invoke(Unknown Source)
	at java.lang.reflect.Method.invoke(Unknown Source)
	at org.testng.internal.MethodInvocationHelper.invokeMethod(MethodInvocationHelper.java:85)
	at org.testng.internal.Invoker.invokeMethod(Invoker.java:639)
	at org.testng.internal.Invoker.invokeTestMethod(Invoker.java:816)
	at org.testng.internal.Invoker.invokeTestMethods(Invoker.java:1124)
	at org.testng.internal.TestMethodWorker.invokeTestMethods(TestMethodWorker.java:125)
	at org.testng.internal.TestMethodWorker.run(TestMethodWorker.java:108)
	at java.util.concurrent.ThreadPoolExecutor.runWorker(Unknown Source)
	at java.util.concurrent.ThreadPoolExecutor$Worker.run(Unknown Source)
	at java.lang.Thread.run(Unknown Source)
]]>
    </failure>
  </testcase> <!-- TC_Yatra_Payment_010 -->
  <testcase name="TC_Yatra_Payment_011" time="3715.54" classname="com.Yatra.TestScript.Payment.PaymentTest">
    <failure type="java.lang.Exception" message="No such a field present on this page, Please check the expected list values:: btnChngeFlight">
      <![CDATA[java.lang.Exception: No such a field present on this page, Please check the expected list values:: btnChngeFlight
	at com.Yatra.Pages.ElementLayer.verifyPageElements(ElementLayer.java:48)
	at com.Yatra.TestScript.Payment.PaymentTest.TC_Yatra_Payment_011(PaymentTest.java:1295)
	at sun.reflect.NativeMethodAccessorImpl.invoke0(Native Method)
	at sun.reflect.NativeMethodAccessorImpl.invoke(Unknown Source)
	at sun.reflect.DelegatingMethodAccessorImpl.invoke(Unknown Source)
	at java.lang.reflect.Method.invoke(Unknown Source)
	at org.testng.internal.MethodInvocationHelper.invokeMethod(MethodInvocationHelper.java:85)
	at org.testng.internal.Invoker.invokeMethod(Invoker.java:639)
	at org.testng.internal.Invoker.invokeTestMethod(Invoker.java:816)
	at org.testng.internal.Invoker.invokeTestMethods(Invoker.java:1124)
	at org.testng.internal.TestMethodWorker.invokeTestMethods(TestMethodWorker.java:125)
	at org.testng.internal.TestMethodWorker.run(TestMethodWorker.java:108)
	at java.util.concurrent.ThreadPoolExecutor.runWorker(Unknown Source)
	at java.util.concurrent.ThreadPoolExecutor$Worker.run(Unknown Source)
	at java.lang.Thread.run(Unknown Source)
]]>
    </failure>
  </testcase> <!-- TC_Yatra_Payment_011 -->
  <testcase name="TC_Yatra_Payment_012" time="99.153" classname="com.Yatra.TestScript.Payment.PaymentTest">
    <failure type="java.lang.Exception" message="No such a field present on this page, Please check the expected list values:: btnChngeFlight">
      <![CDATA[java.lang.Exception: No such a field present on this page, Please check the expected list values:: btnChngeFlight
	at com.Yatra.Pages.ElementLayer.verifyPageElements(ElementLayer.java:48)
	at com.Yatra.TestScript.Payment.PaymentTest.TC_Yatra_Payment_012(PaymentTest.java:1401)
	at sun.reflect.NativeMethodAccessorImpl.invoke0(Native Method)
	at sun.reflect.NativeMethodAccessorImpl.invoke(Unknown Source)
	at sun.reflect.DelegatingMethodAccessorImpl.invoke(Unknown Source)
	at java.lang.reflect.Method.invoke(Unknown Source)
	at org.testng.internal.MethodInvocationHelper.invokeMethod(MethodInvocationHelper.java:85)
	at org.testng.internal.Invoker.invokeMethod(Invoker.java:639)
	at org.testng.internal.Invoker.invokeTestMethod(Invoker.java:816)
	at org.testng.internal.Invoker.invokeTestMethods(Invoker.java:1124)
	at org.testng.internal.TestMethodWorker.invokeTestMethods(TestMethodWorker.java:125)
	at org.testng.internal.TestMethodWorker.run(TestMethodWorker.java:108)
	at java.util.concurrent.ThreadPoolExecutor.runWorker(Unknown Source)
	at java.util.concurrent.ThreadPoolExecutor$Worker.run(Unknown Source)
	at java.lang.Thread.run(Unknown Source)
]]>
    </failure>
  </testcase> <!-- TC_Yatra_Payment_012 -->
  <testcase name="TC_Yatra_Payment_013" time="92.816" classname="com.Yatra.TestScript.Payment.PaymentTest">
    <failure type="java.lang.Exception" message="No such a field present on this page, Please check the expected list values:: btnChngeFlight">
      <![CDATA[java.lang.Exception: No such a field present on this page, Please check the expected list values:: btnChngeFlight
	at com.Yatra.Pages.ElementLayer.verifyPageElements(ElementLayer.java:48)
	at com.Yatra.TestScript.Payment.PaymentTest.TC_Yatra_Payment_013(PaymentTest.java:1514)
	at sun.reflect.NativeMethodAccessorImpl.invoke0(Native Method)
	at sun.reflect.NativeMethodAccessorImpl.invoke(Unknown Source)
	at sun.reflect.DelegatingMethodAccessorImpl.invoke(Unknown Source)
	at java.lang.reflect.Method.invoke(Unknown Source)
	at org.testng.internal.MethodInvocationHelper.invokeMethod(MethodInvocationHelper.java:85)
	at org.testng.internal.Invoker.invokeMethod(Invoker.java:639)
	at org.testng.internal.Invoker.invokeTestMethod(Invoker.java:816)
	at org.testng.internal.Invoker.invokeTestMethods(Invoker.java:1124)
	at org.testng.internal.TestMethodWorker.invokeTestMethods(TestMethodWorker.java:125)
	at org.testng.internal.TestMethodWorker.run(TestMethodWorker.java:108)
	at java.util.concurrent.ThreadPoolExecutor.runWorker(Unknown Source)
	at java.util.concurrent.ThreadPoolExecutor$Worker.run(Unknown Source)
	at java.lang.Thread.run(Unknown Source)
]]>
    </failure>
  </testcase> <!-- TC_Yatra_Payment_013 -->
  <testcase name="TC_Yatra_Payment_014" time="91.381" classname="com.Yatra.TestScript.Payment.PaymentTest">
    <failure type="java.lang.Exception" message="No such a field present on this page, Please check the expected list values:: btnChngeFlight">
      <![CDATA[java.lang.Exception: No such a field present on this page, Please check the expected list values:: btnChngeFlight
	at com.Yatra.Pages.ElementLayer.verifyPageElements(ElementLayer.java:48)
	at com.Yatra.TestScript.Payment.PaymentTest.TC_Yatra_Payment_014(PaymentTest.java:1624)
	at sun.reflect.NativeMethodAccessorImpl.invoke0(Native Method)
	at sun.reflect.NativeMethodAccessorImpl.invoke(Unknown Source)
	at sun.reflect.DelegatingMethodAccessorImpl.invoke(Unknown Source)
	at java.lang.reflect.Method.invoke(Unknown Source)
	at org.testng.internal.MethodInvocationHelper.invokeMethod(MethodInvocationHelper.java:85)
	at org.testng.internal.Invoker.invokeMethod(Invoker.java:639)
	at org.testng.internal.Invoker.invokeTestMethod(Invoker.java:816)
	at org.testng.internal.Invoker.invokeTestMethods(Invoker.java:1124)
	at org.testng.internal.TestMethodWorker.invokeTestMethods(TestMethodWorker.java:125)
	at org.testng.internal.TestMethodWorker.run(TestMethodWorker.java:108)
	at java.util.concurrent.ThreadPoolExecutor.runWorker(Unknown Source)
	at java.util.concurrent.ThreadPoolExecutor$Worker.run(Unknown Source)
	at java.lang.Thread.run(Unknown Source)
]]>
    </failure>
  </testcase> <!-- TC_Yatra_Payment_014 -->
  <testcase name="TC_Yatra_Payment_015" time="91.806" classname="com.Yatra.TestScript.Payment.PaymentTest">
    <failure type="java.lang.Exception" message="No such a field present on this page, Please check the expected list values:: btnChngeFlight">
      <![CDATA[java.lang.Exception: No such a field present on this page, Please check the expected list values:: btnChngeFlight
	at com.Yatra.Pages.ElementLayer.verifyPageElements(ElementLayer.java:48)
	at com.Yatra.TestScript.Payment.PaymentTest.TC_Yatra_Payment_015(PaymentTest.java:1738)
	at sun.reflect.NativeMethodAccessorImpl.invoke0(Native Method)
	at sun.reflect.NativeMethodAccessorImpl.invoke(Unknown Source)
	at sun.reflect.DelegatingMethodAccessorImpl.invoke(Unknown Source)
	at java.lang.reflect.Method.invoke(Unknown Source)
	at org.testng.internal.MethodInvocationHelper.invokeMethod(MethodInvocationHelper.java:85)
	at org.testng.internal.Invoker.invokeMethod(Invoker.java:639)
	at org.testng.internal.Invoker.invokeTestMethod(Invoker.java:816)
	at org.testng.internal.Invoker.invokeTestMethods(Invoker.java:1124)
	at org.testng.internal.TestMethodWorker.invokeTestMethods(TestMethodWorker.java:125)
	at org.testng.internal.TestMethodWorker.run(TestMethodWorker.java:108)
	at java.util.concurrent.ThreadPoolExecutor.runWorker(Unknown Source)
	at java.util.concurrent.ThreadPoolExecutor$Worker.run(Unknown Source)
	at java.lang.Thread.run(Unknown Source)
]]>
    </failure>
  </testcase> <!-- TC_Yatra_Payment_015 -->
  <testcase name="TC_Yatra_Payment_016" time="77.83" classname="com.Yatra.TestScript.Payment.PaymentTest">
    <failure type="java.lang.Exception" message="No such a field present on this page, Please check the expected list values:: btnChngeFlight">
      <![CDATA[java.lang.Exception: No such a field present on this page, Please check the expected list values:: btnChngeFlight
	at com.Yatra.Pages.ElementLayer.verifyPageElements(ElementLayer.java:48)
	at com.Yatra.TestScript.Payment.PaymentTest.TC_Yatra_Payment_016(PaymentTest.java:1859)
	at sun.reflect.NativeMethodAccessorImpl.invoke0(Native Method)
	at sun.reflect.NativeMethodAccessorImpl.invoke(Unknown Source)
	at sun.reflect.DelegatingMethodAccessorImpl.invoke(Unknown Source)
	at java.lang.reflect.Method.invoke(Unknown Source)
	at org.testng.internal.MethodInvocationHelper.invokeMethod(MethodInvocationHelper.java:85)
	at org.testng.internal.Invoker.invokeMethod(Invoker.java:639)
	at org.testng.internal.Invoker.invokeTestMethod(Invoker.java:816)
	at org.testng.internal.Invoker.invokeTestMethods(Invoker.java:1124)
	at org.testng.internal.TestMethodWorker.invokeTestMethods(TestMethodWorker.java:125)
	at org.testng.internal.TestMethodWorker.run(TestMethodWorker.java:108)
	at java.util.concurrent.ThreadPoolExecutor.runWorker(Unknown Source)
	at java.util.concurrent.ThreadPoolExecutor$Worker.run(Unknown Source)
	at java.lang.Thread.run(Unknown Source)
]]>
    </failure>
  </testcase> <!-- TC_Yatra_Payment_016 -->
  <testcase name="TC_Yatra_Payment_017" time="97.987" classname="com.Yatra.TestScript.Payment.PaymentTest">
    <failure type="java.lang.Exception" message="No such a field present on this page, Please check the expected list values:: btnChngeFlight">
      <![CDATA[java.lang.Exception: No such a field present on this page, Please check the expected list values:: btnChngeFlight
	at com.Yatra.Pages.ElementLayer.verifyPageElements(ElementLayer.java:48)
	at com.Yatra.TestScript.Payment.PaymentTest.TC_Yatra_Payment_017(PaymentTest.java:1940)
	at sun.reflect.NativeMethodAccessorImpl.invoke0(Native Method)
	at sun.reflect.NativeMethodAccessorImpl.invoke(Unknown Source)
	at sun.reflect.DelegatingMethodAccessorImpl.invoke(Unknown Source)
	at java.lang.reflect.Method.invoke(Unknown Source)
	at org.testng.internal.MethodInvocationHelper.invokeMethod(MethodInvocationHelper.java:85)
	at org.testng.internal.Invoker.invokeMethod(Invoker.java:639)
	at org.testng.internal.Invoker.invokeTestMethod(Invoker.java:816)
	at org.testng.internal.Invoker.invokeTestMethods(Invoker.java:1124)
	at org.testng.internal.TestMethodWorker.invokeTestMethods(TestMethodWorker.java:125)
	at org.testng.internal.TestMethodWorker.run(TestMethodWorker.java:108)
	at java.util.concurrent.ThreadPoolExecutor.runWorker(Unknown Source)
	at java.util.concurrent.ThreadPoolExecutor$Worker.run(Unknown Source)
	at java.lang.Thread.run(Unknown Source)
]]>
    </failure>
  </testcase> <!-- TC_Yatra_Payment_017 -->
  <testcase name="TC_Yatra_Payment_018" time="101.084" classname="com.Yatra.TestScript.Payment.PaymentTest">
    <failure type="java.lang.Exception" message="No such a field present on this page, Please check the expected list values:: btnChngeFlight">
      <![CDATA[java.lang.Exception: No such a field present on this page, Please check the expected list values:: btnChngeFlight
	at com.Yatra.Pages.ElementLayer.verifyPageElements(ElementLayer.java:48)
	at com.Yatra.TestScript.Payment.PaymentTest.TC_Yatra_Payment_018(PaymentTest.java:2027)
	at sun.reflect.NativeMethodAccessorImpl.invoke0(Native Method)
	at sun.reflect.NativeMethodAccessorImpl.invoke(Unknown Source)
	at sun.reflect.DelegatingMethodAccessorImpl.invoke(Unknown Source)
	at java.lang.reflect.Method.invoke(Unknown Source)
	at org.testng.internal.MethodInvocationHelper.invokeMethod(MethodInvocationHelper.java:85)
	at org.testng.internal.Invoker.invokeMethod(Invoker.java:639)
	at org.testng.internal.Invoker.invokeTestMethod(Invoker.java:816)
	at org.testng.internal.Invoker.invokeTestMethods(Invoker.java:1124)
	at org.testng.internal.TestMethodWorker.invokeTestMethods(TestMethodWorker.java:125)
	at org.testng.internal.TestMethodWorker.run(TestMethodWorker.java:108)
	at java.util.concurrent.ThreadPoolExecutor.runWorker(Unknown Source)
	at java.util.concurrent.ThreadPoolExecutor$Worker.run(Unknown Source)
	at java.lang.Thread.run(Unknown Source)
]]>
    </failure>
  </testcase> <!-- TC_Yatra_Payment_018 -->
  <testcase name="TC_Yatra_Payment_019" time="93.115" classname="com.Yatra.TestScript.Payment.PaymentTest">
    <failure type="java.lang.Exception" message="No such a field present on this page, Please check the expected list values:: btnChngeFlight">
      <![CDATA[java.lang.Exception: No such a field present on this page, Please check the expected list values:: btnChngeFlight
	at com.Yatra.Pages.ElementLayer.verifyPageElements(ElementLayer.java:48)
	at com.Yatra.TestScript.Payment.PaymentTest.TC_Yatra_Payment_019(PaymentTest.java:2165)
	at sun.reflect.NativeMethodAccessorImpl.invoke0(Native Method)
	at sun.reflect.NativeMethodAccessorImpl.invoke(Unknown Source)
	at sun.reflect.DelegatingMethodAccessorImpl.invoke(Unknown Source)
	at java.lang.reflect.Method.invoke(Unknown Source)
	at org.testng.internal.MethodInvocationHelper.invokeMethod(MethodInvocationHelper.java:85)
	at org.testng.internal.Invoker.invokeMethod(Invoker.java:639)
	at org.testng.internal.Invoker.invokeTestMethod(Invoker.java:816)
	at org.testng.internal.Invoker.invokeTestMethods(Invoker.java:1124)
	at org.testng.internal.TestMethodWorker.invokeTestMethods(TestMethodWorker.java:125)
	at org.testng.internal.TestMethodWorker.run(TestMethodWorker.java:108)
	at java.util.concurrent.ThreadPoolExecutor.runWorker(Unknown Source)
	at java.util.concurrent.ThreadPoolExecutor$Worker.run(Unknown Source)
	at java.lang.Thread.run(Unknown Source)
]]>
    </failure>
  </testcase> <!-- TC_Yatra_Payment_019 -->
  <testcase name="TC_Yatra_Payment_020" time="96.478" classname="com.Yatra.TestScript.Payment.PaymentTest">
    <failure type="java.lang.Exception" message="No such a field present on this page, Please check the expected list values:: btnChngeFlight">
      <![CDATA[java.lang.Exception: No such a field present on this page, Please check the expected list values:: btnChngeFlight
	at com.Yatra.Pages.ElementLayer.verifyPageElements(ElementLayer.java:48)
	at com.Yatra.TestScript.Payment.PaymentTest.TC_Yatra_Payment_020(PaymentTest.java:2296)
	at sun.reflect.NativeMethodAccessorImpl.invoke0(Native Method)
	at sun.reflect.NativeMethodAccessorImpl.invoke(Unknown Source)
	at sun.reflect.DelegatingMethodAccessorImpl.invoke(Unknown Source)
	at java.lang.reflect.Method.invoke(Unknown Source)
	at org.testng.internal.MethodInvocationHelper.invokeMethod(MethodInvocationHelper.java:85)
	at org.testng.internal.Invoker.invokeMethod(Invoker.java:639)
	at org.testng.internal.Invoker.invokeTestMethod(Invoker.java:816)
	at org.testng.internal.Invoker.invokeTestMethods(Invoker.java:1124)
	at org.testng.internal.TestMethodWorker.invokeTestMethods(TestMethodWorker.java:125)
	at org.testng.internal.TestMethodWorker.run(TestMethodWorker.java:108)
	at java.util.concurrent.ThreadPoolExecutor.runWorker(Unknown Source)
	at java.util.concurrent.ThreadPoolExecutor$Worker.run(Unknown Source)
	at java.lang.Thread.run(Unknown Source)
]]>
    </failure>
  </testcase> <!-- TC_Yatra_Payment_020 -->
  <testcase name="TC_Yatra_Payment_021" time="93.21" classname="com.Yatra.TestScript.Payment.PaymentTest">
    <failure type="java.lang.Exception" message="No such a field present on this page, Please check the expected list values:: btnChngeFlight">
      <![CDATA[java.lang.Exception: No such a field present on this page, Please check the expected list values:: btnChngeFlight
	at com.Yatra.Pages.ElementLayer.verifyPageElements(ElementLayer.java:48)
	at com.Yatra.TestScript.Payment.PaymentTest.TC_Yatra_Payment_021(PaymentTest.java:2381)
	at sun.reflect.NativeMethodAccessorImpl.invoke0(Native Method)
	at sun.reflect.NativeMethodAccessorImpl.invoke(Unknown Source)
	at sun.reflect.DelegatingMethodAccessorImpl.invoke(Unknown Source)
	at java.lang.reflect.Method.invoke(Unknown Source)
	at org.testng.internal.MethodInvocationHelper.invokeMethod(MethodInvocationHelper.java:85)
	at org.testng.internal.Invoker.invokeMethod(Invoker.java:639)
	at org.testng.internal.Invoker.invokeTestMethod(Invoker.java:816)
	at org.testng.internal.Invoker.invokeTestMethods(Invoker.java:1124)
	at org.testng.internal.TestMethodWorker.invokeTestMethods(TestMethodWorker.java:125)
	at org.testng.internal.TestMethodWorker.run(TestMethodWorker.java:108)
	at java.util.concurrent.ThreadPoolExecutor.runWorker(Unknown Source)
	at java.util.concurrent.ThreadPoolExecutor$Worker.run(Unknown Source)
	at java.lang.Thread.run(Unknown Source)
]]>
    </failure>
  </testcase> <!-- TC_Yatra_Payment_021 -->
  <testcase name="TC_Yatra_Payment_022" time="92.728" classname="com.Yatra.TestScript.Payment.PaymentTest">
    <failure type="java.lang.Exception" message="No such a field present on this page, Please check the expected list values:: btnChngeFlight">
      <![CDATA[java.lang.Exception: No such a field present on this page, Please check the expected list values:: btnChngeFlight
	at com.Yatra.Pages.ElementLayer.verifyPageElements(ElementLayer.java:48)
	at com.Yatra.TestScript.Payment.PaymentTest.TC_Yatra_Payment_022(PaymentTest.java:2473)
	at sun.reflect.NativeMethodAccessorImpl.invoke0(Native Method)
	at sun.reflect.NativeMethodAccessorImpl.invoke(Unknown Source)
	at sun.reflect.DelegatingMethodAccessorImpl.invoke(Unknown Source)
	at java.lang.reflect.Method.invoke(Unknown Source)
	at org.testng.internal.MethodInvocationHelper.invokeMethod(MethodInvocationHelper.java:85)
	at org.testng.internal.Invoker.invokeMethod(Invoker.java:639)
	at org.testng.internal.Invoker.invokeTestMethod(Invoker.java:816)
	at org.testng.internal.Invoker.invokeTestMethods(Invoker.java:1124)
	at org.testng.internal.TestMethodWorker.invokeTestMethods(TestMethodWorker.java:125)
	at org.testng.internal.TestMethodWorker.run(TestMethodWorker.java:108)
	at java.util.concurrent.ThreadPoolExecutor.runWorker(Unknown Source)
	at java.util.concurrent.ThreadPoolExecutor$Worker.run(Unknown Source)
	at java.lang.Thread.run(Unknown Source)
]]>
    </failure>
  </testcase> <!-- TC_Yatra_Payment_022 -->
  <testcase name="TC_Yatra_Payment_023" time="97.893" classname="com.Yatra.TestScript.Payment.PaymentTest">
    <failure type="java.lang.Exception" message="No such a field present on this page, Please check the expected list values:: btnChngeFlight">
      <![CDATA[java.lang.Exception: No such a field present on this page, Please check the expected list values:: btnChngeFlight
	at com.Yatra.Pages.ElementLayer.verifyPageElements(ElementLayer.java:48)
	at com.Yatra.TestScript.Payment.PaymentTest.TC_Yatra_Payment_023(PaymentTest.java:2574)
	at sun.reflect.NativeMethodAccessorImpl.invoke0(Native Method)
	at sun.reflect.NativeMethodAccessorImpl.invoke(Unknown Source)
	at sun.reflect.DelegatingMethodAccessorImpl.invoke(Unknown Source)
	at java.lang.reflect.Method.invoke(Unknown Source)
	at org.testng.internal.MethodInvocationHelper.invokeMethod(MethodInvocationHelper.java:85)
	at org.testng.internal.Invoker.invokeMethod(Invoker.java:639)
	at org.testng.internal.Invoker.invokeTestMethod(Invoker.java:816)
	at org.testng.internal.Invoker.invokeTestMethods(Invoker.java:1124)
	at org.testng.internal.TestMethodWorker.invokeTestMethods(TestMethodWorker.java:125)
	at org.testng.internal.TestMethodWorker.run(TestMethodWorker.java:108)
	at java.util.concurrent.ThreadPoolExecutor.runWorker(Unknown Source)
	at java.util.concurrent.ThreadPoolExecutor$Worker.run(Unknown Source)
	at java.lang.Thread.run(Unknown Source)
]]>
    </failure>
  </testcase> <!-- TC_Yatra_Payment_023 -->
  <testcase name="TC_Yatra_Payment_024" time="87.596" classname="com.Yatra.TestScript.Payment.PaymentTest">
    <failure type="java.lang.Exception" message="No such a field present on this page, Please check the expected list values:: btnChngeFlight">
      <![CDATA[java.lang.Exception: No such a field present on this page, Please check the expected list values:: btnChngeFlight
	at com.Yatra.Pages.ElementLayer.verifyPageElements(ElementLayer.java:48)
	at com.Yatra.TestScript.Payment.PaymentTest.TC_Yatra_Payment_024(PaymentTest.java:2660)
	at sun.reflect.NativeMethodAccessorImpl.invoke0(Native Method)
	at sun.reflect.NativeMethodAccessorImpl.invoke(Unknown Source)
	at sun.reflect.DelegatingMethodAccessorImpl.invoke(Unknown Source)
	at java.lang.reflect.Method.invoke(Unknown Source)
	at org.testng.internal.MethodInvocationHelper.invokeMethod(MethodInvocationHelper.java:85)
	at org.testng.internal.Invoker.invokeMethod(Invoker.java:639)
	at org.testng.internal.Invoker.invokeTestMethod(Invoker.java:816)
	at org.testng.internal.Invoker.invokeTestMethods(Invoker.java:1124)
	at org.testng.internal.TestMethodWorker.invokeTestMethods(TestMethodWorker.java:125)
	at org.testng.internal.TestMethodWorker.run(TestMethodWorker.java:108)
	at java.util.concurrent.ThreadPoolExecutor.runWorker(Unknown Source)
	at java.util.concurrent.ThreadPoolExecutor$Worker.run(Unknown Source)
	at java.lang.Thread.run(Unknown Source)
]]>
    </failure>
  </testcase> <!-- TC_Yatra_Payment_024 -->
  <testcase name="TC_Yatra_Payment_025" time="94.592" classname="com.Yatra.TestScript.Payment.PaymentTest">
    <failure type="java.lang.Exception" message="No such a field present on this page, Please check the expected list values:: btnChngeFlight">
      <![CDATA[java.lang.Exception: No such a field present on this page, Please check the expected list values:: btnChngeFlight
	at com.Yatra.Pages.ElementLayer.verifyPageElements(ElementLayer.java:48)
	at com.Yatra.TestScript.Payment.PaymentTest.TC_Yatra_Payment_025(PaymentTest.java:2747)
	at sun.reflect.NativeMethodAccessorImpl.invoke0(Native Method)
	at sun.reflect.NativeMethodAccessorImpl.invoke(Unknown Source)
	at sun.reflect.DelegatingMethodAccessorImpl.invoke(Unknown Source)
	at java.lang.reflect.Method.invoke(Unknown Source)
	at org.testng.internal.MethodInvocationHelper.invokeMethod(MethodInvocationHelper.java:85)
	at org.testng.internal.Invoker.invokeMethod(Invoker.java:639)
	at org.testng.internal.Invoker.invokeTestMethod(Invoker.java:816)
	at org.testng.internal.Invoker.invokeTestMethods(Invoker.java:1124)
	at org.testng.internal.TestMethodWorker.invokeTestMethods(TestMethodWorker.java:125)
	at org.testng.internal.TestMethodWorker.run(TestMethodWorker.java:108)
	at java.util.concurrent.ThreadPoolExecutor.runWorker(Unknown Source)
	at java.util.concurrent.ThreadPoolExecutor$Worker.run(Unknown Source)
	at java.lang.Thread.run(Unknown Source)
]]>
    </failure>
  </testcase> <!-- TC_Yatra_Payment_025 -->
  <testcase name="TC_Yatra_Payment_026" time="103.868" classname="com.Yatra.TestScript.Payment.PaymentTest">
    <failure type="java.lang.Exception" message="No such a field present on this page, Please check the expected list values:: btnChngeFlight">
      <![CDATA[java.lang.Exception: No such a field present on this page, Please check the expected list values:: btnChngeFlight
	at com.Yatra.Pages.ElementLayer.verifyPageElements(ElementLayer.java:48)
	at com.Yatra.TestScript.Payment.PaymentTest.TC_Yatra_Payment_026(PaymentTest.java:2833)
	at sun.reflect.NativeMethodAccessorImpl.invoke0(Native Method)
	at sun.reflect.NativeMethodAccessorImpl.invoke(Unknown Source)
	at sun.reflect.DelegatingMethodAccessorImpl.invoke(Unknown Source)
	at java.lang.reflect.Method.invoke(Unknown Source)
	at org.testng.internal.MethodInvocationHelper.invokeMethod(MethodInvocationHelper.java:85)
	at org.testng.internal.Invoker.invokeMethod(Invoker.java:639)
	at org.testng.internal.Invoker.invokeTestMethod(Invoker.java:816)
	at org.testng.internal.Invoker.invokeTestMethods(Invoker.java:1124)
	at org.testng.internal.TestMethodWorker.invokeTestMethods(TestMethodWorker.java:125)
	at org.testng.internal.TestMethodWorker.run(TestMethodWorker.java:108)
	at java.util.concurrent.ThreadPoolExecutor.runWorker(Unknown Source)
	at java.util.concurrent.ThreadPoolExecutor$Worker.run(Unknown Source)
	at java.lang.Thread.run(Unknown Source)
]]>
    </failure>
  </testcase> <!-- TC_Yatra_Payment_026 -->
  <testcase name="TC_Yatra_Payment_027" time="103.347" classname="com.Yatra.TestScript.Payment.PaymentTest">
    <failure type="java.lang.Exception" message="No such a field present on this page, Please check the expected list values:: btnChngeFlight">
      <![CDATA[java.lang.Exception: No such a field present on this page, Please check the expected list values:: btnChngeFlight
	at com.Yatra.Pages.ElementLayer.verifyPageElements(ElementLayer.java:48)
	at com.Yatra.TestScript.Payment.PaymentTest.TC_Yatra_Payment_027(PaymentTest.java:2919)
	at sun.reflect.NativeMethodAccessorImpl.invoke0(Native Method)
	at sun.reflect.NativeMethodAccessorImpl.invoke(Unknown Source)
	at sun.reflect.DelegatingMethodAccessorImpl.invoke(Unknown Source)
	at java.lang.reflect.Method.invoke(Unknown Source)
	at org.testng.internal.MethodInvocationHelper.invokeMethod(MethodInvocationHelper.java:85)
	at org.testng.internal.Invoker.invokeMethod(Invoker.java:639)
	at org.testng.internal.Invoker.invokeTestMethod(Invoker.java:816)
	at org.testng.internal.Invoker.invokeTestMethods(Invoker.java:1124)
	at org.testng.internal.TestMethodWorker.invokeTestMethods(TestMethodWorker.java:125)
	at org.testng.internal.TestMethodWorker.run(TestMethodWorker.java:108)
	at java.util.concurrent.ThreadPoolExecutor.runWorker(Unknown Source)
	at java.util.concurrent.ThreadPoolExecutor$Worker.run(Unknown Source)
	at java.lang.Thread.run(Unknown Source)
]]>
    </failure>
  </testcase> <!-- TC_Yatra_Payment_027 -->
  <testcase name="TC_Yatra_Payment_028" time="94.638" classname="com.Yatra.TestScript.Payment.PaymentTest">
    <failure type="java.lang.Exception" message="No such a field present on this page, Please check the expected list values:: btnChngeFlight">
      <![CDATA[java.lang.Exception: No such a field present on this page, Please check the expected list values:: btnChngeFlight
	at com.Yatra.Pages.ElementLayer.verifyPageElements(ElementLayer.java:48)
	at com.Yatra.TestScript.Payment.PaymentTest.TC_Yatra_Payment_028(PaymentTest.java:3006)
	at sun.reflect.NativeMethodAccessorImpl.invoke0(Native Method)
	at sun.reflect.NativeMethodAccessorImpl.invoke(Unknown Source)
	at sun.reflect.DelegatingMethodAccessorImpl.invoke(Unknown Source)
	at java.lang.reflect.Method.invoke(Unknown Source)
	at org.testng.internal.MethodInvocationHelper.invokeMethod(MethodInvocationHelper.java:85)
	at org.testng.internal.Invoker.invokeMethod(Invoker.java:639)
	at org.testng.internal.Invoker.invokeTestMethod(Invoker.java:816)
	at org.testng.internal.Invoker.invokeTestMethods(Invoker.java:1124)
	at org.testng.internal.TestMethodWorker.invokeTestMethods(TestMethodWorker.java:125)
	at org.testng.internal.TestMethodWorker.run(TestMethodWorker.java:108)
	at java.util.concurrent.ThreadPoolExecutor.runWorker(Unknown Source)
	at java.util.concurrent.ThreadPoolExecutor$Worker.run(Unknown Source)
	at java.lang.Thread.run(Unknown Source)
]]>
    </failure>
  </testcase> <!-- TC_Yatra_Payment_028 -->
  <testcase name="TC_Yatra_Payment_029" time="3810.718" classname="com.Yatra.TestScript.Payment.PaymentTest">
    <failure type="java.lang.AssertionError" message="ReviewPage didn&amp;apos;t open up">
      <![CDATA[java.lang.AssertionError: ReviewPage didn't open up
	at org.testng.Assert.fail(Assert.java:94)
	at com.Yatra.Utils.Log.fail(Log.java:546)
	at com.Yatra.Pages.ReviewPage.isLoaded(ReviewPage.java:266)
	at org.openqa.selenium.support.ui.LoadableComponent.get(LoadableComponent.java:52)
	at com.Yatra.Pages.SearchResult.clickOnBookNowInOneWay(SearchResult.java:671)
	at com.Yatra.TestScript.Payment.PaymentTest.TC_Yatra_Payment_029(PaymentTest.java:3096)
	at sun.reflect.NativeMethodAccessorImpl.invoke0(Native Method)
	at sun.reflect.NativeMethodAccessorImpl.invoke(Unknown Source)
	at sun.reflect.DelegatingMethodAccessorImpl.invoke(Unknown Source)
	at java.lang.reflect.Method.invoke(Unknown Source)
	at org.testng.internal.MethodInvocationHelper.invokeMethod(MethodInvocationHelper.java:85)
	at org.testng.internal.Invoker.invokeMethod(Invoker.java:639)
	at org.testng.internal.Invoker.invokeTestMethod(Invoker.java:816)
	at org.testng.internal.Invoker.invokeTestMethods(Invoker.java:1124)
	at org.testng.internal.TestMethodWorker.invokeTestMethods(TestMethodWorker.java:125)
	at org.testng.internal.TestMethodWorker.run(TestMethodWorker.java:108)
	at java.util.concurrent.ThreadPoolExecutor.runWorker(Unknown Source)
	at java.util.concurrent.ThreadPoolExecutor$Worker.run(Unknown Source)
	at java.lang.Thread.run(Unknown Source)
]]>
    </failure>
  </testcase> <!-- TC_Yatra_Payment_029 -->
  <testcase name="TC_Yatra_Payment_030" time="125.0" classname="com.Yatra.TestScript.Payment.PaymentTest">
    <failure type="java.lang.Exception" message="No such a field present on this page, Please check the expected list values:: btnChngeFlight">
      <![CDATA[java.lang.Exception: No such a field present on this page, Please check the expected list values:: btnChngeFlight
	at com.Yatra.Pages.ElementLayer.verifyPageElements(ElementLayer.java:48)
	at com.Yatra.TestScript.Payment.PaymentTest.TC_Yatra_Payment_030(PaymentTest.java:3236)
	at sun.reflect.NativeMethodAccessorImpl.invoke0(Native Method)
	at sun.reflect.NativeMethodAccessorImpl.invoke(Unknown Source)
	at sun.reflect.DelegatingMethodAccessorImpl.invoke(Unknown Source)
	at java.lang.reflect.Method.invoke(Unknown Source)
	at org.testng.internal.MethodInvocationHelper.invokeMethod(MethodInvocationHelper.java:85)
	at org.testng.internal.Invoker.invokeMethod(Invoker.java:639)
	at org.testng.internal.Invoker.invokeTestMethod(Invoker.java:816)
	at org.testng.internal.Invoker.invokeTestMethods(Invoker.java:1124)
	at org.testng.internal.TestMethodWorker.invokeTestMethods(TestMethodWorker.java:125)
	at org.testng.internal.TestMethodWorker.run(TestMethodWorker.java:108)
	at java.util.concurrent.ThreadPoolExecutor.runWorker(Unknown Source)
	at java.util.concurrent.ThreadPoolExecutor$Worker.run(Unknown Source)
	at java.lang.Thread.run(Unknown Source)
]]>
    </failure>
  </testcase> <!-- TC_Yatra_Payment_030 -->
  <testcase name="TC_Yatra_Payment_031" time="96.376" classname="com.Yatra.TestScript.Payment.PaymentTest">
    <failure type="java.lang.Exception" message="No such a field present on this page, Please check the expected list values:: btnChngeFlight">
      <![CDATA[java.lang.Exception: No such a field present on this page, Please check the expected list values:: btnChngeFlight
	at com.Yatra.Pages.ElementLayer.verifyPageElements(ElementLayer.java:48)
	at com.Yatra.TestScript.Payment.PaymentTest.TC_Yatra_Payment_031(PaymentTest.java:3379)
	at sun.reflect.NativeMethodAccessorImpl.invoke0(Native Method)
	at sun.reflect.NativeMethodAccessorImpl.invoke(Unknown Source)
	at sun.reflect.DelegatingMethodAccessorImpl.invoke(Unknown Source)
	at java.lang.reflect.Method.invoke(Unknown Source)
	at org.testng.internal.MethodInvocationHelper.invokeMethod(MethodInvocationHelper.java:85)
	at org.testng.internal.Invoker.invokeMethod(Invoker.java:639)
	at org.testng.internal.Invoker.invokeTestMethod(Invoker.java:816)
	at org.testng.internal.Invoker.invokeTestMethods(Invoker.java:1124)
	at org.testng.internal.TestMethodWorker.invokeTestMethods(TestMethodWorker.java:125)
	at org.testng.internal.TestMethodWorker.run(TestMethodWorker.java:108)
	at java.util.concurrent.ThreadPoolExecutor.runWorker(Unknown Source)
	at java.util.concurrent.ThreadPoolExecutor$Worker.run(Unknown Source)
	at java.lang.Thread.run(Unknown Source)
]]>
    </failure>
  </testcase> <!-- TC_Yatra_Payment_031 -->
  <testcase name="TC_Yatra_Payment_032" time="96.715" classname="com.Yatra.TestScript.Payment.PaymentTest">
    <failure type="java.lang.Exception" message="No such a field present on this page, Please check the expected list values:: btnChngeFlight">
      <![CDATA[java.lang.Exception: No such a field present on this page, Please check the expected list values:: btnChngeFlight
	at com.Yatra.Pages.ElementLayer.verifyPageElements(ElementLayer.java:48)
	at com.Yatra.TestScript.Payment.PaymentTest.TC_Yatra_Payment_032(PaymentTest.java:3488)
	at sun.reflect.NativeMethodAccessorImpl.invoke0(Native Method)
	at sun.reflect.NativeMethodAccessorImpl.invoke(Unknown Source)
	at sun.reflect.DelegatingMethodAccessorImpl.invoke(Unknown Source)
	at java.lang.reflect.Method.invoke(Unknown Source)
	at org.testng.internal.MethodInvocationHelper.invokeMethod(MethodInvocationHelper.java:85)
	at org.testng.internal.Invoker.invokeMethod(Invoker.java:639)
	at org.testng.internal.Invoker.invokeTestMethod(Invoker.java:816)
	at org.testng.internal.Invoker.invokeTestMethods(Invoker.java:1124)
	at org.testng.internal.TestMethodWorker.invokeTestMethods(TestMethodWorker.java:125)
	at org.testng.internal.TestMethodWorker.run(TestMethodWorker.java:108)
	at java.util.concurrent.ThreadPoolExecutor.runWorker(Unknown Source)
	at java.util.concurrent.ThreadPoolExecutor$Worker.run(Unknown Source)
	at java.lang.Thread.run(Unknown Source)
]]>
    </failure>
  </testcase> <!-- TC_Yatra_Payment_032 -->
  <testcase name="TC_Yatra_Payment_033" time="98.622" classname="com.Yatra.TestScript.Payment.PaymentTest">
    <failure type="java.lang.Exception" message="No such a field present on this page, Please check the expected list values:: btnChngeFlight">
      <![CDATA[java.lang.Exception: No such a field present on this page, Please check the expected list values:: btnChngeFlight
	at com.Yatra.Pages.ElementLayer.verifyPageElements(ElementLayer.java:48)
	at com.Yatra.TestScript.Payment.PaymentTest.TC_Yatra_Payment_033(PaymentTest.java:3598)
	at sun.reflect.NativeMethodAccessorImpl.invoke0(Native Method)
	at sun.reflect.NativeMethodAccessorImpl.invoke(Unknown Source)
	at sun.reflect.DelegatingMethodAccessorImpl.invoke(Unknown Source)
	at java.lang.reflect.Method.invoke(Unknown Source)
	at org.testng.internal.MethodInvocationHelper.invokeMethod(MethodInvocationHelper.java:85)
	at org.testng.internal.Invoker.invokeMethod(Invoker.java:639)
	at org.testng.internal.Invoker.invokeTestMethod(Invoker.java:816)
	at org.testng.internal.Invoker.invokeTestMethods(Invoker.java:1124)
	at org.testng.internal.TestMethodWorker.invokeTestMethods(TestMethodWorker.java:125)
	at org.testng.internal.TestMethodWorker.run(TestMethodWorker.java:108)
	at java.util.concurrent.ThreadPoolExecutor.runWorker(Unknown Source)
	at java.util.concurrent.ThreadPoolExecutor$Worker.run(Unknown Source)
	at java.lang.Thread.run(Unknown Source)
]]>
    </failure>
  </testcase> <!-- TC_Yatra_Payment_033 -->
  <testcase name="TC_Yatra_Payment_034" time="96.576" classname="com.Yatra.TestScript.Payment.PaymentTest">
    <failure type="java.lang.Exception" message="No such a field present on this page, Please check the expected list values:: btnChngeFlight">
      <![CDATA[java.lang.Exception: No such a field present on this page, Please check the expected list values:: btnChngeFlight
	at com.Yatra.Pages.ElementLayer.verifyPageElements(ElementLayer.java:48)
	at com.Yatra.TestScript.Payment.PaymentTest.TC_Yatra_Payment_034(PaymentTest.java:3709)
	at sun.reflect.NativeMethodAccessorImpl.invoke0(Native Method)
	at sun.reflect.NativeMethodAccessorImpl.invoke(Unknown Source)
	at sun.reflect.DelegatingMethodAccessorImpl.invoke(Unknown Source)
	at java.lang.reflect.Method.invoke(Unknown Source)
	at org.testng.internal.MethodInvocationHelper.invokeMethod(MethodInvocationHelper.java:85)
	at org.testng.internal.Invoker.invokeMethod(Invoker.java:639)
	at org.testng.internal.Invoker.invokeTestMethod(Invoker.java:816)
	at org.testng.internal.Invoker.invokeTestMethods(Invoker.java:1124)
	at org.testng.internal.TestMethodWorker.invokeTestMethods(TestMethodWorker.java:125)
	at org.testng.internal.TestMethodWorker.run(TestMethodWorker.java:108)
	at java.util.concurrent.ThreadPoolExecutor.runWorker(Unknown Source)
	at java.util.concurrent.ThreadPoolExecutor$Worker.run(Unknown Source)
	at java.lang.Thread.run(Unknown Source)
]]>
    </failure>
  </testcase> <!-- TC_Yatra_Payment_034 -->
  <testcase name="TC_Yatra_Payment_035" time="100.192" classname="com.Yatra.TestScript.Payment.PaymentTest">
    <failure type="java.lang.Exception" message="No such a field present on this page, Please check the expected list values:: btnChngeFlight">
      <![CDATA[java.lang.Exception: No such a field present on this page, Please check the expected list values:: btnChngeFlight
	at com.Yatra.Pages.ElementLayer.verifyPageElements(ElementLayer.java:48)
	at com.Yatra.TestScript.Payment.PaymentTest.TC_Yatra_Payment_035(PaymentTest.java:3818)
	at sun.reflect.NativeMethodAccessorImpl.invoke0(Native Method)
	at sun.reflect.NativeMethodAccessorImpl.invoke(Unknown Source)
	at sun.reflect.DelegatingMethodAccessorImpl.invoke(Unknown Source)
	at java.lang.reflect.Method.invoke(Unknown Source)
	at org.testng.internal.MethodInvocationHelper.invokeMethod(MethodInvocationHelper.java:85)
	at org.testng.internal.Invoker.invokeMethod(Invoker.java:639)
	at org.testng.internal.Invoker.invokeTestMethod(Invoker.java:816)
	at org.testng.internal.Invoker.invokeTestMethods(Invoker.java:1124)
	at org.testng.internal.TestMethodWorker.invokeTestMethods(TestMethodWorker.java:125)
	at org.testng.internal.TestMethodWorker.run(TestMethodWorker.java:108)
	at java.util.concurrent.ThreadPoolExecutor.runWorker(Unknown Source)
	at java.util.concurrent.ThreadPoolExecutor$Worker.run(Unknown Source)
	at java.lang.Thread.run(Unknown Source)
]]>
    </failure>
  </testcase> <!-- TC_Yatra_Payment_035 -->
  <testcase name="TC_Yatra_Payment_036" time="93.367" classname="com.Yatra.TestScript.Payment.PaymentTest">
    <failure type="java.lang.Exception" message="No such a field present on this page, Please check the expected list values:: btnChngeFlight">
      <![CDATA[java.lang.Exception: No such a field present on this page, Please check the expected list values:: btnChngeFlight
	at com.Yatra.Pages.ElementLayer.verifyPageElements(ElementLayer.java:48)
	at com.Yatra.TestScript.Payment.PaymentTest.TC_Yatra_Payment_036(PaymentTest.java:3929)
	at sun.reflect.NativeMethodAccessorImpl.invoke0(Native Method)
	at sun.reflect.NativeMethodAccessorImpl.invoke(Unknown Source)
	at sun.reflect.DelegatingMethodAccessorImpl.invoke(Unknown Source)
	at java.lang.reflect.Method.invoke(Unknown Source)
	at org.testng.internal.MethodInvocationHelper.invokeMethod(MethodInvocationHelper.java:85)
	at org.testng.internal.Invoker.invokeMethod(Invoker.java:639)
	at org.testng.internal.Invoker.invokeTestMethod(Invoker.java:816)
	at org.testng.internal.Invoker.invokeTestMethods(Invoker.java:1124)
	at org.testng.internal.TestMethodWorker.invokeTestMethods(TestMethodWorker.java:125)
	at org.testng.internal.TestMethodWorker.run(TestMethodWorker.java:108)
	at java.util.concurrent.ThreadPoolExecutor.runWorker(Unknown Source)
	at java.util.concurrent.ThreadPoolExecutor$Worker.run(Unknown Source)
	at java.lang.Thread.run(Unknown Source)
]]>
    </failure>
  </testcase> <!-- TC_Yatra_Payment_036 -->
  <testcase name="TC_Yatra_Payment_037" time="91.659" classname="com.Yatra.TestScript.Payment.PaymentTest">
    <failure type="java.lang.Exception" message="No such a field present on this page, Please check the expected list values:: btnChngeFlight">
      <![CDATA[java.lang.Exception: No such a field present on this page, Please check the expected list values:: btnChngeFlight
	at com.Yatra.Pages.ElementLayer.verifyPageElements(ElementLayer.java:48)
	at com.Yatra.TestScript.Payment.PaymentTest.TC_Yatra_Payment_037(PaymentTest.java:4041)
	at sun.reflect.NativeMethodAccessorImpl.invoke0(Native Method)
	at sun.reflect.NativeMethodAccessorImpl.invoke(Unknown Source)
	at sun.reflect.DelegatingMethodAccessorImpl.invoke(Unknown Source)
	at java.lang.reflect.Method.invoke(Unknown Source)
	at org.testng.internal.MethodInvocationHelper.invokeMethod(MethodInvocationHelper.java:85)
	at org.testng.internal.Invoker.invokeMethod(Invoker.java:639)
	at org.testng.internal.Invoker.invokeTestMethod(Invoker.java:816)
	at org.testng.internal.Invoker.invokeTestMethods(Invoker.java:1124)
	at org.testng.internal.TestMethodWorker.invokeTestMethods(TestMethodWorker.java:125)
	at org.testng.internal.TestMethodWorker.run(TestMethodWorker.java:108)
	at java.util.concurrent.ThreadPoolExecutor.runWorker(Unknown Source)
	at java.util.concurrent.ThreadPoolExecutor$Worker.run(Unknown Source)
	at java.lang.Thread.run(Unknown Source)
]]>
    </failure>
  </testcase> <!-- TC_Yatra_Payment_037 -->
  <testcase name="TC_Yatra_Payment_038" time="93.284" classname="com.Yatra.TestScript.Payment.PaymentTest">
    <failure type="java.lang.Exception" message="No such a field present on this page, Please check the expected list values:: btnChngeFlight">
      <![CDATA[java.lang.Exception: No such a field present on this page, Please check the expected list values:: btnChngeFlight
	at com.Yatra.Pages.ElementLayer.verifyPageElements(ElementLayer.java:48)
	at com.Yatra.TestScript.Payment.PaymentTest.TC_Yatra_Payment_038(PaymentTest.java:4152)
	at sun.reflect.NativeMethodAccessorImpl.invoke0(Native Method)
	at sun.reflect.NativeMethodAccessorImpl.invoke(Unknown Source)
	at sun.reflect.DelegatingMethodAccessorImpl.invoke(Unknown Source)
	at java.lang.reflect.Method.invoke(Unknown Source)
	at org.testng.internal.MethodInvocationHelper.invokeMethod(MethodInvocationHelper.java:85)
	at org.testng.internal.Invoker.invokeMethod(Invoker.java:639)
	at org.testng.internal.Invoker.invokeTestMethod(Invoker.java:816)
	at org.testng.internal.Invoker.invokeTestMethods(Invoker.java:1124)
	at org.testng.internal.TestMethodWorker.invokeTestMethods(TestMethodWorker.java:125)
	at org.testng.internal.TestMethodWorker.run(TestMethodWorker.java:108)
	at java.util.concurrent.ThreadPoolExecutor.runWorker(Unknown Source)
	at java.util.concurrent.ThreadPoolExecutor$Worker.run(Unknown Source)
	at java.lang.Thread.run(Unknown Source)
]]>
    </failure>
  </testcase> <!-- TC_Yatra_Payment_038 -->
  <testcase name="TC_Yatra_Payment_039" time="90.609" classname="com.Yatra.TestScript.Payment.PaymentTest">
    <failure type="java.lang.Exception" message="No such a field present on this page, Please check the expected list values:: btnChngeFlight">
      <![CDATA[java.lang.Exception: No such a field present on this page, Please check the expected list values:: btnChngeFlight
	at com.Yatra.Pages.ElementLayer.verifyPageElements(ElementLayer.java:48)
	at com.Yatra.TestScript.Payment.PaymentTest.TC_Yatra_Payment_039(PaymentTest.java:4262)
	at sun.reflect.NativeMethodAccessorImpl.invoke0(Native Method)
	at sun.reflect.NativeMethodAccessorImpl.invoke(Unknown Source)
	at sun.reflect.DelegatingMethodAccessorImpl.invoke(Unknown Source)
	at java.lang.reflect.Method.invoke(Unknown Source)
	at org.testng.internal.MethodInvocationHelper.invokeMethod(MethodInvocationHelper.java:85)
	at org.testng.internal.Invoker.invokeMethod(Invoker.java:639)
	at org.testng.internal.Invoker.invokeTestMethod(Invoker.java:816)
	at org.testng.internal.Invoker.invokeTestMethods(Invoker.java:1124)
	at org.testng.internal.TestMethodWorker.invokeTestMethods(TestMethodWorker.java:125)
	at org.testng.internal.TestMethodWorker.run(TestMethodWorker.java:108)
	at java.util.concurrent.ThreadPoolExecutor.runWorker(Unknown Source)
	at java.util.concurrent.ThreadPoolExecutor$Worker.run(Unknown Source)
	at java.lang.Thread.run(Unknown Source)
]]>
    </failure>
  </testcase> <!-- TC_Yatra_Payment_039 -->
  <testcase name="TC_Yatra_Payment_040" time="98.753" classname="com.Yatra.TestScript.Payment.PaymentTest">
    <failure type="java.lang.Exception" message="No such a field present on this page, Please check the expected list values:: btnChngeFlight">
      <![CDATA[java.lang.Exception: No such a field present on this page, Please check the expected list values:: btnChngeFlight
	at com.Yatra.Pages.ElementLayer.verifyPageElements(ElementLayer.java:48)
	at com.Yatra.TestScript.Payment.PaymentTest.TC_Yatra_Payment_040(PaymentTest.java:4371)
	at sun.reflect.NativeMethodAccessorImpl.invoke0(Native Method)
	at sun.reflect.NativeMethodAccessorImpl.invoke(Unknown Source)
	at sun.reflect.DelegatingMethodAccessorImpl.invoke(Unknown Source)
	at java.lang.reflect.Method.invoke(Unknown Source)
	at org.testng.internal.MethodInvocationHelper.invokeMethod(MethodInvocationHelper.java:85)
	at org.testng.internal.Invoker.invokeMethod(Invoker.java:639)
	at org.testng.internal.Invoker.invokeTestMethod(Invoker.java:816)
	at org.testng.internal.Invoker.invokeTestMethods(Invoker.java:1124)
	at org.testng.internal.TestMethodWorker.invokeTestMethods(TestMethodWorker.java:125)
	at org.testng.internal.TestMethodWorker.run(TestMethodWorker.java:108)
	at java.util.concurrent.ThreadPoolExecutor.runWorker(Unknown Source)
	at java.util.concurrent.ThreadPoolExecutor$Worker.run(Unknown Source)
	at java.lang.Thread.run(Unknown Source)
]]>
    </failure>
  </testcase> <!-- TC_Yatra_Payment_040 -->
  <testcase name="TC_Yatra_Payment_041" time="93.526" classname="com.Yatra.TestScript.Payment.PaymentTest">
    <failure type="java.lang.Exception" message="No such a field present on this page, Please check the expected list values:: btnChngeFlight">
      <![CDATA[java.lang.Exception: No such a field present on this page, Please check the expected list values:: btnChngeFlight
	at com.Yatra.Pages.ElementLayer.verifyPageElements(ElementLayer.java:48)
	at com.Yatra.TestScript.Payment.PaymentTest.TC_Yatra_Payment_041(PaymentTest.java:4481)
	at sun.reflect.NativeMethodAccessorImpl.invoke0(Native Method)
	at sun.reflect.NativeMethodAccessorImpl.invoke(Unknown Source)
	at sun.reflect.DelegatingMethodAccessorImpl.invoke(Unknown Source)
	at java.lang.reflect.Method.invoke(Unknown Source)
	at org.testng.internal.MethodInvocationHelper.invokeMethod(MethodInvocationHelper.java:85)
	at org.testng.internal.Invoker.invokeMethod(Invoker.java:639)
	at org.testng.internal.Invoker.invokeTestMethod(Invoker.java:816)
	at org.testng.internal.Invoker.invokeTestMethods(Invoker.java:1124)
	at org.testng.internal.TestMethodWorker.invokeTestMethods(TestMethodWorker.java:125)
	at org.testng.internal.TestMethodWorker.run(TestMethodWorker.java:108)
	at java.util.concurrent.ThreadPoolExecutor.runWorker(Unknown Source)
	at java.util.concurrent.ThreadPoolExecutor$Worker.run(Unknown Source)
	at java.lang.Thread.run(Unknown Source)
]]>
    </failure>
  </testcase> <!-- TC_Yatra_Payment_041 -->
  <testcase name="TC_Yatra_Payment_042" time="96.502" classname="com.Yatra.TestScript.Payment.PaymentTest">
    <failure type="java.lang.Exception" message="No such a field present on this page, Please check the expected list values:: btnChngeFlight">
      <![CDATA[java.lang.Exception: No such a field present on this page, Please check the expected list values:: btnChngeFlight
	at com.Yatra.Pages.ElementLayer.verifyPageElements(ElementLayer.java:48)
	at com.Yatra.TestScript.Payment.PaymentTest.TC_Yatra_Payment_042(PaymentTest.java:4597)
	at sun.reflect.NativeMethodAccessorImpl.invoke0(Native Method)
	at sun.reflect.NativeMethodAccessorImpl.invoke(Unknown Source)
	at sun.reflect.DelegatingMethodAccessorImpl.invoke(Unknown Source)
	at java.lang.reflect.Method.invoke(Unknown Source)
	at org.testng.internal.MethodInvocationHelper.invokeMethod(MethodInvocationHelper.java:85)
	at org.testng.internal.Invoker.invokeMethod(Invoker.java:639)
	at org.testng.internal.Invoker.invokeTestMethod(Invoker.java:816)
	at org.testng.internal.Invoker.invokeTestMethods(Invoker.java:1124)
	at org.testng.internal.TestMethodWorker.invokeTestMethods(TestMethodWorker.java:125)
	at org.testng.internal.TestMethodWorker.run(TestMethodWorker.java:108)
	at java.util.concurrent.ThreadPoolExecutor.runWorker(Unknown Source)
	at java.util.concurrent.ThreadPoolExecutor$Worker.run(Unknown Source)
	at java.lang.Thread.run(Unknown Source)
]]>
    </failure>
  </testcase> <!-- TC_Yatra_Payment_042 -->
  <testcase name="TC_Yatra_Payment_043" time="93.316" classname="com.Yatra.TestScript.Payment.PaymentTest">
    <failure type="java.lang.Exception" message="No such a field present on this page, Please check the expected list values:: btnChngeFlight">
      <![CDATA[java.lang.Exception: No such a field present on this page, Please check the expected list values:: btnChngeFlight
	at com.Yatra.Pages.ElementLayer.verifyPageElements(ElementLayer.java:48)
	at com.Yatra.TestScript.Payment.PaymentTest.TC_Yatra_Payment_043(PaymentTest.java:4712)
	at sun.reflect.NativeMethodAccessorImpl.invoke0(Native Method)
	at sun.reflect.NativeMethodAccessorImpl.invoke(Unknown Source)
	at sun.reflect.DelegatingMethodAccessorImpl.invoke(Unknown Source)
	at java.lang.reflect.Method.invoke(Unknown Source)
	at org.testng.internal.MethodInvocationHelper.invokeMethod(MethodInvocationHelper.java:85)
	at org.testng.internal.Invoker.invokeMethod(Invoker.java:639)
	at org.testng.internal.Invoker.invokeTestMethod(Invoker.java:816)
	at org.testng.internal.Invoker.invokeTestMethods(Invoker.java:1124)
	at org.testng.internal.TestMethodWorker.invokeTestMethods(TestMethodWorker.java:125)
	at org.testng.internal.TestMethodWorker.run(TestMethodWorker.java:108)
	at java.util.concurrent.ThreadPoolExecutor.runWorker(Unknown Source)
	at java.util.concurrent.ThreadPoolExecutor$Worker.run(Unknown Source)
	at java.lang.Thread.run(Unknown Source)
]]>
    </failure>
  </testcase> <!-- TC_Yatra_Payment_043 -->
  <testcase name="TC_Yatra_Payment_044" time="186.541" classname="com.Yatra.TestScript.Payment.PaymentTest">
    <failure type="java.lang.AssertionError" message="Search Result page didn&amp;apos;t open up">
      <![CDATA[java.lang.AssertionError: Search Result page didn't open up
	at org.testng.Assert.fail(Assert.java:94)
	at com.Yatra.Utils.Log.fail(Log.java:546)
	at com.Yatra.Pages.SearchResult.isLoaded(SearchResult.java:603)
	at org.openqa.selenium.support.ui.LoadableComponent.get(LoadableComponent.java:52)
	at com.Yatra.Pages.HomePage.clickBtnSearch(HomePage.java:340)
	at com.Yatra.TestScript.Payment.PaymentTest.TC_Yatra_Payment_044(PaymentTest.java:4817)
	at sun.reflect.NativeMethodAccessorImpl.invoke0(Native Method)
	at sun.reflect.NativeMethodAccessorImpl.invoke(Unknown Source)
	at sun.reflect.DelegatingMethodAccessorImpl.invoke(Unknown Source)
	at java.lang.reflect.Method.invoke(Unknown Source)
	at org.testng.internal.MethodInvocationHelper.invokeMethod(MethodInvocationHelper.java:85)
	at org.testng.internal.Invoker.invokeMethod(Invoker.java:639)
	at org.testng.internal.Invoker.invokeTestMethod(Invoker.java:816)
	at org.testng.internal.Invoker.invokeTestMethods(Invoker.java:1124)
	at org.testng.internal.TestMethodWorker.invokeTestMethods(TestMethodWorker.java:125)
	at org.testng.internal.TestMethodWorker.run(TestMethodWorker.java:108)
	at java.util.concurrent.ThreadPoolExecutor.runWorker(Unknown Source)
	at java.util.concurrent.ThreadPoolExecutor$Worker.run(Unknown Source)
	at java.lang.Thread.run(Unknown Source)
]]>
    </failure>
  </testcase> <!-- TC_Yatra_Payment_044 -->
  <testcase name="TC_Yatra_Payment_045" time="110.38" classname="com.Yatra.TestScript.Payment.PaymentTest">
    <failure type="java.lang.Exception" message="No such a field present on this page, Please check the expected list values:: btnChngeFlight">
      <![CDATA[java.lang.Exception: No such a field present on this page, Please check the expected list values:: btnChngeFlight
	at com.Yatra.Pages.ElementLayer.verifyPageElements(ElementLayer.java:48)
	at com.Yatra.TestScript.Payment.PaymentTest.TC_Yatra_Payment_045(PaymentTest.java:4943)
	at sun.reflect.NativeMethodAccessorImpl.invoke0(Native Method)
	at sun.reflect.NativeMethodAccessorImpl.invoke(Unknown Source)
	at sun.reflect.DelegatingMethodAccessorImpl.invoke(Unknown Source)
	at java.lang.reflect.Method.invoke(Unknown Source)
	at org.testng.internal.MethodInvocationHelper.invokeMethod(MethodInvocationHelper.java:85)
	at org.testng.internal.Invoker.invokeMethod(Invoker.java:639)
	at org.testng.internal.Invoker.invokeTestMethod(Invoker.java:816)
	at org.testng.internal.Invoker.invokeTestMethods(Invoker.java:1124)
	at org.testng.internal.TestMethodWorker.invokeTestMethods(TestMethodWorker.java:125)
	at org.testng.internal.TestMethodWorker.run(TestMethodWorker.java:108)
	at java.util.concurrent.ThreadPoolExecutor.runWorker(Unknown Source)
	at java.util.concurrent.ThreadPoolExecutor$Worker.run(Unknown Source)
	at java.lang.Thread.run(Unknown Source)
]]>
    </failure>
  </testcase> <!-- TC_Yatra_Payment_045 -->
  <testcase name="TC_Yatra_Payment_046" time="94.66" classname="com.Yatra.TestScript.Payment.PaymentTest">
    <failure type="java.lang.Exception" message="No such a field present on this page, Please check the expected list values:: btnChngeFlight">
      <![CDATA[java.lang.Exception: No such a field present on this page, Please check the expected list values:: btnChngeFlight
	at com.Yatra.Pages.ElementLayer.verifyPageElements(ElementLayer.java:48)
	at com.Yatra.TestScript.Payment.PaymentTest.TC_Yatra_Payment_046(PaymentTest.java:5062)
	at sun.reflect.NativeMethodAccessorImpl.invoke0(Native Method)
	at sun.reflect.NativeMethodAccessorImpl.invoke(Unknown Source)
	at sun.reflect.DelegatingMethodAccessorImpl.invoke(Unknown Source)
	at java.lang.reflect.Method.invoke(Unknown Source)
	at org.testng.internal.MethodInvocationHelper.invokeMethod(MethodInvocationHelper.java:85)
	at org.testng.internal.Invoker.invokeMethod(Invoker.java:639)
	at org.testng.internal.Invoker.invokeTestMethod(Invoker.java:816)
	at org.testng.internal.Invoker.invokeTestMethods(Invoker.java:1124)
	at org.testng.internal.TestMethodWorker.invokeTestMethods(TestMethodWorker.java:125)
	at org.testng.internal.TestMethodWorker.run(TestMethodWorker.java:108)
	at java.util.concurrent.ThreadPoolExecutor.runWorker(Unknown Source)
	at java.util.concurrent.ThreadPoolExecutor$Worker.run(Unknown Source)
	at java.lang.Thread.run(Unknown Source)
]]>
    </failure>
  </testcase> <!-- TC_Yatra_Payment_046 -->
  <testcase name="TC_Yatra_Payment_047" time="95.993" classname="com.Yatra.TestScript.Payment.PaymentTest">
    <failure type="java.lang.Exception" message="No such a field present on this page, Please check the expected list values:: btnChngeFlight">
      <![CDATA[java.lang.Exception: No such a field present on this page, Please check the expected list values:: btnChngeFlight
	at com.Yatra.Pages.ElementLayer.verifyPageElements(ElementLayer.java:48)
	at com.Yatra.TestScript.Payment.PaymentTest.TC_Yatra_Payment_047(PaymentTest.java:5181)
	at sun.reflect.NativeMethodAccessorImpl.invoke0(Native Method)
	at sun.reflect.NativeMethodAccessorImpl.invoke(Unknown Source)
	at sun.reflect.DelegatingMethodAccessorImpl.invoke(Unknown Source)
	at java.lang.reflect.Method.invoke(Unknown Source)
	at org.testng.internal.MethodInvocationHelper.invokeMethod(MethodInvocationHelper.java:85)
	at org.testng.internal.Invoker.invokeMethod(Invoker.java:639)
	at org.testng.internal.Invoker.invokeTestMethod(Invoker.java:816)
	at org.testng.internal.Invoker.invokeTestMethods(Invoker.java:1124)
	at org.testng.internal.TestMethodWorker.invokeTestMethods(TestMethodWorker.java:125)
	at org.testng.internal.TestMethodWorker.run(TestMethodWorker.java:108)
	at java.util.concurrent.ThreadPoolExecutor.runWorker(Unknown Source)
	at java.util.concurrent.ThreadPoolExecutor$Worker.run(Unknown Source)
	at java.lang.Thread.run(Unknown Source)
]]>
    </failure>
  </testcase> <!-- TC_Yatra_Payment_047 -->
</testsuite> <!-- Payment -->
