
<!DOCTYPE html>
<html>
<head>
<!--
ExtentReports Library 2.40.2 | http://relevantcodes.com/extentreports-for-selenium/ | https://github.com/anshooarora/
Copyright (c) 2015, Anshoo Arora (Relevant Codes) | Copyrights licensed under the New BSD License | http://opensource.org/licenses/BSD-3-Clause
Documentation: http://extentreports.relevantcodes.com 
-->

<meta charset='UTF-8' /> 
<meta name='description' content='ExtentReports (by Anshoo Arora) is a reporting library for automation testing for .NET and Java. It creates detailed and beautiful HTML reports for modern browsers. ExtentReports shows test and step summary along with dashboards, system and environment details for quick analysis of your tests.' />
<meta name='robots' content='noodp, noydir' />
<meta name='viewport' content='width=device-width, initial-scale=1' />

<title>
Yatra Test Automation Report
</title>


<link href='https://fonts.googleapis.com/css?family=Source+Sans+Pro:400,600' rel='stylesheet' type='text/css'>
<link href='https://cdn.rawgit.com/anshooarora/extentreports/e4f8ea1de961161791c01b99a71a1e17f81125cf/cdn/extent.css' type='text/css' rel='stylesheet' />

<style>

      
        .stacktrace {white-space: pre-wrap;}
      
    
</style>
</head>


<body class='extent standard hide-overflow'>
<!-- nav -->
<nav>
<div class='logo-container'>
<a class='logo-content' href='http://extentreports.relevantcodes.com'>
<span>ExtentReports</span>
</a>
<a href='#' data-activates='slide-out' class='button-collapse hide-on-large-only'><i class='mdi-navigation-apps'></i></a>
</div>
<ul id='slide-out' class='side-nav fixed hide-on-med-and-down'>
<li class='analysis waves-effect active'><a href='#!' class='test-view' onclick="_updateCurrentStage(0)"><i class='mdi-action-dashboard'></i>Test Details</a></li>
<li class='analysis waves-effect'><a href='#!' class='categories-view' onclick="_updateCurrentStage(1)"><i class='mdi-maps-local-offer'></i>Categories</a></li>
<li class='analysis waves-effect'><a href='#!' class='dashboard-view'><i class='mdi-action-track-changes'></i></i>Analysis</a></li>
</ul>
<span class='report-name'>Automation Report</span> <span class='report-headline'></span>
<ul class='right hide-on-med-and-down nav-right'>
<li class='theme-selector' alt='Click to toggle dark theme. To enable by default, use js configuration $("body").addClass("dark");' title='Click to toggle dark theme. To enable by default, use js configuration $("body").addClass("dark");'>
<i class='mdi-hardware-desktop-windows'></i>
</li>
<li>
<span class='suite-started-time'>30-03-2017 06:13:51 PM</span>
</li>
<li>
<span>v2.40.2</span>
</li>
</ul>
</nav>
<!-- /nav -->

<!-- container -->
<div class='container'>

<!-- dashboard -->
<div id='dashboard-view' class='row'>
<div class='time-totals'>
<div class='col l2 m4 s6'>
<div class='card suite-total-tests'> 
<span class='panel-name'>Total Tests</span> 
<span class='total-tests'> <span class='panel-lead'></span> </span> 
</div> 
</div>
<div class='col l2 m4 s6'>
<div class='card suite-total-steps'> 
<span class='panel-name'>Total Steps</span> 
<span class='total-steps'> <span class='panel-lead'></span> </span> 
</div> 
</div>
<div class='col l2 m4 s12'>
<div class='card suite-total-time-current'> 
<span class='panel-name'>Total Time Taken (Current Run)</span> 
<span class='suite-total-time-current-value panel-lead'>0h 0m 1s+550ms</span> 
</div> 
</div>
<div class='col l2 m4 s12'>
<div class='card suite-total-time-overall'> 
<span class='panel-name'>Total Time Taken (Overall)</span> 
<span class='suite-total-time-overall-value panel-lead'>0h 0m 1s+550ms</span> 
</div> 
</div>
<div class='col l2 m4 s6 suite-start-time'>
<div class='card accent green-accent'> 
<span class='panel-name'>Start</span> 
<span class='panel-lead suite-started-time'>30-03-2017 06:13:50 PM</span> 
</div> 
</div>
<div class='col l2 m4 s6 suite-end-time'>
<div class='card accent pink-accent'> 
<span class='panel-name'>End</span> 
<span class='panel-lead suite-ended-time'>30-03-2017 06:13:51 PM</span> 
</div> 
</div>
</div>
<div class='charts'>
<div class='col s12 m6 l4 fh'> 
<div class='card-panel'> 
<div>
<span class='panel-name'>Tests View</span>
</div> 
<div class='panel-setting modal-trigger test-count-setting right'>
<a href='#test-count-setting'><i class='mdi-navigation-more-vert text-md'></i></a>
</div> 
<div class='chart-box'>
<canvas class='text-centered' id='test-analysis'></canvas>
</div> 
<div>
<span class='weight-light'><span class='t-pass-count weight-normal'></span> test(s) passed</span>
</div> 
<div>
<span class='weight-light'><span class='t-fail-count weight-normal'></span> test(s) failed, <span class='t-others-count weight-normal'></span> others</span>
</div> 
</div> 
</div> 
<div class='col s12 m6 l4 fh'> 
<div class='card-panel'> 
<div>
<span class='panel-name'>Steps View</span>
</div> 
<div class='panel-setting modal-trigger step-status-filter right'>
<a href='#step-status-filter'><i class='mdi-navigation-more-vert text-md'></i></a>
</div> 
<div class='chart-box'>
<canvas class='text-centered' id='step-analysis'></canvas>
</div> 
<div>
<span class='weight-light'><span class='s-pass-count weight-normal'></span> step(s) passed </span>
</div> 
<div>
<span class='weight-light'><span class='s-fail-count weight-normal'></span> step(s) failed, <span class='s-others-count weight-normal'></span> others</span>
</div> 
</div> 
</div>
<div class='col s12 m12 l4 fh'> 
<div class='card-panel'> 
<span class='panel-name'>Pass Percentage</span> 
<span class='pass-percentage panel-lead'></span> 
<div class='progress light-blue lighten-3'> 
<div class='determinate light-blue'></div> 
</div> 
</div> 
</div>
</div>
<div class='system-view'>
<div class='col l4 m12 s12'>
<div class='card-panel'>
<span class='label info outline right'>Environment</span>
<table>
<thead>
<tr>
<th>Param</th>
<th>Value</th>
</tr>
</thead>
<tbody>
<tr>
<td>OS</td>
<td>Windows 7</td>
</tr>
<tr>
<td>User Name</td>
<td>harveer.singh</td>
</tr>
<tr>
<td>Java Version</td>
<td>1.8.0_60</td>
</tr>
<tr>
<td>Host Name</td>
<td>asplapggnr1</td>
</tr>
</tbody>
</table>
</div>
</div>
</div>
<div class='category-summary-view'>
<div class='col l4 m6 s12'>
<div class='card-panel'>
<span class='label info outline right'>Categories</span>
<table>
<thead>
<tr>
<th>Name</th>
</tr>
</thead>
<tbody>
<tr>
<td>
desktop
</td>
</tr>
</tbody>
</table>
</div>
</div>
</div>
</div>
<!-- /dashboard -->

<!-- tests -->
<div id='test-view' class='row _addedTable'>
<div class='col _addedCell1'>
<div class='contents'>
<div class='card-panel heading'>
<h5>Tests</h5>
</div>
<div class='card-panel filters'>
<div>
<a data-activates='tests-toggle' data-constrainwidth='true' data-beloworigin='true' data-hover='true' href='#' class='dropdown-button button tests-toggle'><i class='mdi-action-subject icon'></i></a>
<ul id='tests-toggle' class='dropdown-content'>
<li class='pass'><a href='#!'>Pass</a></li>
<li class='fail'><a href='#!'>Fail</a></li>
<li class='skip'><a href='#!'>Skip</a></li>
<li class='divider'></li>
<li class='clear'><a href='#!'>Clear Filters</a></li>
</ul>
</div>
<div>
<a data-activates='category-toggle' data-constrainwidth='false' data-beloworigin='true' data-hover='true' href='#' class='category-toggle dropdown-button button'><i class='mdi-maps-local-offer icon'></i></a>
<ul id='category-toggle' class='dropdown-content'>
<li class='desktop'><a href='#!'>desktop</a></li>
<li class='divider'></li>
<li class='clear'><a href='#!'>Clear Filters</a></li>
</ul>
</div>
<div>
<a id='clear-filters' alt='Clear Filters' title='Clear Filters'><i class='mdi-navigation-close icon'></i></a>
</div>
<div>&nbsp;&middot;&nbsp;</div>
<div>
<a id='enableDashboard' alt='Enable Dashboard' title='Enable Dashboard'><i class='mdi-action-track-changes icon'></i></a>
</div>
<div>
<a id='refreshCharts' alt='Refresh Charts on Filters' title='Refresh Charts on Filters' class='enabled'><i class='mdi-navigation-refresh icon'></i></i></a>
</div>
<div>&nbsp;&middot;</div>
<div class='search' alt='Search Tests' title='Search Tests'>
<div class='input-field left'>
<input id='searchTests' type='text' class='validate' placeholder='Search Tests...'>
</div>
<i class='mdi-action-search icon'></i>
</div>
</div>
<div class='card-panel no-padding-h no-padding-v no-margin-v'>
<div class='wrapper'>
<ul id='test-collection' class='test-collection'>
<li class='collection-item test displayed active skip ' extentid='ce6b29a7-afd8-4792-a2e1-a0dd942d9b97'>
<div class='test-head'>
<span class='test-name'>com.Yatra.TestScript.Flights.FlightPricing#TC_Yatra_Flight_087 </span>
<span class='test-status label right outline capitalize skip'>skip</span>
<span class='category-assigned hide  desktop'></span>
</div>
<div class='test-body'>
<div class='test-info'>
<span title='Test started time' alt='Test started time' class='test-started-time label green lighten-1 text-white'>30-03-2017 06:13:50 PM</span>
<span title='Test ended time' alt='Test ended time' class='test-ended-time label red lighten-1 text-white'>30-03-2017 06:13:50 PM</span>
<span title='Time taken to finish' alt='Time taken to finish' class='test-time-taken label blue-grey lighten-3 text-white'>0h 0m 0s+436ms</span>
</div>
<div class='test-desc'></div>
<div class='test-attributes'>
<div class='categories'>
<span class='category text-white'>desktop</span>
</div>
</div>
<div class='test-steps'>
<table class='bordered table-results'>
<thead>
<tr>
<th>Status</th>
<th>Timestamp</th>
<th>Details</th>
</tr>
</thead>
<tbody>
<tr>
<td class='status unknown' title='unknown' alt='unknown'><i class='mdi-action-help'></i></td>
<td class='timestamp'>06:13:50 PM</td>
<td class='step-details'>TestCaseID:: TC_Yatra_Flight_087</td>
</tr>
<tr>
<td class='status skip' title='skip' alt='skip'><i class='mdi-content-redo'></i></td>
<td class='timestamp'>06:13:50 PM</td>
<td class='step-details'><div class="stacktrace">org.testng.SkipException: Node is not started or down.
at com.Yatra.Utils.WebDriverFactory.get(WebDriverFactory.java:430)
at com.Yatra.Utils.WebDriverFactory.get(WebDriverFactory.java:226)
at com.Yatra.TestScript.Flights.FlightPricing.TC_Yatra_Flight_087(FlightPricing.java:64)
at sun.reflect.NativeMethodAccessorImpl.invoke0(Native Method)
at sun.reflect.NativeMethodAccessorImpl.invoke(NativeMethodAccessorImpl.java:62)
at sun.reflect.DelegatingMethodAccessorImpl.invoke(DelegatingMethodAccessorImpl.java:43)
at java.lang.reflect.Method.invoke(Method.java:497)
at org.testng.internal.MethodInvocationHelper.invokeMethod(MethodInvocationHelper.java:85)
at org.testng.internal.Invoker.invokeMethod(Invoker.java:639)
at org.testng.internal.Invoker.invokeTestMethod(Invoker.java:816)
at org.testng.internal.Invoker.invokeTestMethods(Invoker.java:1124)
at org.testng.internal.TestMethodWorker.invokeTestMethods(TestMethodWorker.java:125)
at org.testng.internal.TestMethodWorker.run(TestMethodWorker.java:108)
at org.testng.TestRunner.privateRun(TestRunner.java:774)
at org.testng.TestRunner.run(TestRunner.java:624)
at org.testng.SuiteRunner.runTest(SuiteRunner.java:359)
at org.testng.SuiteRunner.runSequentially(SuiteRunner.java:354)
at org.testng.SuiteRunner.privateRun(SuiteRunner.java:312)
at org.testng.SuiteRunner.run(SuiteRunner.java:261)
at org.testng.SuiteRunnerWorker.runSuite(SuiteRunnerWorker.java:52)
at org.testng.SuiteRunnerWorker.run(SuiteRunnerWorker.java:86)
at org.testng.TestNG.runSuitesSequentially(TestNG.java:1191)
at org.testng.TestNG.runSuitesLocally(TestNG.java:1116)
at org.testng.TestNG.run(TestNG.java:1024)
at org.testng.remote.RemoteTestNG.run(RemoteTestNG.java:112)
at org.testng.remote.RemoteTestNG.initAndRun(RemoteTestNG.java:205)
at org.testng.remote.RemoteTestNG.main(RemoteTestNG.java:176)
</div></td>
</tr>
</tbody>
</table>
<ul class='collapsible node-list' data-collapsible='accordion'>
</ul>
</div>
</div>
</li>
<li class='collection-item test displayed active skip ' extentid='ed25a399-143e-4311-be6b-2ec3cae3e1b4'>
<div class='test-head'>
<span class='test-name'>com.Yatra.TestScript.Flights.FlightPricing#TC_Yatra_Flight_088 </span>
<span class='test-status label right outline capitalize skip'>skip</span>
<span class='category-assigned hide  desktop'></span>
</div>
<div class='test-body'>
<div class='test-info'>
<span title='Test started time' alt='Test started time' class='test-started-time label green lighten-1 text-white'>30-03-2017 06:13:50 PM</span>
<span title='Test ended time' alt='Test ended time' class='test-ended-time label red lighten-1 text-white'>30-03-2017 06:13:50 PM</span>
<span title='Time taken to finish' alt='Time taken to finish' class='test-time-taken label blue-grey lighten-3 text-white'>0h 0m 0s+18ms</span>
</div>
<div class='test-desc'></div>
<div class='test-attributes'>
<div class='categories'>
<span class='category text-white'>desktop</span>
</div>
</div>
<div class='test-steps'>
<table class='bordered table-results'>
<thead>
<tr>
<th>Status</th>
<th>Timestamp</th>
<th>Details</th>
</tr>
</thead>
<tbody>
<tr>
<td class='status unknown' title='unknown' alt='unknown'><i class='mdi-action-help'></i></td>
<td class='timestamp'>06:13:50 PM</td>
<td class='step-details'>TestCaseID:: TC_Yatra_Flight_088</td>
</tr>
<tr>
<td class='status skip' title='skip' alt='skip'><i class='mdi-content-redo'></i></td>
<td class='timestamp'>06:13:50 PM</td>
<td class='step-details'><div class="stacktrace">org.testng.SkipException: Node is not started or down.
at com.Yatra.Utils.WebDriverFactory.get(WebDriverFactory.java:430)
at com.Yatra.Utils.WebDriverFactory.get(WebDriverFactory.java:226)
at com.Yatra.TestScript.Flights.FlightPricing.TC_Yatra_Flight_088(FlightPricing.java:122)
at sun.reflect.NativeMethodAccessorImpl.invoke0(Native Method)
at sun.reflect.NativeMethodAccessorImpl.invoke(NativeMethodAccessorImpl.java:62)
at sun.reflect.DelegatingMethodAccessorImpl.invoke(DelegatingMethodAccessorImpl.java:43)
at java.lang.reflect.Method.invoke(Method.java:497)
at org.testng.internal.MethodInvocationHelper.invokeMethod(MethodInvocationHelper.java:85)
at org.testng.internal.Invoker.invokeMethod(Invoker.java:639)
at org.testng.internal.Invoker.invokeTestMethod(Invoker.java:816)
at org.testng.internal.Invoker.invokeTestMethods(Invoker.java:1124)
at org.testng.internal.TestMethodWorker.invokeTestMethods(TestMethodWorker.java:125)
at org.testng.internal.TestMethodWorker.run(TestMethodWorker.java:108)
at org.testng.TestRunner.privateRun(TestRunner.java:774)
at org.testng.TestRunner.run(TestRunner.java:624)
at org.testng.SuiteRunner.runTest(SuiteRunner.java:359)
at org.testng.SuiteRunner.runSequentially(SuiteRunner.java:354)
at org.testng.SuiteRunner.privateRun(SuiteRunner.java:312)
at org.testng.SuiteRunner.run(SuiteRunner.java:261)
at org.testng.SuiteRunnerWorker.runSuite(SuiteRunnerWorker.java:52)
at org.testng.SuiteRunnerWorker.run(SuiteRunnerWorker.java:86)
at org.testng.TestNG.runSuitesSequentially(TestNG.java:1191)
at org.testng.TestNG.runSuitesLocally(TestNG.java:1116)
at org.testng.TestNG.run(TestNG.java:1024)
at org.testng.remote.RemoteTestNG.run(RemoteTestNG.java:112)
at org.testng.remote.RemoteTestNG.initAndRun(RemoteTestNG.java:205)
at org.testng.remote.RemoteTestNG.main(RemoteTestNG.java:176)
</div></td>
</tr>
</tbody>
</table>
<ul class='collapsible node-list' data-collapsible='accordion'>
</ul>
</div>
</div>
</li>
<li class='collection-item test displayed active skip ' extentid='2ee07418-a975-4383-9762-87517b92c0ab'>
<div class='test-head'>
<span class='test-name'>com.Yatra.TestScript.Flights.FlightPricing#TC_Yatra_Flight_089 </span>
<span class='test-status label right outline capitalize skip'>skip</span>
<span class='category-assigned hide  desktop'></span>
</div>
<div class='test-body'>
<div class='test-info'>
<span title='Test started time' alt='Test started time' class='test-started-time label green lighten-1 text-white'>30-03-2017 06:13:50 PM</span>
<span title='Test ended time' alt='Test ended time' class='test-ended-time label red lighten-1 text-white'>30-03-2017 06:13:50 PM</span>
<span title='Time taken to finish' alt='Time taken to finish' class='test-time-taken label blue-grey lighten-3 text-white'>0h 0m 0s+12ms</span>
</div>
<div class='test-desc'></div>
<div class='test-attributes'>
<div class='categories'>
<span class='category text-white'>desktop</span>
</div>
</div>
<div class='test-steps'>
<table class='bordered table-results'>
<thead>
<tr>
<th>Status</th>
<th>Timestamp</th>
<th>Details</th>
</tr>
</thead>
<tbody>
<tr>
<td class='status unknown' title='unknown' alt='unknown'><i class='mdi-action-help'></i></td>
<td class='timestamp'>06:13:50 PM</td>
<td class='step-details'>TestCaseID:: TC_Yatra_Flight_089</td>
</tr>
<tr>
<td class='status skip' title='skip' alt='skip'><i class='mdi-content-redo'></i></td>
<td class='timestamp'>06:13:50 PM</td>
<td class='step-details'><div class="stacktrace">org.testng.SkipException: Node is not started or down.
at com.Yatra.Utils.WebDriverFactory.get(WebDriverFactory.java:430)
at com.Yatra.Utils.WebDriverFactory.get(WebDriverFactory.java:226)
at com.Yatra.TestScript.Flights.FlightPricing.TC_Yatra_Flight_089(FlightPricing.java:188)
at sun.reflect.NativeMethodAccessorImpl.invoke0(Native Method)
at sun.reflect.NativeMethodAccessorImpl.invoke(NativeMethodAccessorImpl.java:62)
at sun.reflect.DelegatingMethodAccessorImpl.invoke(DelegatingMethodAccessorImpl.java:43)
at java.lang.reflect.Method.invoke(Method.java:497)
at org.testng.internal.MethodInvocationHelper.invokeMethod(MethodInvocationHelper.java:85)
at org.testng.internal.Invoker.invokeMethod(Invoker.java:639)
at org.testng.internal.Invoker.invokeTestMethod(Invoker.java:816)
at org.testng.internal.Invoker.invokeTestMethods(Invoker.java:1124)
at org.testng.internal.TestMethodWorker.invokeTestMethods(TestMethodWorker.java:125)
at org.testng.internal.TestMethodWorker.run(TestMethodWorker.java:108)
at org.testng.TestRunner.privateRun(TestRunner.java:774)
at org.testng.TestRunner.run(TestRunner.java:624)
at org.testng.SuiteRunner.runTest(SuiteRunner.java:359)
at org.testng.SuiteRunner.runSequentially(SuiteRunner.java:354)
at org.testng.SuiteRunner.privateRun(SuiteRunner.java:312)
at org.testng.SuiteRunner.run(SuiteRunner.java:261)
at org.testng.SuiteRunnerWorker.runSuite(SuiteRunnerWorker.java:52)
at org.testng.SuiteRunnerWorker.run(SuiteRunnerWorker.java:86)
at org.testng.TestNG.runSuitesSequentially(TestNG.java:1191)
at org.testng.TestNG.runSuitesLocally(TestNG.java:1116)
at org.testng.TestNG.run(TestNG.java:1024)
at org.testng.remote.RemoteTestNG.run(RemoteTestNG.java:112)
at org.testng.remote.RemoteTestNG.initAndRun(RemoteTestNG.java:205)
at org.testng.remote.RemoteTestNG.main(RemoteTestNG.java:176)
</div></td>
</tr>
</tbody>
</table>
<ul class='collapsible node-list' data-collapsible='accordion'>
</ul>
</div>
</div>
</li>
<li class='collection-item test displayed active skip ' extentid='7011890a-4112-40b0-8ba7-c532388c5bce'>
<div class='test-head'>
<span class='test-name'>com.Yatra.TestScript.Flights.FlightPricing#TC_Yatra_Flight_090 </span>
<span class='test-status label right outline capitalize skip'>skip</span>
<span class='category-assigned hide  desktop'></span>
</div>
<div class='test-body'>
<div class='test-info'>
<span title='Test started time' alt='Test started time' class='test-started-time label green lighten-1 text-white'>30-03-2017 06:13:50 PM</span>
<span title='Test ended time' alt='Test ended time' class='test-ended-time label red lighten-1 text-white'>30-03-2017 06:13:50 PM</span>
<span title='Time taken to finish' alt='Time taken to finish' class='test-time-taken label blue-grey lighten-3 text-white'>0h 0m 0s+13ms</span>
</div>
<div class='test-desc'></div>
<div class='test-attributes'>
<div class='categories'>
<span class='category text-white'>desktop</span>
</div>
</div>
<div class='test-steps'>
<table class='bordered table-results'>
<thead>
<tr>
<th>Status</th>
<th>Timestamp</th>
<th>Details</th>
</tr>
</thead>
<tbody>
<tr>
<td class='status unknown' title='unknown' alt='unknown'><i class='mdi-action-help'></i></td>
<td class='timestamp'>06:13:50 PM</td>
<td class='step-details'>TestCaseID:: TC_Yatra_Flight_090</td>
</tr>
<tr>
<td class='status skip' title='skip' alt='skip'><i class='mdi-content-redo'></i></td>
<td class='timestamp'>06:13:50 PM</td>
<td class='step-details'><div class="stacktrace">org.testng.SkipException: Node is not started or down.
at com.Yatra.Utils.WebDriverFactory.get(WebDriverFactory.java:430)
at com.Yatra.Utils.WebDriverFactory.get(WebDriverFactory.java:226)
at com.Yatra.TestScript.Flights.FlightPricing.TC_Yatra_Flight_090(FlightPricing.java:259)
at sun.reflect.NativeMethodAccessorImpl.invoke0(Native Method)
at sun.reflect.NativeMethodAccessorImpl.invoke(NativeMethodAccessorImpl.java:62)
at sun.reflect.DelegatingMethodAccessorImpl.invoke(DelegatingMethodAccessorImpl.java:43)
at java.lang.reflect.Method.invoke(Method.java:497)
at org.testng.internal.MethodInvocationHelper.invokeMethod(MethodInvocationHelper.java:85)
at org.testng.internal.Invoker.invokeMethod(Invoker.java:639)
at org.testng.internal.Invoker.invokeTestMethod(Invoker.java:816)
at org.testng.internal.Invoker.invokeTestMethods(Invoker.java:1124)
at org.testng.internal.TestMethodWorker.invokeTestMethods(TestMethodWorker.java:125)
at org.testng.internal.TestMethodWorker.run(TestMethodWorker.java:108)
at org.testng.TestRunner.privateRun(TestRunner.java:774)
at org.testng.TestRunner.run(TestRunner.java:624)
at org.testng.SuiteRunner.runTest(SuiteRunner.java:359)
at org.testng.SuiteRunner.runSequentially(SuiteRunner.java:354)
at org.testng.SuiteRunner.privateRun(SuiteRunner.java:312)
at org.testng.SuiteRunner.run(SuiteRunner.java:261)
at org.testng.SuiteRunnerWorker.runSuite(SuiteRunnerWorker.java:52)
at org.testng.SuiteRunnerWorker.run(SuiteRunnerWorker.java:86)
at org.testng.TestNG.runSuitesSequentially(TestNG.java:1191)
at org.testng.TestNG.runSuitesLocally(TestNG.java:1116)
at org.testng.TestNG.run(TestNG.java:1024)
at org.testng.remote.RemoteTestNG.run(RemoteTestNG.java:112)
at org.testng.remote.RemoteTestNG.initAndRun(RemoteTestNG.java:205)
at org.testng.remote.RemoteTestNG.main(RemoteTestNG.java:176)
</div></td>
</tr>
</tbody>
</table>
<ul class='collapsible node-list' data-collapsible='accordion'>
</ul>
</div>
</div>
</li>
<li class='collection-item test displayed active skip ' extentid='96c9d5f7-a4f8-408a-a319-296e200a2482'>
<div class='test-head'>
<span class='test-name'>com.Yatra.TestScript.Flights.FlightPricing#TC_Yatra_Flight_091 </span>
<span class='test-status label right outline capitalize skip'>skip</span>
<span class='category-assigned hide  desktop'></span>
</div>
<div class='test-body'>
<div class='test-info'>
<span title='Test started time' alt='Test started time' class='test-started-time label green lighten-1 text-white'>30-03-2017 06:13:50 PM</span>
<span title='Test ended time' alt='Test ended time' class='test-ended-time label red lighten-1 text-white'>30-03-2017 06:13:50 PM</span>
<span title='Time taken to finish' alt='Time taken to finish' class='test-time-taken label blue-grey lighten-3 text-white'>0h 0m 0s+14ms</span>
</div>
<div class='test-desc'></div>
<div class='test-attributes'>
<div class='categories'>
<span class='category text-white'>desktop</span>
</div>
</div>
<div class='test-steps'>
<table class='bordered table-results'>
<thead>
<tr>
<th>Status</th>
<th>Timestamp</th>
<th>Details</th>
</tr>
</thead>
<tbody>
<tr>
<td class='status unknown' title='unknown' alt='unknown'><i class='mdi-action-help'></i></td>
<td class='timestamp'>06:13:50 PM</td>
<td class='step-details'>TestCaseID:: TC_Yatra_Flight_091</td>
</tr>
<tr>
<td class='status skip' title='skip' alt='skip'><i class='mdi-content-redo'></i></td>
<td class='timestamp'>06:13:50 PM</td>
<td class='step-details'><div class="stacktrace">org.testng.SkipException: Node is not started or down.
at com.Yatra.Utils.WebDriverFactory.get(WebDriverFactory.java:430)
at com.Yatra.Utils.WebDriverFactory.get(WebDriverFactory.java:226)
at com.Yatra.TestScript.Flights.FlightPricing.TC_Yatra_Flight_091(FlightPricing.java:749)
at sun.reflect.NativeMethodAccessorImpl.invoke0(Native Method)
at sun.reflect.NativeMethodAccessorImpl.invoke(NativeMethodAccessorImpl.java:62)
at sun.reflect.DelegatingMethodAccessorImpl.invoke(DelegatingMethodAccessorImpl.java:43)
at java.lang.reflect.Method.invoke(Method.java:497)
at org.testng.internal.MethodInvocationHelper.invokeMethod(MethodInvocationHelper.java:85)
at org.testng.internal.Invoker.invokeMethod(Invoker.java:639)
at org.testng.internal.Invoker.invokeTestMethod(Invoker.java:816)
at org.testng.internal.Invoker.invokeTestMethods(Invoker.java:1124)
at org.testng.internal.TestMethodWorker.invokeTestMethods(TestMethodWorker.java:125)
at org.testng.internal.TestMethodWorker.run(TestMethodWorker.java:108)
at org.testng.TestRunner.privateRun(TestRunner.java:774)
at org.testng.TestRunner.run(TestRunner.java:624)
at org.testng.SuiteRunner.runTest(SuiteRunner.java:359)
at org.testng.SuiteRunner.runSequentially(SuiteRunner.java:354)
at org.testng.SuiteRunner.privateRun(SuiteRunner.java:312)
at org.testng.SuiteRunner.run(SuiteRunner.java:261)
at org.testng.SuiteRunnerWorker.runSuite(SuiteRunnerWorker.java:52)
at org.testng.SuiteRunnerWorker.run(SuiteRunnerWorker.java:86)
at org.testng.TestNG.runSuitesSequentially(TestNG.java:1191)
at org.testng.TestNG.runSuitesLocally(TestNG.java:1116)
at org.testng.TestNG.run(TestNG.java:1024)
at org.testng.remote.RemoteTestNG.run(RemoteTestNG.java:112)
at org.testng.remote.RemoteTestNG.initAndRun(RemoteTestNG.java:205)
at org.testng.remote.RemoteTestNG.main(RemoteTestNG.java:176)
</div></td>
</tr>
</tbody>
</table>
<ul class='collapsible node-list' data-collapsible='accordion'>
</ul>
</div>
</div>
</li>
<li class='collection-item test displayed active skip ' extentid='0d6f3186-3a6b-43f6-a23a-b023bf9420ef'>
<div class='test-head'>
<span class='test-name'>com.Yatra.TestScript.Flights.FlightPricing#TC_Yatra_Flight_092 </span>
<span class='test-status label right outline capitalize skip'>skip</span>
<span class='category-assigned hide  desktop'></span>
</div>
<div class='test-body'>
<div class='test-info'>
<span title='Test started time' alt='Test started time' class='test-started-time label green lighten-1 text-white'>30-03-2017 06:13:50 PM</span>
<span title='Test ended time' alt='Test ended time' class='test-ended-time label red lighten-1 text-white'>30-03-2017 06:13:50 PM</span>
<span title='Time taken to finish' alt='Time taken to finish' class='test-time-taken label blue-grey lighten-3 text-white'>0h 0m 0s+14ms</span>
</div>
<div class='test-desc'></div>
<div class='test-attributes'>
<div class='categories'>
<span class='category text-white'>desktop</span>
</div>
</div>
<div class='test-steps'>
<table class='bordered table-results'>
<thead>
<tr>
<th>Status</th>
<th>Timestamp</th>
<th>Details</th>
</tr>
</thead>
<tbody>
<tr>
<td class='status unknown' title='unknown' alt='unknown'><i class='mdi-action-help'></i></td>
<td class='timestamp'>06:13:50 PM</td>
<td class='step-details'>TestCaseID:: TC_Yatra_Flight_092</td>
</tr>
<tr>
<td class='status skip' title='skip' alt='skip'><i class='mdi-content-redo'></i></td>
<td class='timestamp'>06:13:50 PM</td>
<td class='step-details'><div class="stacktrace">org.testng.SkipException: Node is not started or down.
at com.Yatra.Utils.WebDriverFactory.get(WebDriverFactory.java:430)
at com.Yatra.Utils.WebDriverFactory.get(WebDriverFactory.java:226)
at com.Yatra.TestScript.Flights.FlightPricing.TC_Yatra_Flight_092(FlightPricing.java:840)
at sun.reflect.NativeMethodAccessorImpl.invoke0(Native Method)
at sun.reflect.NativeMethodAccessorImpl.invoke(NativeMethodAccessorImpl.java:62)
at sun.reflect.DelegatingMethodAccessorImpl.invoke(DelegatingMethodAccessorImpl.java:43)
at java.lang.reflect.Method.invoke(Method.java:497)
at org.testng.internal.MethodInvocationHelper.invokeMethod(MethodInvocationHelper.java:85)
at org.testng.internal.Invoker.invokeMethod(Invoker.java:639)
at org.testng.internal.Invoker.invokeTestMethod(Invoker.java:816)
at org.testng.internal.Invoker.invokeTestMethods(Invoker.java:1124)
at org.testng.internal.TestMethodWorker.invokeTestMethods(TestMethodWorker.java:125)
at org.testng.internal.TestMethodWorker.run(TestMethodWorker.java:108)
at org.testng.TestRunner.privateRun(TestRunner.java:774)
at org.testng.TestRunner.run(TestRunner.java:624)
at org.testng.SuiteRunner.runTest(SuiteRunner.java:359)
at org.testng.SuiteRunner.runSequentially(SuiteRunner.java:354)
at org.testng.SuiteRunner.privateRun(SuiteRunner.java:312)
at org.testng.SuiteRunner.run(SuiteRunner.java:261)
at org.testng.SuiteRunnerWorker.runSuite(SuiteRunnerWorker.java:52)
at org.testng.SuiteRunnerWorker.run(SuiteRunnerWorker.java:86)
at org.testng.TestNG.runSuitesSequentially(TestNG.java:1191)
at org.testng.TestNG.runSuitesLocally(TestNG.java:1116)
at org.testng.TestNG.run(TestNG.java:1024)
at org.testng.remote.RemoteTestNG.run(RemoteTestNG.java:112)
at org.testng.remote.RemoteTestNG.initAndRun(RemoteTestNG.java:205)
at org.testng.remote.RemoteTestNG.main(RemoteTestNG.java:176)
</div></td>
</tr>
</tbody>
</table>
<ul class='collapsible node-list' data-collapsible='accordion'>
</ul>
</div>
</div>
</li>
<li class='collection-item test displayed active skip ' extentid='07d65724-8c32-4b0b-87b1-79f04f913a0e'>
<div class='test-head'>
<span class='test-name'>com.Yatra.TestScript.Flights.FlightPricing#TC_Yatra_Flight_096 </span>
<span class='test-status label right outline capitalize skip'>skip</span>
<span class='category-assigned hide  desktop'></span>
</div>
<div class='test-body'>
<div class='test-info'>
<span title='Test started time' alt='Test started time' class='test-started-time label green lighten-1 text-white'>30-03-2017 06:13:50 PM</span>
<span title='Test ended time' alt='Test ended time' class='test-ended-time label red lighten-1 text-white'>30-03-2017 06:13:50 PM</span>
<span title='Time taken to finish' alt='Time taken to finish' class='test-time-taken label blue-grey lighten-3 text-white'>0h 0m 0s+10ms</span>
</div>
<div class='test-desc'></div>
<div class='test-attributes'>
<div class='categories'>
<span class='category text-white'>desktop</span>
</div>
</div>
<div class='test-steps'>
<table class='bordered table-results'>
<thead>
<tr>
<th>Status</th>
<th>Timestamp</th>
<th>Details</th>
</tr>
</thead>
<tbody>
<tr>
<td class='status unknown' title='unknown' alt='unknown'><i class='mdi-action-help'></i></td>
<td class='timestamp'>06:13:50 PM</td>
<td class='step-details'>TestCaseID:: TC_Yatra_Flight_096</td>
</tr>
<tr>
<td class='status skip' title='skip' alt='skip'><i class='mdi-content-redo'></i></td>
<td class='timestamp'>06:13:50 PM</td>
<td class='step-details'><div class="stacktrace">org.testng.SkipException: Node is not started or down.
at com.Yatra.Utils.WebDriverFactory.get(WebDriverFactory.java:430)
at com.Yatra.Utils.WebDriverFactory.get(WebDriverFactory.java:226)
at com.Yatra.TestScript.Flights.FlightPricing.TC_Yatra_Flight_096(FlightPricing.java:657)
at sun.reflect.NativeMethodAccessorImpl.invoke0(Native Method)
at sun.reflect.NativeMethodAccessorImpl.invoke(NativeMethodAccessorImpl.java:62)
at sun.reflect.DelegatingMethodAccessorImpl.invoke(DelegatingMethodAccessorImpl.java:43)
at java.lang.reflect.Method.invoke(Method.java:497)
at org.testng.internal.MethodInvocationHelper.invokeMethod(MethodInvocationHelper.java:85)
at org.testng.internal.Invoker.invokeMethod(Invoker.java:639)
at org.testng.internal.Invoker.invokeTestMethod(Invoker.java:816)
at org.testng.internal.Invoker.invokeTestMethods(Invoker.java:1124)
at org.testng.internal.TestMethodWorker.invokeTestMethods(TestMethodWorker.java:125)
at org.testng.internal.TestMethodWorker.run(TestMethodWorker.java:108)
at org.testng.TestRunner.privateRun(TestRunner.java:774)
at org.testng.TestRunner.run(TestRunner.java:624)
at org.testng.SuiteRunner.runTest(SuiteRunner.java:359)
at org.testng.SuiteRunner.runSequentially(SuiteRunner.java:354)
at org.testng.SuiteRunner.privateRun(SuiteRunner.java:312)
at org.testng.SuiteRunner.run(SuiteRunner.java:261)
at org.testng.SuiteRunnerWorker.runSuite(SuiteRunnerWorker.java:52)
at org.testng.SuiteRunnerWorker.run(SuiteRunnerWorker.java:86)
at org.testng.TestNG.runSuitesSequentially(TestNG.java:1191)
at org.testng.TestNG.runSuitesLocally(TestNG.java:1116)
at org.testng.TestNG.run(TestNG.java:1024)
at org.testng.remote.RemoteTestNG.run(RemoteTestNG.java:112)
at org.testng.remote.RemoteTestNG.initAndRun(RemoteTestNG.java:205)
at org.testng.remote.RemoteTestNG.main(RemoteTestNG.java:176)
</div></td>
</tr>
</tbody>
</table>
<ul class='collapsible node-list' data-collapsible='accordion'>
</ul>
</div>
</div>
</li>
<li class='collection-item test displayed active skip ' extentid='93fa1c2c-96a5-45ce-ba07-09b8699a4780'>
<div class='test-head'>
<span class='test-name'>com.Yatra.TestScript.Flights.FlightPricing#TC_Yatra_Flight_106 </span>
<span class='test-status label right outline capitalize skip'>skip</span>
<span class='category-assigned hide  desktop'></span>
</div>
<div class='test-body'>
<div class='test-info'>
<span title='Test started time' alt='Test started time' class='test-started-time label green lighten-1 text-white'>30-03-2017 06:13:50 PM</span>
<span title='Test ended time' alt='Test ended time' class='test-ended-time label red lighten-1 text-white'>30-03-2017 06:13:51 PM</span>
<span title='Time taken to finish' alt='Time taken to finish' class='test-time-taken label blue-grey lighten-3 text-white'>0h 0m 0s+13ms</span>
</div>
<div class='test-desc'></div>
<div class='test-attributes'>
<div class='categories'>
<span class='category text-white'>desktop</span>
</div>
</div>
<div class='test-steps'>
<table class='bordered table-results'>
<thead>
<tr>
<th>Status</th>
<th>Timestamp</th>
<th>Details</th>
</tr>
</thead>
<tbody>
<tr>
<td class='status unknown' title='unknown' alt='unknown'><i class='mdi-action-help'></i></td>
<td class='timestamp'>06:13:51 PM</td>
<td class='step-details'>TestCaseID:: TC_Yatra_Flight_106</td>
</tr>
<tr>
<td class='status skip' title='skip' alt='skip'><i class='mdi-content-redo'></i></td>
<td class='timestamp'>06:13:51 PM</td>
<td class='step-details'><div class="stacktrace">org.testng.SkipException: Node is not started or down.
at com.Yatra.Utils.WebDriverFactory.get(WebDriverFactory.java:430)
at com.Yatra.Utils.WebDriverFactory.get(WebDriverFactory.java:226)
at com.Yatra.TestScript.Flights.FlightPricing.TC_Yatra_Flight_106(FlightPricing.java:340)
at sun.reflect.NativeMethodAccessorImpl.invoke0(Native Method)
at sun.reflect.NativeMethodAccessorImpl.invoke(NativeMethodAccessorImpl.java:62)
at sun.reflect.DelegatingMethodAccessorImpl.invoke(DelegatingMethodAccessorImpl.java:43)
at java.lang.reflect.Method.invoke(Method.java:497)
at org.testng.internal.MethodInvocationHelper.invokeMethod(MethodInvocationHelper.java:85)
at org.testng.internal.Invoker.invokeMethod(Invoker.java:639)
at org.testng.internal.Invoker.invokeTestMethod(Invoker.java:816)
at org.testng.internal.Invoker.invokeTestMethods(Invoker.java:1124)
at org.testng.internal.TestMethodWorker.invokeTestMethods(TestMethodWorker.java:125)
at org.testng.internal.TestMethodWorker.run(TestMethodWorker.java:108)
at org.testng.TestRunner.privateRun(TestRunner.java:774)
at org.testng.TestRunner.run(TestRunner.java:624)
at org.testng.SuiteRunner.runTest(SuiteRunner.java:359)
at org.testng.SuiteRunner.runSequentially(SuiteRunner.java:354)
at org.testng.SuiteRunner.privateRun(SuiteRunner.java:312)
at org.testng.SuiteRunner.run(SuiteRunner.java:261)
at org.testng.SuiteRunnerWorker.runSuite(SuiteRunnerWorker.java:52)
at org.testng.SuiteRunnerWorker.run(SuiteRunnerWorker.java:86)
at org.testng.TestNG.runSuitesSequentially(TestNG.java:1191)
at org.testng.TestNG.runSuitesLocally(TestNG.java:1116)
at org.testng.TestNG.run(TestNG.java:1024)
at org.testng.remote.RemoteTestNG.run(RemoteTestNG.java:112)
at org.testng.remote.RemoteTestNG.initAndRun(RemoteTestNG.java:205)
at org.testng.remote.RemoteTestNG.main(RemoteTestNG.java:176)
</div></td>
</tr>
</tbody>
</table>
<ul class='collapsible node-list' data-collapsible='accordion'>
</ul>
</div>
</div>
</li>
<li class='collection-item test displayed active skip ' extentid='a0a9937c-1bee-4476-822e-f6640bd887e0'>
<div class='test-head'>
<span class='test-name'>com.Yatra.TestScript.Flights.FlightPricing#TC_Yatra_Flight_107 </span>
<span class='test-status label right outline capitalize skip'>skip</span>
<span class='category-assigned hide  desktop'></span>
</div>
<div class='test-body'>
<div class='test-info'>
<span title='Test started time' alt='Test started time' class='test-started-time label green lighten-1 text-white'>30-03-2017 06:13:51 PM</span>
<span title='Test ended time' alt='Test ended time' class='test-ended-time label red lighten-1 text-white'>30-03-2017 06:13:51 PM</span>
<span title='Time taken to finish' alt='Time taken to finish' class='test-time-taken label blue-grey lighten-3 text-white'>0h 0m 0s+11ms</span>
</div>
<div class='test-desc'></div>
<div class='test-attributes'>
<div class='categories'>
<span class='category text-white'>desktop</span>
</div>
</div>
<div class='test-steps'>
<table class='bordered table-results'>
<thead>
<tr>
<th>Status</th>
<th>Timestamp</th>
<th>Details</th>
</tr>
</thead>
<tbody>
<tr>
<td class='status unknown' title='unknown' alt='unknown'><i class='mdi-action-help'></i></td>
<td class='timestamp'>06:13:51 PM</td>
<td class='step-details'>TestCaseID:: TC_Yatra_Flight_107</td>
</tr>
<tr>
<td class='status skip' title='skip' alt='skip'><i class='mdi-content-redo'></i></td>
<td class='timestamp'>06:13:51 PM</td>
<td class='step-details'><div class="stacktrace">org.testng.SkipException: Node is not started or down.
at com.Yatra.Utils.WebDriverFactory.get(WebDriverFactory.java:430)
at com.Yatra.Utils.WebDriverFactory.get(WebDriverFactory.java:226)
at com.Yatra.TestScript.Flights.FlightPricing.TC_Yatra_Flight_107(FlightPricing.java:391)
at sun.reflect.NativeMethodAccessorImpl.invoke0(Native Method)
at sun.reflect.NativeMethodAccessorImpl.invoke(NativeMethodAccessorImpl.java:62)
at sun.reflect.DelegatingMethodAccessorImpl.invoke(DelegatingMethodAccessorImpl.java:43)
at java.lang.reflect.Method.invoke(Method.java:497)
at org.testng.internal.MethodInvocationHelper.invokeMethod(MethodInvocationHelper.java:85)
at org.testng.internal.Invoker.invokeMethod(Invoker.java:639)
at org.testng.internal.Invoker.invokeTestMethod(Invoker.java:816)
at org.testng.internal.Invoker.invokeTestMethods(Invoker.java:1124)
at org.testng.internal.TestMethodWorker.invokeTestMethods(TestMethodWorker.java:125)
at org.testng.internal.TestMethodWorker.run(TestMethodWorker.java:108)
at org.testng.TestRunner.privateRun(TestRunner.java:774)
at org.testng.TestRunner.run(TestRunner.java:624)
at org.testng.SuiteRunner.runTest(SuiteRunner.java:359)
at org.testng.SuiteRunner.runSequentially(SuiteRunner.java:354)
at org.testng.SuiteRunner.privateRun(SuiteRunner.java:312)
at org.testng.SuiteRunner.run(SuiteRunner.java:261)
at org.testng.SuiteRunnerWorker.runSuite(SuiteRunnerWorker.java:52)
at org.testng.SuiteRunnerWorker.run(SuiteRunnerWorker.java:86)
at org.testng.TestNG.runSuitesSequentially(TestNG.java:1191)
at org.testng.TestNG.runSuitesLocally(TestNG.java:1116)
at org.testng.TestNG.run(TestNG.java:1024)
at org.testng.remote.RemoteTestNG.run(RemoteTestNG.java:112)
at org.testng.remote.RemoteTestNG.initAndRun(RemoteTestNG.java:205)
at org.testng.remote.RemoteTestNG.main(RemoteTestNG.java:176)
</div></td>
</tr>
</tbody>
</table>
<ul class='collapsible node-list' data-collapsible='accordion'>
</ul>
</div>
</div>
</li>
<li class='collection-item test displayed active skip ' extentid='ff148e1b-66a2-4b98-a3fe-985769332754'>
<div class='test-head'>
<span class='test-name'>com.Yatra.TestScript.Flights.FlightPricing#TC_Yatra_Flight_108 </span>
<span class='test-status label right outline capitalize skip'>skip</span>
<span class='category-assigned hide  desktop'></span>
</div>
<div class='test-body'>
<div class='test-info'>
<span title='Test started time' alt='Test started time' class='test-started-time label green lighten-1 text-white'>30-03-2017 06:13:51 PM</span>
<span title='Test ended time' alt='Test ended time' class='test-ended-time label red lighten-1 text-white'>30-03-2017 06:13:51 PM</span>
<span title='Time taken to finish' alt='Time taken to finish' class='test-time-taken label blue-grey lighten-3 text-white'>0h 0m 0s+9ms</span>
</div>
<div class='test-desc'></div>
<div class='test-attributes'>
<div class='categories'>
<span class='category text-white'>desktop</span>
</div>
</div>
<div class='test-steps'>
<table class='bordered table-results'>
<thead>
<tr>
<th>Status</th>
<th>Timestamp</th>
<th>Details</th>
</tr>
</thead>
<tbody>
<tr>
<td class='status unknown' title='unknown' alt='unknown'><i class='mdi-action-help'></i></td>
<td class='timestamp'>06:13:51 PM</td>
<td class='step-details'>TestCaseID:: TC_Yatra_Flight_108</td>
</tr>
<tr>
<td class='status skip' title='skip' alt='skip'><i class='mdi-content-redo'></i></td>
<td class='timestamp'>06:13:51 PM</td>
<td class='step-details'><div class="stacktrace">org.testng.SkipException: Node is not started or down.
at com.Yatra.Utils.WebDriverFactory.get(WebDriverFactory.java:430)
at com.Yatra.Utils.WebDriverFactory.get(WebDriverFactory.java:226)
at com.Yatra.TestScript.Flights.FlightPricing.TC_Yatra_Flight_108(FlightPricing.java:443)
at sun.reflect.NativeMethodAccessorImpl.invoke0(Native Method)
at sun.reflect.NativeMethodAccessorImpl.invoke(NativeMethodAccessorImpl.java:62)
at sun.reflect.DelegatingMethodAccessorImpl.invoke(DelegatingMethodAccessorImpl.java:43)
at java.lang.reflect.Method.invoke(Method.java:497)
at org.testng.internal.MethodInvocationHelper.invokeMethod(MethodInvocationHelper.java:85)
at org.testng.internal.Invoker.invokeMethod(Invoker.java:639)
at org.testng.internal.Invoker.invokeTestMethod(Invoker.java:816)
at org.testng.internal.Invoker.invokeTestMethods(Invoker.java:1124)
at org.testng.internal.TestMethodWorker.invokeTestMethods(TestMethodWorker.java:125)
at org.testng.internal.TestMethodWorker.run(TestMethodWorker.java:108)
at org.testng.TestRunner.privateRun(TestRunner.java:774)
at org.testng.TestRunner.run(TestRunner.java:624)
at org.testng.SuiteRunner.runTest(SuiteRunner.java:359)
at org.testng.SuiteRunner.runSequentially(SuiteRunner.java:354)
at org.testng.SuiteRunner.privateRun(SuiteRunner.java:312)
at org.testng.SuiteRunner.run(SuiteRunner.java:261)
at org.testng.SuiteRunnerWorker.runSuite(SuiteRunnerWorker.java:52)
at org.testng.SuiteRunnerWorker.run(SuiteRunnerWorker.java:86)
at org.testng.TestNG.runSuitesSequentially(TestNG.java:1191)
at org.testng.TestNG.runSuitesLocally(TestNG.java:1116)
at org.testng.TestNG.run(TestNG.java:1024)
at org.testng.remote.RemoteTestNG.run(RemoteTestNG.java:112)
at org.testng.remote.RemoteTestNG.initAndRun(RemoteTestNG.java:205)
at org.testng.remote.RemoteTestNG.main(RemoteTestNG.java:176)
</div></td>
</tr>
</tbody>
</table>
<ul class='collapsible node-list' data-collapsible='accordion'>
</ul>
</div>
</div>
</li>
<li class='collection-item test displayed active skip ' extentid='d8a63af6-8ccb-43a9-bae1-8e708704444d'>
<div class='test-head'>
<span class='test-name'>com.Yatra.TestScript.Flights.FlightPricing#TC_Yatra_Flight_109 </span>
<span class='test-status label right outline capitalize skip'>skip</span>
<span class='category-assigned hide  desktop'></span>
</div>
<div class='test-body'>
<div class='test-info'>
<span title='Test started time' alt='Test started time' class='test-started-time label green lighten-1 text-white'>30-03-2017 06:13:51 PM</span>
<span title='Test ended time' alt='Test ended time' class='test-ended-time label red lighten-1 text-white'>30-03-2017 06:13:51 PM</span>
<span title='Time taken to finish' alt='Time taken to finish' class='test-time-taken label blue-grey lighten-3 text-white'>0h 0m 0s+9ms</span>
</div>
<div class='test-desc'></div>
<div class='test-attributes'>
<div class='categories'>
<span class='category text-white'>desktop</span>
</div>
</div>
<div class='test-steps'>
<table class='bordered table-results'>
<thead>
<tr>
<th>Status</th>
<th>Timestamp</th>
<th>Details</th>
</tr>
</thead>
<tbody>
<tr>
<td class='status unknown' title='unknown' alt='unknown'><i class='mdi-action-help'></i></td>
<td class='timestamp'>06:13:51 PM</td>
<td class='step-details'>TestCaseID:: TC_Yatra_Flight_109</td>
</tr>
<tr>
<td class='status skip' title='skip' alt='skip'><i class='mdi-content-redo'></i></td>
<td class='timestamp'>06:13:51 PM</td>
<td class='step-details'><div class="stacktrace">org.testng.SkipException: Node is not started or down.
at com.Yatra.Utils.WebDriverFactory.get(WebDriverFactory.java:430)
at com.Yatra.Utils.WebDriverFactory.get(WebDriverFactory.java:226)
at com.Yatra.TestScript.Flights.FlightPricing.TC_Yatra_Flight_109(FlightPricing.java:499)
at sun.reflect.NativeMethodAccessorImpl.invoke0(Native Method)
at sun.reflect.NativeMethodAccessorImpl.invoke(NativeMethodAccessorImpl.java:62)
at sun.reflect.DelegatingMethodAccessorImpl.invoke(DelegatingMethodAccessorImpl.java:43)
at java.lang.reflect.Method.invoke(Method.java:497)
at org.testng.internal.MethodInvocationHelper.invokeMethod(MethodInvocationHelper.java:85)
at org.testng.internal.Invoker.invokeMethod(Invoker.java:639)
at org.testng.internal.Invoker.invokeTestMethod(Invoker.java:816)
at org.testng.internal.Invoker.invokeTestMethods(Invoker.java:1124)
at org.testng.internal.TestMethodWorker.invokeTestMethods(TestMethodWorker.java:125)
at org.testng.internal.TestMethodWorker.run(TestMethodWorker.java:108)
at org.testng.TestRunner.privateRun(TestRunner.java:774)
at org.testng.TestRunner.run(TestRunner.java:624)
at org.testng.SuiteRunner.runTest(SuiteRunner.java:359)
at org.testng.SuiteRunner.runSequentially(SuiteRunner.java:354)
at org.testng.SuiteRunner.privateRun(SuiteRunner.java:312)
at org.testng.SuiteRunner.run(SuiteRunner.java:261)
at org.testng.SuiteRunnerWorker.runSuite(SuiteRunnerWorker.java:52)
at org.testng.SuiteRunnerWorker.run(SuiteRunnerWorker.java:86)
at org.testng.TestNG.runSuitesSequentially(TestNG.java:1191)
at org.testng.TestNG.runSuitesLocally(TestNG.java:1116)
at org.testng.TestNG.run(TestNG.java:1024)
at org.testng.remote.RemoteTestNG.run(RemoteTestNG.java:112)
at org.testng.remote.RemoteTestNG.initAndRun(RemoteTestNG.java:205)
at org.testng.remote.RemoteTestNG.main(RemoteTestNG.java:176)
</div></td>
</tr>
</tbody>
</table>
<ul class='collapsible node-list' data-collapsible='accordion'>
</ul>
</div>
</div>
</li>
<li class='collection-item test displayed active skip ' extentid='a64fb4e0-2972-42ea-bd39-96a86c874eac'>
<div class='test-head'>
<span class='test-name'>com.Yatra.TestScript.Flights.FlightPricing#TC_Yatra_Flight_110 </span>
<span class='test-status label right outline capitalize skip'>skip</span>
<span class='category-assigned hide  desktop'></span>
</div>
<div class='test-body'>
<div class='test-info'>
<span title='Test started time' alt='Test started time' class='test-started-time label green lighten-1 text-white'>30-03-2017 06:13:51 PM</span>
<span title='Test ended time' alt='Test ended time' class='test-ended-time label red lighten-1 text-white'>30-03-2017 06:13:51 PM</span>
<span title='Time taken to finish' alt='Time taken to finish' class='test-time-taken label blue-grey lighten-3 text-white'>0h 0m 0s+10ms</span>
</div>
<div class='test-desc'></div>
<div class='test-attributes'>
<div class='categories'>
<span class='category text-white'>desktop</span>
</div>
</div>
<div class='test-steps'>
<table class='bordered table-results'>
<thead>
<tr>
<th>Status</th>
<th>Timestamp</th>
<th>Details</th>
</tr>
</thead>
<tbody>
<tr>
<td class='status unknown' title='unknown' alt='unknown'><i class='mdi-action-help'></i></td>
<td class='timestamp'>06:13:51 PM</td>
<td class='step-details'>TestCaseID:: TC_Yatra_Flight_110</td>
</tr>
<tr>
<td class='status skip' title='skip' alt='skip'><i class='mdi-content-redo'></i></td>
<td class='timestamp'>06:13:51 PM</td>
<td class='step-details'><div class="stacktrace">org.testng.SkipException: Node is not started or down.
at com.Yatra.Utils.WebDriverFactory.get(WebDriverFactory.java:430)
at com.Yatra.Utils.WebDriverFactory.get(WebDriverFactory.java:226)
at com.Yatra.TestScript.Flights.FlightPricing.TC_Yatra_Flight_110(FlightPricing.java:548)
at sun.reflect.NativeMethodAccessorImpl.invoke0(Native Method)
at sun.reflect.NativeMethodAccessorImpl.invoke(NativeMethodAccessorImpl.java:62)
at sun.reflect.DelegatingMethodAccessorImpl.invoke(DelegatingMethodAccessorImpl.java:43)
at java.lang.reflect.Method.invoke(Method.java:497)
at org.testng.internal.MethodInvocationHelper.invokeMethod(MethodInvocationHelper.java:85)
at org.testng.internal.Invoker.invokeMethod(Invoker.java:639)
at org.testng.internal.Invoker.invokeTestMethod(Invoker.java:816)
at org.testng.internal.Invoker.invokeTestMethods(Invoker.java:1124)
at org.testng.internal.TestMethodWorker.invokeTestMethods(TestMethodWorker.java:125)
at org.testng.internal.TestMethodWorker.run(TestMethodWorker.java:108)
at org.testng.TestRunner.privateRun(TestRunner.java:774)
at org.testng.TestRunner.run(TestRunner.java:624)
at org.testng.SuiteRunner.runTest(SuiteRunner.java:359)
at org.testng.SuiteRunner.runSequentially(SuiteRunner.java:354)
at org.testng.SuiteRunner.privateRun(SuiteRunner.java:312)
at org.testng.SuiteRunner.run(SuiteRunner.java:261)
at org.testng.SuiteRunnerWorker.runSuite(SuiteRunnerWorker.java:52)
at org.testng.SuiteRunnerWorker.run(SuiteRunnerWorker.java:86)
at org.testng.TestNG.runSuitesSequentially(TestNG.java:1191)
at org.testng.TestNG.runSuitesLocally(TestNG.java:1116)
at org.testng.TestNG.run(TestNG.java:1024)
at org.testng.remote.RemoteTestNG.run(RemoteTestNG.java:112)
at org.testng.remote.RemoteTestNG.initAndRun(RemoteTestNG.java:205)
at org.testng.remote.RemoteTestNG.main(RemoteTestNG.java:176)
</div></td>
</tr>
</tbody>
</table>
<ul class='collapsible node-list' data-collapsible='accordion'>
</ul>
</div>
</div>
</li>
<li class='collection-item test displayed active skip ' extentid='0cd7ea53-3079-4406-a3d8-71f4251fe237'>
<div class='test-head'>
<span class='test-name'>com.Yatra.TestScript.Flights.FlightPricing#TC_Yatra_Flight_111 </span>
<span class='test-status label right outline capitalize skip'>skip</span>
<span class='category-assigned hide  desktop'></span>
</div>
<div class='test-body'>
<div class='test-info'>
<span title='Test started time' alt='Test started time' class='test-started-time label green lighten-1 text-white'>30-03-2017 06:13:51 PM</span>
<span title='Test ended time' alt='Test ended time' class='test-ended-time label red lighten-1 text-white'>30-03-2017 06:13:51 PM</span>
<span title='Time taken to finish' alt='Time taken to finish' class='test-time-taken label blue-grey lighten-3 text-white'>0h 0m 0s+10ms</span>
</div>
<div class='test-desc'></div>
<div class='test-attributes'>
<div class='categories'>
<span class='category text-white'>desktop</span>
</div>
</div>
<div class='test-steps'>
<table class='bordered table-results'>
<thead>
<tr>
<th>Status</th>
<th>Timestamp</th>
<th>Details</th>
</tr>
</thead>
<tbody>
<tr>
<td class='status unknown' title='unknown' alt='unknown'><i class='mdi-action-help'></i></td>
<td class='timestamp'>06:13:51 PM</td>
<td class='step-details'>TestCaseID:: TC_Yatra_Flight_111</td>
</tr>
<tr>
<td class='status skip' title='skip' alt='skip'><i class='mdi-content-redo'></i></td>
<td class='timestamp'>06:13:51 PM</td>
<td class='step-details'><div class="stacktrace">org.testng.SkipException: Node is not started or down.
at com.Yatra.Utils.WebDriverFactory.get(WebDriverFactory.java:430)
at com.Yatra.Utils.WebDriverFactory.get(WebDriverFactory.java:226)
at com.Yatra.TestScript.Flights.FlightPricing.TC_Yatra_Flight_111(FlightPricing.java:601)
at sun.reflect.NativeMethodAccessorImpl.invoke0(Native Method)
at sun.reflect.NativeMethodAccessorImpl.invoke(NativeMethodAccessorImpl.java:62)
at sun.reflect.DelegatingMethodAccessorImpl.invoke(DelegatingMethodAccessorImpl.java:43)
at java.lang.reflect.Method.invoke(Method.java:497)
at org.testng.internal.MethodInvocationHelper.invokeMethod(MethodInvocationHelper.java:85)
at org.testng.internal.Invoker.invokeMethod(Invoker.java:639)
at org.testng.internal.Invoker.invokeTestMethod(Invoker.java:816)
at org.testng.internal.Invoker.invokeTestMethods(Invoker.java:1124)
at org.testng.internal.TestMethodWorker.invokeTestMethods(TestMethodWorker.java:125)
at org.testng.internal.TestMethodWorker.run(TestMethodWorker.java:108)
at org.testng.TestRunner.privateRun(TestRunner.java:774)
at org.testng.TestRunner.run(TestRunner.java:624)
at org.testng.SuiteRunner.runTest(SuiteRunner.java:359)
at org.testng.SuiteRunner.runSequentially(SuiteRunner.java:354)
at org.testng.SuiteRunner.privateRun(SuiteRunner.java:312)
at org.testng.SuiteRunner.run(SuiteRunner.java:261)
at org.testng.SuiteRunnerWorker.runSuite(SuiteRunnerWorker.java:52)
at org.testng.SuiteRunnerWorker.run(SuiteRunnerWorker.java:86)
at org.testng.TestNG.runSuitesSequentially(TestNG.java:1191)
at org.testng.TestNG.runSuitesLocally(TestNG.java:1116)
at org.testng.TestNG.run(TestNG.java:1024)
at org.testng.remote.RemoteTestNG.run(RemoteTestNG.java:112)
at org.testng.remote.RemoteTestNG.initAndRun(RemoteTestNG.java:205)
at org.testng.remote.RemoteTestNG.main(RemoteTestNG.java:176)
</div></td>
</tr>
</tbody>
</table>
<ul class='collapsible node-list' data-collapsible='accordion'>
</ul>
</div>
</div>
</li>
</ul>
</div>
</div>
</div>
</div>
<div id='test-details-wrapper' class='col _addedCell2'>
<div class='contents'>
<div class='card-panel details-view'>
<h5 class='details-name'></h5>
<div class='details-container'>
</div>
</div>
</div>
</div>
</div>
<!-- /tests -->

<!-- categories -->
<div id='categories-view' class='row _addedTable hide'>
<div class='col _addedCell1'>
<div class='contents'>
<div class='card-panel heading'>
<h5>Categories</h5>
</div>
<div class='card-panel filters'>
<div class='search' alt='Search tests' title='Search tests'>
<div class='input-field left'>
<input id='searchTests' type='text' class='validate' placeholder='Search tests...'>
</div>
<i class='mdi-action-search icon'></i>
</div>
</div>
<div class='card-panel no-padding-h no-padding-v'>
<div class='wrapper'>
<ul id='cat-collection' class='cat-collection'>
<li class='category-item displayed'>
<div class='cat-head'>
<span class='category-name'>desktop</span>
</div>
<div class='category-status-counts'>
<span class='other label dot'>Others: 13</span>
</div>
<div class='cat-body'>
<div class='category-status-counts'>
<div class='button-group'>
<a href='#!' class='pass label filter'>Pass <span class='icon'>0</span></a>
<a href='#!' class='fail label filter'>Fail <span class='icon'>0</span></a>
<a href='#!' class='other label filter'>Others <span class='icon'>13</span></a>
</div>
</div>
<div class='cat-tests'>
<table class='bordered'>
<thead>
<tr>
<th>RunDate</th>
<th>Test Name</th>
<th>Status</th>
</tr>
</thead>
<tbody>
<tr class='skip'>
<td>30-03-2017 06:13:51 PM</td>
<td><span class='category-link linked' extentid='d8a63af6-8ccb-43a9-bae1-8e708704444d'>com.Yatra.TestScript.Flights.FlightPricing#TC_Yatra_Flight_109</span></td>
<td><div class='status label capitalize skip'>skip</div></td>
</tr>
<tr class='skip'>
<td>30-03-2017 06:13:51 PM</td>
<td><span class='category-link linked' extentid='a0a9937c-1bee-4476-822e-f6640bd887e0'>com.Yatra.TestScript.Flights.FlightPricing#TC_Yatra_Flight_107</span></td>
<td><div class='status label capitalize skip'>skip</div></td>
</tr>
<tr class='skip'>
<td>30-03-2017 06:13:51 PM</td>
<td><span class='category-link linked' extentid='ff148e1b-66a2-4b98-a3fe-985769332754'>com.Yatra.TestScript.Flights.FlightPricing#TC_Yatra_Flight_108</span></td>
<td><div class='status label capitalize skip'>skip</div></td>
</tr>
<tr class='skip'>
<td>30-03-2017 06:13:50 PM</td>
<td><span class='category-link linked' extentid='93fa1c2c-96a5-45ce-ba07-09b8699a4780'>com.Yatra.TestScript.Flights.FlightPricing#TC_Yatra_Flight_106</span></td>
<td><div class='status label capitalize skip'>skip</div></td>
</tr>
<tr class='skip'>
<td>30-03-2017 06:13:50 PM</td>
<td><span class='category-link linked' extentid='ed25a399-143e-4311-be6b-2ec3cae3e1b4'>com.Yatra.TestScript.Flights.FlightPricing#TC_Yatra_Flight_088</span></td>
<td><div class='status label capitalize skip'>skip</div></td>
</tr>
<tr class='skip'>
<td>30-03-2017 06:13:51 PM</td>
<td><span class='category-link linked' extentid='a64fb4e0-2972-42ea-bd39-96a86c874eac'>com.Yatra.TestScript.Flights.FlightPricing#TC_Yatra_Flight_110</span></td>
<td><div class='status label capitalize skip'>skip</div></td>
</tr>
<tr class='skip'>
<td>30-03-2017 06:13:50 PM</td>
<td><span class='category-link linked' extentid='2ee07418-a975-4383-9762-87517b92c0ab'>com.Yatra.TestScript.Flights.FlightPricing#TC_Yatra_Flight_089</span></td>
<td><div class='status label capitalize skip'>skip</div></td>
</tr>
<tr class='skip'>
<td>30-03-2017 06:13:51 PM</td>
<td><span class='category-link linked' extentid='0cd7ea53-3079-4406-a3d8-71f4251fe237'>com.Yatra.TestScript.Flights.FlightPricing#TC_Yatra_Flight_111</span></td>
<td><div class='status label capitalize skip'>skip</div></td>
</tr>
<tr class='skip'>
<td>30-03-2017 06:13:50 PM</td>
<td><span class='category-link linked' extentid='ce6b29a7-afd8-4792-a2e1-a0dd942d9b97'>com.Yatra.TestScript.Flights.FlightPricing#TC_Yatra_Flight_087</span></td>
<td><div class='status label capitalize skip'>skip</div></td>
</tr>
<tr class='skip'>
<td>30-03-2017 06:13:50 PM</td>
<td><span class='category-link linked' extentid='07d65724-8c32-4b0b-87b1-79f04f913a0e'>com.Yatra.TestScript.Flights.FlightPricing#TC_Yatra_Flight_096</span></td>
<td><div class='status label capitalize skip'>skip</div></td>
</tr>
<tr class='skip'>
<td>30-03-2017 06:13:50 PM</td>
<td><span class='category-link linked' extentid='96c9d5f7-a4f8-408a-a319-296e200a2482'>com.Yatra.TestScript.Flights.FlightPricing#TC_Yatra_Flight_091</span></td>
<td><div class='status label capitalize skip'>skip</div></td>
</tr>
<tr class='skip'>
<td>30-03-2017 06:13:50 PM</td>
<td><span class='category-link linked' extentid='0d6f3186-3a6b-43f6-a23a-b023bf9420ef'>com.Yatra.TestScript.Flights.FlightPricing#TC_Yatra_Flight_092</span></td>
<td><div class='status label capitalize skip'>skip</div></td>
</tr>
<tr class='skip'>
<td>30-03-2017 06:13:50 PM</td>
<td><span class='category-link linked' extentid='7011890a-4112-40b0-8ba7-c532388c5bce'>com.Yatra.TestScript.Flights.FlightPricing#TC_Yatra_Flight_090</span></td>
<td><div class='status label capitalize skip'>skip</div></td>
</tr>
<tbody>
</table>
</div>
</div> 
</li>
</ul>
</div>
</div>
</div>
</div>
<div id='cat-details-wrapper' class='col _addedCell2'>
<div class='contents'>
<div class='card-panel details-view'>
<h5 class='cat-name'></h5>
<div class='cat-container'>
</div>
</div>
</div>
</div>
</div>
<!-- /categories -->

<!-- exceptions -->
<!-- /exceptions -->

<!-- testrunner logs -->
<!-- /testrunner logs -->

</div>
<!-- /container -->

<!-- test dashboard counts setting -->
<div id='test-count-setting' class='modal bottom-sheet'> 
<div class='modal-content'> 
<h5>Configure Tests Count Setting</h5> 
<input name='test-count-setting' type='radio' id='parentWithoutNodes' class='with-gap'> 
<label for='parentWithoutNodes'>Parent Tests Only (Does not include child nodes in counts)</label> 
<br> 
<input name='test-count-setting' type='radio' id='parentWithoutNodesAndNodes' class='with-gap'> 
<label for='parentWithoutNodesAndNodes'>Parent Tests Without Child Tests + Child Tests</label> 
<br> 
<input name='test-count-setting' type='radio' id='childNodes' class='with-gap'> 
<label for='childNodes'>Child Tests Only</label> 
</div> 
<div class='modal-footer'> 
<a href='#!' class='modal-action modal-close waves-effect waves-green btn'>Save</a> 
</div> 
</div>
<!-- /test dashboard counts setting -->

<!-- filter for step status -->
<div id='step-status-filter' class='modal bottom-sheet'> 
<div class='modal-content'> 
<h5>Select status</h5> 
<input checked class='filled-in' type='checkbox' id='step-dashboard-filter-pass'> 
<label for='step-dashboard-filter-pass'>Pass</label> 
<br> 
<input checked class='filled-in' type='checkbox' id='step-dashboard-filter-fail'> 
<label for='step-dashboard-filter-fail'>Fail</label> 
<br> 
<input checked class='filled-in' type='checkbox' id='step-dashboard-filter-fatal'> 
<label for='step-dashboard-filter-fatal'>Fatal</label> 
<br> 
<input checked class='filled-in' type='checkbox' id='step-dashboard-filter-error'> 
<label for='step-dashboard-filter-error'>Error</label> 
<br> 
<input checked class='filled-in' type='checkbox' id='step-dashboard-filter-warning'> 
<label for='step-dashboard-filter-warning'>Warning</label> 
<br> 
<input checked class='filled-in' type='checkbox' id='step-dashboard-filter-skip'> 
<label for='step-dashboard-filter-skip'>Skipped</label> 
<br> 
<input checked class='filled-in' type='checkbox' id='step-dashboard-filter-info'> 
<label for='step-dashboard-filter-info'>Info</label> 
<br> 
<input checked class='filled-in' type='checkbox' id='step-dashboard-filter-unknown'> 
<label for='step-dashboard-filter-unknown'>Unknown</label> 
</div>
<div class='modal-footer'> 
<a href='#!' class='modal-action modal-close waves-effect waves-green btn'>Save</a> 
</div> 
</div>
<!-- /filter for step status -->

<script src='https://cdn.rawgit.com/anshooarora/extentreports/c936a26fc8bb9c5fc0253b5bc6f289e1d14bb595/cdn/extent.js' type='text/javascript'></script>

<script>$(document).ready(function() { $('.logo span').html('ExtentReports'); });</script>
<script>

      
        $(document).ready(function() {
          $('td.status.unknown').parent().hide();
          $('a.logo-content>span').remove();
          $('a.logo-content').attr('href','http://www.Yatra.com');
          $('a.logo-content').html('Yatra');
          $('nav>ul>li>span')[1].remove();
          $('.dashboard-view').click();
        });
        
        window.addEventListener("keyup", checkKeyUp, true);
    window.addEventListener("keydown", checkKeyDown, true);
    var keys = [];
    function checkKeyDown(e) {
        keys[e.keyCode] = true;
        if(keys[17] && keys[18] && keys[69]) {
            $('td.status.unknown').parent().fadeToggle(500);
        }
    }
    function checkKeyUp(e) {
         keys[e.keyCode] = false;
    }
      
    
</script>
</body>
</html>
