<?xml version="1.0" encoding="UTF-8"?>
<testng-results skipped="13" failed="0" total="13" passed="0">
  <reporter-output>
    <line>
      <![CDATA[<div class="test-event"> <font color="maroon"> <small> &emsp; &emsp;--- 30 Mar 18:13:50 199 - TestCaseID:: TC_Yatra_Flight_087</small> </font> </div>]]>
    </line>
    <line>
      <![CDATA[<div class="test-event"> <font color="maroon"> <small> &emsp; &emsp;--- 30 Mar 18:13:50 847 - TestCaseID:: TC_Yatra_Flight_088</small> </font> </div>]]>
    </line>
    <line>
      <![CDATA[<div class="test-event"> <font color="maroon"> <small> &emsp; &emsp;--- 30 Mar 18:13:50 890 - TestCaseID:: TC_Yatra_Flight_089</small> </font> </div>]]>
    </line>
    <line>
      <![CDATA[<div class="test-event"> <font color="maroon"> <small> &emsp; &emsp;--- 30 Mar 18:13:50 909 - TestCaseID:: TC_Yatra_Flight_090</small> </font> </div>]]>
    </line>
    <line>
      <![CDATA[<div class="test-event"> <font color="maroon"> <small> &emsp; &emsp;--- 30 Mar 18:13:50 930 - TestCaseID:: TC_Yatra_Flight_091</small> </font> </div>]]>
    </line>
    <line>
      <![CDATA[<div class="test-event"> <font color="maroon"> <small> &emsp; &emsp;--- 30 Mar 18:13:50 959 - TestCaseID:: TC_Yatra_Flight_092</small> </font> </div>]]>
    </line>
    <line>
      <![CDATA[<div class="test-event"> <font color="maroon"> <small> &emsp; &emsp;--- 30 Mar 18:13:50 982 - TestCaseID:: TC_Yatra_Flight_096</small> </font> </div>]]>
    </line>
    <line>
      <![CDATA[<div class="test-event"> <font color="maroon"> <small> &emsp; &emsp;--- 30 Mar 18:13:50 999 - TestCaseID:: TC_Yatra_Flight_106</small> </font> </div>]]>
    </line>
    <line>
      <![CDATA[<div class="test-event"> <font color="maroon"> <small> &emsp; &emsp;--- 30 Mar 18:13:51 020 - TestCaseID:: TC_Yatra_Flight_107</small> </font> </div>]]>
    </line>
    <line>
      <![CDATA[<div class="test-event"> <font color="maroon"> <small> &emsp; &emsp;--- 30 Mar 18:13:51 036 - TestCaseID:: TC_Yatra_Flight_108</small> </font> </div>]]>
    </line>
    <line>
      <![CDATA[<div class="test-event"> <font color="maroon"> <small> &emsp; &emsp;--- 30 Mar 18:13:51 052 - TestCaseID:: TC_Yatra_Flight_109</small> </font> </div>]]>
    </line>
    <line>
      <![CDATA[<div class="test-event"> <font color="maroon"> <small> &emsp; &emsp;--- 30 Mar 18:13:51 068 - TestCaseID:: TC_Yatra_Flight_110</small> </font> </div>]]>
    </line>
    <line>
      <![CDATA[<div class="test-event"> <font color="maroon"> <small> &emsp; &emsp;--- 30 Mar 18:13:51 085 - TestCaseID:: TC_Yatra_Flight_111</small> </font> </div>]]>
    </line>
  </reporter-output>
  <suite name=" Yatra Web Automation Test" duration-ms="1113" started-at="2017-03-30T12:43:49Z" finished-at="2017-03-30T12:43:51Z">
    <groups>
      <group name="desktop">
        <method signature="FlightPricing.TC_Yatra_Flight_087(java.util.HashMap)[pri:0, instance:com.Yatra.TestScript.Flights.FlightPricing@23a5fd2]" name="TC_Yatra_Flight_087" class="com.Yatra.TestScript.Flights.FlightPricing"/>
        <method signature="FlightPricing.TC_Yatra_Flight_088(java.util.HashMap)[pri:0, instance:com.Yatra.TestScript.Flights.FlightPricing@23a5fd2]" name="TC_Yatra_Flight_088" class="com.Yatra.TestScript.Flights.FlightPricing"/>
        <method signature="FlightPricing.TC_Yatra_Flight_089(java.util.HashMap)[pri:0, instance:com.Yatra.TestScript.Flights.FlightPricing@23a5fd2]" name="TC_Yatra_Flight_089" class="com.Yatra.TestScript.Flights.FlightPricing"/>
        <method signature="FlightPricing.TC_Yatra_Flight_090(java.util.HashMap)[pri:0, instance:com.Yatra.TestScript.Flights.FlightPricing@23a5fd2]" name="TC_Yatra_Flight_090" class="com.Yatra.TestScript.Flights.FlightPricing"/>
        <method signature="FlightPricing.TC_Yatra_Flight_091(java.util.HashMap)[pri:0, instance:com.Yatra.TestScript.Flights.FlightPricing@23a5fd2]" name="TC_Yatra_Flight_091" class="com.Yatra.TestScript.Flights.FlightPricing"/>
        <method signature="FlightPricing.TC_Yatra_Flight_092(java.util.HashMap)[pri:0, instance:com.Yatra.TestScript.Flights.FlightPricing@23a5fd2]" name="TC_Yatra_Flight_092" class="com.Yatra.TestScript.Flights.FlightPricing"/>
        <method signature="FlightPricing.TC_Yatra_Flight_096(java.util.HashMap)[pri:0, instance:com.Yatra.TestScript.Flights.FlightPricing@23a5fd2]" name="TC_Yatra_Flight_096" class="com.Yatra.TestScript.Flights.FlightPricing"/>
        <method signature="FlightPricing.TC_Yatra_Flight_106(java.util.HashMap)[pri:0, instance:com.Yatra.TestScript.Flights.FlightPricing@23a5fd2]" name="TC_Yatra_Flight_106" class="com.Yatra.TestScript.Flights.FlightPricing"/>
        <method signature="FlightPricing.TC_Yatra_Flight_107(java.util.HashMap)[pri:0, instance:com.Yatra.TestScript.Flights.FlightPricing@23a5fd2]" name="TC_Yatra_Flight_107" class="com.Yatra.TestScript.Flights.FlightPricing"/>
        <method signature="FlightPricing.TC_Yatra_Flight_108(java.util.HashMap)[pri:0, instance:com.Yatra.TestScript.Flights.FlightPricing@23a5fd2]" name="TC_Yatra_Flight_108" class="com.Yatra.TestScript.Flights.FlightPricing"/>
        <method signature="FlightPricing.TC_Yatra_Flight_109(java.util.HashMap)[pri:0, instance:com.Yatra.TestScript.Flights.FlightPricing@23a5fd2]" name="TC_Yatra_Flight_109" class="com.Yatra.TestScript.Flights.FlightPricing"/>
        <method signature="FlightPricing.TC_Yatra_Flight_110(java.util.HashMap)[pri:0, instance:com.Yatra.TestScript.Flights.FlightPricing@23a5fd2]" name="TC_Yatra_Flight_110" class="com.Yatra.TestScript.Flights.FlightPricing"/>
        <method signature="FlightPricing.TC_Yatra_Flight_111(java.util.HashMap)[pri:0, instance:com.Yatra.TestScript.Flights.FlightPricing@23a5fd2]" name="TC_Yatra_Flight_111" class="com.Yatra.TestScript.Flights.FlightPricing"/>
      </group> <!-- desktop -->
    </groups>
    <test name="Flight Pricing" duration-ms="1113" started-at="2017-03-30T12:43:49Z" finished-at="2017-03-30T12:43:51Z">
      <class name="com.Yatra.TestScript.Flights.FlightPricing">
        <test-method status="PASS" signature="init(org.testng.ITestContext)[pri:0, instance:com.Yatra.TestScript.Flights.FlightPricing@23a5fd2]" name="init" is-config="true" duration-ms="9" started-at="2017-03-30T18:13:49Z" finished-at="2017-03-30T18:13:49Z">
          <params>
            <param index="0">
              <value>
                <![CDATA[org.testng.TestRunner@2826f61]]>
              </value>
            </param>
          </params>
          <reporter-output>
          </reporter-output>
        </test-method> <!-- init -->
        <test-method status="SKIP" signature="TC_Yatra_Flight_087(java.util.HashMap)[pri:0, instance:com.Yatra.TestScript.Flights.FlightPricing@23a5fd2]" name="TC_Yatra_Flight_087" duration-ms="0" started-at="2017-03-30T18:13:50Z" description="Check to price calculation for DOM flight-one way" data-provider="multipleExecutionData" finished-at="2017-03-30T18:13:50Z">
          <params>
            <param index="0">
              <value>
                <![CDATA[{Origin=DEL, ReturnDate=, Destination=MAA, Description=Check to price calculation for DOM flight-one way, PromoCode=NA, PassengerInfo=1_0_0, Infant=, Mobile=, EmailAddress=vandna.yatra@gmail.com, TestID=TC_Yatra_Flight_087, Insurance=No, RunMode=Yes, browser=chrome_windows, TripType=ONEWAY, Origin_Multicity=, Adult=, Class=Economy, DepartureDate=2, Domain=DOM, Child=, Destination_Multicity=, testCaseId=TC_Yatra_Flight_087, Password=password1}]]>
              </value>
            </param>
          </params>
          <exception class="org.testng.SkipException">
            <message>
              <![CDATA[Node is not started or down.]]>
            </message>
            <full-stacktrace>
              <![CDATA[org.testng.SkipException: Node is not started or down.
	at com.Yatra.Utils.WebDriverFactory.get(WebDriverFactory.java:430)
	at com.Yatra.Utils.WebDriverFactory.get(WebDriverFactory.java:226)
	at com.Yatra.TestScript.Flights.FlightPricing.TC_Yatra_Flight_087(FlightPricing.java:64)
	at sun.reflect.NativeMethodAccessorImpl.invoke0(Native Method)
	at sun.reflect.NativeMethodAccessorImpl.invoke(NativeMethodAccessorImpl.java:62)
	at sun.reflect.DelegatingMethodAccessorImpl.invoke(DelegatingMethodAccessorImpl.java:43)
	at java.lang.reflect.Method.invoke(Method.java:497)
	at org.testng.internal.MethodInvocationHelper.invokeMethod(MethodInvocationHelper.java:85)
	at org.testng.internal.Invoker.invokeMethod(Invoker.java:639)
	at org.testng.internal.Invoker.invokeTestMethod(Invoker.java:816)
	at org.testng.internal.Invoker.invokeTestMethods(Invoker.java:1124)
	at org.testng.internal.TestMethodWorker.invokeTestMethods(TestMethodWorker.java:125)
	at org.testng.internal.TestMethodWorker.run(TestMethodWorker.java:108)
	at org.testng.TestRunner.privateRun(TestRunner.java:774)
	at org.testng.TestRunner.run(TestRunner.java:624)
	at org.testng.SuiteRunner.runTest(SuiteRunner.java:359)
	at org.testng.SuiteRunner.runSequentially(SuiteRunner.java:354)
	at org.testng.SuiteRunner.privateRun(SuiteRunner.java:312)
	at org.testng.SuiteRunner.run(SuiteRunner.java:261)
	at org.testng.SuiteRunnerWorker.runSuite(SuiteRunnerWorker.java:52)
	at org.testng.SuiteRunnerWorker.run(SuiteRunnerWorker.java:86)
	at org.testng.TestNG.runSuitesSequentially(TestNG.java:1191)
	at org.testng.TestNG.runSuitesLocally(TestNG.java:1116)
	at org.testng.TestNG.run(TestNG.java:1024)
	at org.testng.remote.RemoteTestNG.run(RemoteTestNG.java:112)
	at org.testng.remote.RemoteTestNG.initAndRun(RemoteTestNG.java:205)
	at org.testng.remote.RemoteTestNG.main(RemoteTestNG.java:176)
]]>
            </full-stacktrace>
          </exception> <!-- org.testng.SkipException -->
          <reporter-output>
            <line>
              <![CDATA[<div class="test-event"> <font color="maroon"> <small> &emsp; &emsp;--- 30 Mar 18:13:50 199 - TestCaseID:: TC_Yatra_Flight_087</small> </font> </div>]]>
            </line>
          </reporter-output>
        </test-method> <!-- TC_Yatra_Flight_087 -->
        <test-method status="SKIP" signature="TC_Yatra_Flight_088(java.util.HashMap)[pri:0, instance:com.Yatra.TestScript.Flights.FlightPricing@23a5fd2]" name="TC_Yatra_Flight_088" duration-ms="0" started-at="2017-03-30T18:13:50Z" description="Check to price calculation for DOM flight-round trip" data-provider="multipleExecutionData" finished-at="2017-03-30T18:13:50Z">
          <params>
            <param index="0">
              <value>
                <![CDATA[{Origin=DEL, ReturnDate=8, Destination=BLR, Description=Check to price calculation for DOM flight-roundtrip, PromoCode=NA, PassengerInfo=1_0_0, Infant=, Mobile=, EmailAddress=vandna.yatra@gmail.com, TestID=TC_Yatra_Flight_088, Insurance=No, RunMode=Yes, browser=chrome_windows, TripType=ROUNDTRIP, Origin_Multicity=, Adult=, Class=Business, DepartureDate=5, Domain=DOM, Child=, Destination_Multicity=, testCaseId=TC_Yatra_Flight_088, Password=password1}]]>
              </value>
            </param>
          </params>
          <exception class="org.testng.SkipException">
            <message>
              <![CDATA[Node is not started or down.]]>
            </message>
            <full-stacktrace>
              <![CDATA[org.testng.SkipException: Node is not started or down.
	at com.Yatra.Utils.WebDriverFactory.get(WebDriverFactory.java:430)
	at com.Yatra.Utils.WebDriverFactory.get(WebDriverFactory.java:226)
	at com.Yatra.TestScript.Flights.FlightPricing.TC_Yatra_Flight_088(FlightPricing.java:122)
	at sun.reflect.NativeMethodAccessorImpl.invoke0(Native Method)
	at sun.reflect.NativeMethodAccessorImpl.invoke(NativeMethodAccessorImpl.java:62)
	at sun.reflect.DelegatingMethodAccessorImpl.invoke(DelegatingMethodAccessorImpl.java:43)
	at java.lang.reflect.Method.invoke(Method.java:497)
	at org.testng.internal.MethodInvocationHelper.invokeMethod(MethodInvocationHelper.java:85)
	at org.testng.internal.Invoker.invokeMethod(Invoker.java:639)
	at org.testng.internal.Invoker.invokeTestMethod(Invoker.java:816)
	at org.testng.internal.Invoker.invokeTestMethods(Invoker.java:1124)
	at org.testng.internal.TestMethodWorker.invokeTestMethods(TestMethodWorker.java:125)
	at org.testng.internal.TestMethodWorker.run(TestMethodWorker.java:108)
	at org.testng.TestRunner.privateRun(TestRunner.java:774)
	at org.testng.TestRunner.run(TestRunner.java:624)
	at org.testng.SuiteRunner.runTest(SuiteRunner.java:359)
	at org.testng.SuiteRunner.runSequentially(SuiteRunner.java:354)
	at org.testng.SuiteRunner.privateRun(SuiteRunner.java:312)
	at org.testng.SuiteRunner.run(SuiteRunner.java:261)
	at org.testng.SuiteRunnerWorker.runSuite(SuiteRunnerWorker.java:52)
	at org.testng.SuiteRunnerWorker.run(SuiteRunnerWorker.java:86)
	at org.testng.TestNG.runSuitesSequentially(TestNG.java:1191)
	at org.testng.TestNG.runSuitesLocally(TestNG.java:1116)
	at org.testng.TestNG.run(TestNG.java:1024)
	at org.testng.remote.RemoteTestNG.run(RemoteTestNG.java:112)
	at org.testng.remote.RemoteTestNG.initAndRun(RemoteTestNG.java:205)
	at org.testng.remote.RemoteTestNG.main(RemoteTestNG.java:176)
]]>
            </full-stacktrace>
          </exception> <!-- org.testng.SkipException -->
          <reporter-output>
            <line>
              <![CDATA[<div class="test-event"> <font color="maroon"> <small> &emsp; &emsp;--- 30 Mar 18:13:50 847 - TestCaseID:: TC_Yatra_Flight_088</small> </font> </div>]]>
            </line>
          </reporter-output>
        </test-method> <!-- TC_Yatra_Flight_088 -->
        <test-method status="SKIP" signature="TC_Yatra_Flight_089(java.util.HashMap)[pri:0, instance:com.Yatra.TestScript.Flights.FlightPricing@23a5fd2]" name="TC_Yatra_Flight_089" duration-ms="0" started-at="2017-03-30T18:13:50Z" description="Insurance added on pax page " data-provider="multipleExecutionData" finished-at="2017-03-30T18:13:50Z">
          <params>
            <param index="0">
              <value>
                <![CDATA[{Origin=DEL, ReturnDate=, Destination=CJB, Description=Insurance added on pax page, PromoCode=NA, PassengerInfo=1_0_0, Infant=, Mobile=, EmailAddress=vandna.yatra@gmail.com, TestID=TC_Yatra_Flight_089, Insurance=No, RunMode=Yes, browser=chrome_windows, TripType=ONEWAY, Origin_Multicity=, Adult=, Class=Economy, DepartureDate=4, Domain=DOM, Child=, Destination_Multicity=, testCaseId=TC_Yatra_Flight_089, Password=password1}]]>
              </value>
            </param>
          </params>
          <exception class="org.testng.SkipException">
            <message>
              <![CDATA[Node is not started or down.]]>
            </message>
            <full-stacktrace>
              <![CDATA[org.testng.SkipException: Node is not started or down.
	at com.Yatra.Utils.WebDriverFactory.get(WebDriverFactory.java:430)
	at com.Yatra.Utils.WebDriverFactory.get(WebDriverFactory.java:226)
	at com.Yatra.TestScript.Flights.FlightPricing.TC_Yatra_Flight_089(FlightPricing.java:188)
	at sun.reflect.NativeMethodAccessorImpl.invoke0(Native Method)
	at sun.reflect.NativeMethodAccessorImpl.invoke(NativeMethodAccessorImpl.java:62)
	at sun.reflect.DelegatingMethodAccessorImpl.invoke(DelegatingMethodAccessorImpl.java:43)
	at java.lang.reflect.Method.invoke(Method.java:497)
	at org.testng.internal.MethodInvocationHelper.invokeMethod(MethodInvocationHelper.java:85)
	at org.testng.internal.Invoker.invokeMethod(Invoker.java:639)
	at org.testng.internal.Invoker.invokeTestMethod(Invoker.java:816)
	at org.testng.internal.Invoker.invokeTestMethods(Invoker.java:1124)
	at org.testng.internal.TestMethodWorker.invokeTestMethods(TestMethodWorker.java:125)
	at org.testng.internal.TestMethodWorker.run(TestMethodWorker.java:108)
	at org.testng.TestRunner.privateRun(TestRunner.java:774)
	at org.testng.TestRunner.run(TestRunner.java:624)
	at org.testng.SuiteRunner.runTest(SuiteRunner.java:359)
	at org.testng.SuiteRunner.runSequentially(SuiteRunner.java:354)
	at org.testng.SuiteRunner.privateRun(SuiteRunner.java:312)
	at org.testng.SuiteRunner.run(SuiteRunner.java:261)
	at org.testng.SuiteRunnerWorker.runSuite(SuiteRunnerWorker.java:52)
	at org.testng.SuiteRunnerWorker.run(SuiteRunnerWorker.java:86)
	at org.testng.TestNG.runSuitesSequentially(TestNG.java:1191)
	at org.testng.TestNG.runSuitesLocally(TestNG.java:1116)
	at org.testng.TestNG.run(TestNG.java:1024)
	at org.testng.remote.RemoteTestNG.run(RemoteTestNG.java:112)
	at org.testng.remote.RemoteTestNG.initAndRun(RemoteTestNG.java:205)
	at org.testng.remote.RemoteTestNG.main(RemoteTestNG.java:176)
]]>
            </full-stacktrace>
          </exception> <!-- org.testng.SkipException -->
          <reporter-output>
            <line>
              <![CDATA[<div class="test-event"> <font color="maroon"> <small> &emsp; &emsp;--- 30 Mar 18:13:50 890 - TestCaseID:: TC_Yatra_Flight_089</small> </font> </div>]]>
            </line>
          </reporter-output>
        </test-method> <!-- TC_Yatra_Flight_089 -->
        <test-method status="SKIP" signature="TC_Yatra_Flight_090(java.util.HashMap)[pri:0, instance:com.Yatra.TestScript.Flights.FlightPricing@23a5fd2]" name="TC_Yatra_Flight_090" duration-ms="0" started-at="2017-03-30T18:13:50Z" description="Insurance verification on pax page removed" data-provider="multipleExecutionData" finished-at="2017-03-30T18:13:50Z">
          <params>
            <param index="0">
              <value>
                <![CDATA[{Origin=DEL, ReturnDate=, Destination=CJB, Description=Insurance verification on pax page removed, PromoCode=NA, PassengerInfo=1_0_0, Infant=, Mobile=, EmailAddress=vandna.yatra@gmail.com, TestID=TC_Yatra_Flight_090, Insurance=No, RunMode=Yes, browser=chrome_windows, TripType=ONEWAY, Origin_Multicity=, Adult=, Class=Economy, DepartureDate=3, Domain=DOM, Child=, Destination_Multicity=, testCaseId=TC_Yatra_Flight_090, Password=password1}]]>
              </value>
            </param>
          </params>
          <exception class="org.testng.SkipException">
            <message>
              <![CDATA[Node is not started or down.]]>
            </message>
            <full-stacktrace>
              <![CDATA[org.testng.SkipException: Node is not started or down.
	at com.Yatra.Utils.WebDriverFactory.get(WebDriverFactory.java:430)
	at com.Yatra.Utils.WebDriverFactory.get(WebDriverFactory.java:226)
	at com.Yatra.TestScript.Flights.FlightPricing.TC_Yatra_Flight_090(FlightPricing.java:259)
	at sun.reflect.NativeMethodAccessorImpl.invoke0(Native Method)
	at sun.reflect.NativeMethodAccessorImpl.invoke(NativeMethodAccessorImpl.java:62)
	at sun.reflect.DelegatingMethodAccessorImpl.invoke(DelegatingMethodAccessorImpl.java:43)
	at java.lang.reflect.Method.invoke(Method.java:497)
	at org.testng.internal.MethodInvocationHelper.invokeMethod(MethodInvocationHelper.java:85)
	at org.testng.internal.Invoker.invokeMethod(Invoker.java:639)
	at org.testng.internal.Invoker.invokeTestMethod(Invoker.java:816)
	at org.testng.internal.Invoker.invokeTestMethods(Invoker.java:1124)
	at org.testng.internal.TestMethodWorker.invokeTestMethods(TestMethodWorker.java:125)
	at org.testng.internal.TestMethodWorker.run(TestMethodWorker.java:108)
	at org.testng.TestRunner.privateRun(TestRunner.java:774)
	at org.testng.TestRunner.run(TestRunner.java:624)
	at org.testng.SuiteRunner.runTest(SuiteRunner.java:359)
	at org.testng.SuiteRunner.runSequentially(SuiteRunner.java:354)
	at org.testng.SuiteRunner.privateRun(SuiteRunner.java:312)
	at org.testng.SuiteRunner.run(SuiteRunner.java:261)
	at org.testng.SuiteRunnerWorker.runSuite(SuiteRunnerWorker.java:52)
	at org.testng.SuiteRunnerWorker.run(SuiteRunnerWorker.java:86)
	at org.testng.TestNG.runSuitesSequentially(TestNG.java:1191)
	at org.testng.TestNG.runSuitesLocally(TestNG.java:1116)
	at org.testng.TestNG.run(TestNG.java:1024)
	at org.testng.remote.RemoteTestNG.run(RemoteTestNG.java:112)
	at org.testng.remote.RemoteTestNG.initAndRun(RemoteTestNG.java:205)
	at org.testng.remote.RemoteTestNG.main(RemoteTestNG.java:176)
]]>
            </full-stacktrace>
          </exception> <!-- org.testng.SkipException -->
          <reporter-output>
            <line>
              <![CDATA[<div class="test-event"> <font color="maroon"> <small> &emsp; &emsp;--- 30 Mar 18:13:50 909 - TestCaseID:: TC_Yatra_Flight_090</small> </font> </div>]]>
            </line>
          </reporter-output>
        </test-method> <!-- TC_Yatra_Flight_090 -->
        <test-method status="SKIP" signature="TC_Yatra_Flight_091(java.util.HashMap)[pri:0, instance:com.Yatra.TestScript.Flights.FlightPricing@23a5fd2]" name="TC_Yatra_Flight_091" duration-ms="0" started-at="2017-03-30T18:13:50Z" description="eCash redemption on payswift page" data-provider="multipleExecutionData" finished-at="2017-03-30T18:13:50Z">
          <params>
            <param index="0">
              <value>
                <![CDATA[{Origin=DEL, ReturnDate=, Destination=CJB, Description=eCash redemption on payswift page, PromoCode=NA, PassengerInfo=1_1_0, Infant=-1,-2, Mobile=, EmailAddress=vandna.yatra@gmail.com, TestID=TC_Yatra_Flight_091, Insurance=No, RunMode=Yes, browser=chrome_windows, TripType=ONEWAY, Origin_Multicity=, Adult=-40,-25, Class=Economy, DepartureDate=5, Domain=DOM, Child=-14,-12, Destination_Multicity=, testCaseId=TC_Yatra_Flight_091, Password=password1}]]>
              </value>
            </param>
          </params>
          <exception class="org.testng.SkipException">
            <message>
              <![CDATA[Node is not started or down.]]>
            </message>
            <full-stacktrace>
              <![CDATA[org.testng.SkipException: Node is not started or down.
	at com.Yatra.Utils.WebDriverFactory.get(WebDriverFactory.java:430)
	at com.Yatra.Utils.WebDriverFactory.get(WebDriverFactory.java:226)
	at com.Yatra.TestScript.Flights.FlightPricing.TC_Yatra_Flight_091(FlightPricing.java:749)
	at sun.reflect.NativeMethodAccessorImpl.invoke0(Native Method)
	at sun.reflect.NativeMethodAccessorImpl.invoke(NativeMethodAccessorImpl.java:62)
	at sun.reflect.DelegatingMethodAccessorImpl.invoke(DelegatingMethodAccessorImpl.java:43)
	at java.lang.reflect.Method.invoke(Method.java:497)
	at org.testng.internal.MethodInvocationHelper.invokeMethod(MethodInvocationHelper.java:85)
	at org.testng.internal.Invoker.invokeMethod(Invoker.java:639)
	at org.testng.internal.Invoker.invokeTestMethod(Invoker.java:816)
	at org.testng.internal.Invoker.invokeTestMethods(Invoker.java:1124)
	at org.testng.internal.TestMethodWorker.invokeTestMethods(TestMethodWorker.java:125)
	at org.testng.internal.TestMethodWorker.run(TestMethodWorker.java:108)
	at org.testng.TestRunner.privateRun(TestRunner.java:774)
	at org.testng.TestRunner.run(TestRunner.java:624)
	at org.testng.SuiteRunner.runTest(SuiteRunner.java:359)
	at org.testng.SuiteRunner.runSequentially(SuiteRunner.java:354)
	at org.testng.SuiteRunner.privateRun(SuiteRunner.java:312)
	at org.testng.SuiteRunner.run(SuiteRunner.java:261)
	at org.testng.SuiteRunnerWorker.runSuite(SuiteRunnerWorker.java:52)
	at org.testng.SuiteRunnerWorker.run(SuiteRunnerWorker.java:86)
	at org.testng.TestNG.runSuitesSequentially(TestNG.java:1191)
	at org.testng.TestNG.runSuitesLocally(TestNG.java:1116)
	at org.testng.TestNG.run(TestNG.java:1024)
	at org.testng.remote.RemoteTestNG.run(RemoteTestNG.java:112)
	at org.testng.remote.RemoteTestNG.initAndRun(RemoteTestNG.java:205)
	at org.testng.remote.RemoteTestNG.main(RemoteTestNG.java:176)
]]>
            </full-stacktrace>
          </exception> <!-- org.testng.SkipException -->
          <reporter-output>
            <line>
              <![CDATA[<div class="test-event"> <font color="maroon"> <small> &emsp; &emsp;--- 30 Mar 18:13:50 930 - TestCaseID:: TC_Yatra_Flight_091</small> </font> </div>]]>
            </line>
          </reporter-output>
        </test-method> <!-- TC_Yatra_Flight_091 -->
        <test-method status="SKIP" signature="TC_Yatra_Flight_092(java.util.HashMap)[pri:0, instance:com.Yatra.TestScript.Flights.FlightPricing@23a5fd2]" name="TC_Yatra_Flight_092" duration-ms="0" started-at="2017-03-30T18:13:50Z" description="eCash redemption on payswift page" data-provider="multipleExecutionData" finished-at="2017-03-30T18:13:50Z">
          <params>
            <param index="0">
              <value>
                <![CDATA[{Origin=DEL, ReturnDate=, Destination=CJB, Description=eCash redemption on payswift page, PromoCode=NA, PassengerInfo=1_1_0, Infant=-1,-2, Mobile=, EmailAddress=vandna.yatra@gmail.com, TestID=TC_Yatra_Flight_092, Insurance=No, RunMode=Yes, browser=chrome_windows, TripType=ONEWAY, Origin_Multicity=, Adult=-40,-25, Class=Economy, DepartureDate=5, Domain=DOM, Child=-14,-12, Destination_Multicity=, testCaseId=TC_Yatra_Flight_092, Password=password1}]]>
              </value>
            </param>
          </params>
          <exception class="org.testng.SkipException">
            <message>
              <![CDATA[Node is not started or down.]]>
            </message>
            <full-stacktrace>
              <![CDATA[org.testng.SkipException: Node is not started or down.
	at com.Yatra.Utils.WebDriverFactory.get(WebDriverFactory.java:430)
	at com.Yatra.Utils.WebDriverFactory.get(WebDriverFactory.java:226)
	at com.Yatra.TestScript.Flights.FlightPricing.TC_Yatra_Flight_092(FlightPricing.java:840)
	at sun.reflect.NativeMethodAccessorImpl.invoke0(Native Method)
	at sun.reflect.NativeMethodAccessorImpl.invoke(NativeMethodAccessorImpl.java:62)
	at sun.reflect.DelegatingMethodAccessorImpl.invoke(DelegatingMethodAccessorImpl.java:43)
	at java.lang.reflect.Method.invoke(Method.java:497)
	at org.testng.internal.MethodInvocationHelper.invokeMethod(MethodInvocationHelper.java:85)
	at org.testng.internal.Invoker.invokeMethod(Invoker.java:639)
	at org.testng.internal.Invoker.invokeTestMethod(Invoker.java:816)
	at org.testng.internal.Invoker.invokeTestMethods(Invoker.java:1124)
	at org.testng.internal.TestMethodWorker.invokeTestMethods(TestMethodWorker.java:125)
	at org.testng.internal.TestMethodWorker.run(TestMethodWorker.java:108)
	at org.testng.TestRunner.privateRun(TestRunner.java:774)
	at org.testng.TestRunner.run(TestRunner.java:624)
	at org.testng.SuiteRunner.runTest(SuiteRunner.java:359)
	at org.testng.SuiteRunner.runSequentially(SuiteRunner.java:354)
	at org.testng.SuiteRunner.privateRun(SuiteRunner.java:312)
	at org.testng.SuiteRunner.run(SuiteRunner.java:261)
	at org.testng.SuiteRunnerWorker.runSuite(SuiteRunnerWorker.java:52)
	at org.testng.SuiteRunnerWorker.run(SuiteRunnerWorker.java:86)
	at org.testng.TestNG.runSuitesSequentially(TestNG.java:1191)
	at org.testng.TestNG.runSuitesLocally(TestNG.java:1116)
	at org.testng.TestNG.run(TestNG.java:1024)
	at org.testng.remote.RemoteTestNG.run(RemoteTestNG.java:112)
	at org.testng.remote.RemoteTestNG.initAndRun(RemoteTestNG.java:205)
	at org.testng.remote.RemoteTestNG.main(RemoteTestNG.java:176)
]]>
            </full-stacktrace>
          </exception> <!-- org.testng.SkipException -->
          <reporter-output>
            <line>
              <![CDATA[<div class="test-event"> <font color="maroon"> <small> &emsp; &emsp;--- 30 Mar 18:13:50 959 - TestCaseID:: TC_Yatra_Flight_092</small> </font> </div>]]>
            </line>
          </reporter-output>
        </test-method> <!-- TC_Yatra_Flight_092 -->
        <test-method status="SKIP" signature="TC_Yatra_Flight_096(java.util.HashMap)[pri:0, instance:com.Yatra.TestScript.Flights.FlightPricing@23a5fd2]" name="TC_Yatra_Flight_096" duration-ms="0" started-at="2017-03-30T18:13:50Z" description="Check to price calculation for DOM flight-multicity" data-provider="multipleExecutionData" finished-at="2017-03-30T18:13:50Z">
          <params>
            <param index="0">
              <value>
                <![CDATA[{Origin=DEL, ReturnDate=4, Destination=BLR, Description=Check to price calculation for DOM flight-Multicity, PromoCode=NA, PassengerInfo=1_0_0, Infant=, Mobile=, EmailAddress=vandna.yatra@gmail.com, TestID=TC_Yatra_Flight_096, Insurance=No, RunMode=Yes, browser=chrome_windows, TripType=MULTICITY, Origin_Multicity=BLR, Adult=, Class=Economy, DepartureDate=2, Domain=DOM, Child=, Destination_Multicity=MAA, testCaseId=TC_Yatra_Flight_096, Password=password1}]]>
              </value>
            </param>
          </params>
          <exception class="org.testng.SkipException">
            <message>
              <![CDATA[Node is not started or down.]]>
            </message>
            <full-stacktrace>
              <![CDATA[org.testng.SkipException: Node is not started or down.
	at com.Yatra.Utils.WebDriverFactory.get(WebDriverFactory.java:430)
	at com.Yatra.Utils.WebDriverFactory.get(WebDriverFactory.java:226)
	at com.Yatra.TestScript.Flights.FlightPricing.TC_Yatra_Flight_096(FlightPricing.java:657)
	at sun.reflect.NativeMethodAccessorImpl.invoke0(Native Method)
	at sun.reflect.NativeMethodAccessorImpl.invoke(NativeMethodAccessorImpl.java:62)
	at sun.reflect.DelegatingMethodAccessorImpl.invoke(DelegatingMethodAccessorImpl.java:43)
	at java.lang.reflect.Method.invoke(Method.java:497)
	at org.testng.internal.MethodInvocationHelper.invokeMethod(MethodInvocationHelper.java:85)
	at org.testng.internal.Invoker.invokeMethod(Invoker.java:639)
	at org.testng.internal.Invoker.invokeTestMethod(Invoker.java:816)
	at org.testng.internal.Invoker.invokeTestMethods(Invoker.java:1124)
	at org.testng.internal.TestMethodWorker.invokeTestMethods(TestMethodWorker.java:125)
	at org.testng.internal.TestMethodWorker.run(TestMethodWorker.java:108)
	at org.testng.TestRunner.privateRun(TestRunner.java:774)
	at org.testng.TestRunner.run(TestRunner.java:624)
	at org.testng.SuiteRunner.runTest(SuiteRunner.java:359)
	at org.testng.SuiteRunner.runSequentially(SuiteRunner.java:354)
	at org.testng.SuiteRunner.privateRun(SuiteRunner.java:312)
	at org.testng.SuiteRunner.run(SuiteRunner.java:261)
	at org.testng.SuiteRunnerWorker.runSuite(SuiteRunnerWorker.java:52)
	at org.testng.SuiteRunnerWorker.run(SuiteRunnerWorker.java:86)
	at org.testng.TestNG.runSuitesSequentially(TestNG.java:1191)
	at org.testng.TestNG.runSuitesLocally(TestNG.java:1116)
	at org.testng.TestNG.run(TestNG.java:1024)
	at org.testng.remote.RemoteTestNG.run(RemoteTestNG.java:112)
	at org.testng.remote.RemoteTestNG.initAndRun(RemoteTestNG.java:205)
	at org.testng.remote.RemoteTestNG.main(RemoteTestNG.java:176)
]]>
            </full-stacktrace>
          </exception> <!-- org.testng.SkipException -->
          <reporter-output>
            <line>
              <![CDATA[<div class="test-event"> <font color="maroon"> <small> &emsp; &emsp;--- 30 Mar 18:13:50 982 - TestCaseID:: TC_Yatra_Flight_096</small> </font> </div>]]>
            </line>
          </reporter-output>
        </test-method> <!-- TC_Yatra_Flight_096 -->
        <test-method status="SKIP" signature="TC_Yatra_Flight_106(java.util.HashMap)[pri:0, instance:com.Yatra.TestScript.Flights.FlightPricing@23a5fd2]" name="TC_Yatra_Flight_106" duration-ms="0" started-at="2017-03-30T18:13:51Z" description="Change flight link verification on Review page - DOM" data-provider="multipleExecutionData" finished-at="2017-03-30T18:13:51Z">
          <params>
            <param index="0">
              <value>
                <![CDATA[{Origin=DEL, ReturnDate=, Destination=CJB, Description=Change flight link verification on Review page - DOM, PromoCode=NA, PassengerInfo=1_0_0, Infant=, Mobile=, EmailAddress=vandna.yatra@gmail.com, TestID=TC_Yatra_Flight_106, Insurance=No, RunMode=Yes, browser=chrome_windows, TripType=ONEWAY, Origin_Multicity=, Adult=, Class=Economy, DepartureDate=5, Domain=DOM, Child=, Destination_Multicity=, testCaseId=TC_Yatra_Flight_106, Password=password1}]]>
              </value>
            </param>
          </params>
          <exception class="org.testng.SkipException">
            <message>
              <![CDATA[Node is not started or down.]]>
            </message>
            <full-stacktrace>
              <![CDATA[org.testng.SkipException: Node is not started or down.
	at com.Yatra.Utils.WebDriverFactory.get(WebDriverFactory.java:430)
	at com.Yatra.Utils.WebDriverFactory.get(WebDriverFactory.java:226)
	at com.Yatra.TestScript.Flights.FlightPricing.TC_Yatra_Flight_106(FlightPricing.java:340)
	at sun.reflect.NativeMethodAccessorImpl.invoke0(Native Method)
	at sun.reflect.NativeMethodAccessorImpl.invoke(NativeMethodAccessorImpl.java:62)
	at sun.reflect.DelegatingMethodAccessorImpl.invoke(DelegatingMethodAccessorImpl.java:43)
	at java.lang.reflect.Method.invoke(Method.java:497)
	at org.testng.internal.MethodInvocationHelper.invokeMethod(MethodInvocationHelper.java:85)
	at org.testng.internal.Invoker.invokeMethod(Invoker.java:639)
	at org.testng.internal.Invoker.invokeTestMethod(Invoker.java:816)
	at org.testng.internal.Invoker.invokeTestMethods(Invoker.java:1124)
	at org.testng.internal.TestMethodWorker.invokeTestMethods(TestMethodWorker.java:125)
	at org.testng.internal.TestMethodWorker.run(TestMethodWorker.java:108)
	at org.testng.TestRunner.privateRun(TestRunner.java:774)
	at org.testng.TestRunner.run(TestRunner.java:624)
	at org.testng.SuiteRunner.runTest(SuiteRunner.java:359)
	at org.testng.SuiteRunner.runSequentially(SuiteRunner.java:354)
	at org.testng.SuiteRunner.privateRun(SuiteRunner.java:312)
	at org.testng.SuiteRunner.run(SuiteRunner.java:261)
	at org.testng.SuiteRunnerWorker.runSuite(SuiteRunnerWorker.java:52)
	at org.testng.SuiteRunnerWorker.run(SuiteRunnerWorker.java:86)
	at org.testng.TestNG.runSuitesSequentially(TestNG.java:1191)
	at org.testng.TestNG.runSuitesLocally(TestNG.java:1116)
	at org.testng.TestNG.run(TestNG.java:1024)
	at org.testng.remote.RemoteTestNG.run(RemoteTestNG.java:112)
	at org.testng.remote.RemoteTestNG.initAndRun(RemoteTestNG.java:205)
	at org.testng.remote.RemoteTestNG.main(RemoteTestNG.java:176)
]]>
            </full-stacktrace>
          </exception> <!-- org.testng.SkipException -->
          <reporter-output>
            <line>
              <![CDATA[<div class="test-event"> <font color="maroon"> <small> &emsp; &emsp;--- 30 Mar 18:13:50 999 - TestCaseID:: TC_Yatra_Flight_106</small> </font> </div>]]>
            </line>
          </reporter-output>
        </test-method> <!-- TC_Yatra_Flight_106 -->
        <test-method status="SKIP" signature="TC_Yatra_Flight_107(java.util.HashMap)[pri:0, instance:com.Yatra.TestScript.Flights.FlightPricing@23a5fd2]" name="TC_Yatra_Flight_107" duration-ms="0" started-at="2017-03-30T18:13:51Z" description="Change flight link verification on Review page - INTL" data-provider="multipleExecutionData" finished-at="2017-03-30T18:13:51Z">
          <params>
            <param index="0">
              <value>
                <![CDATA[{Origin=DEL, ReturnDate=, Destination=LON, Description=Change flight link verification on Review page - INTL, PromoCode=NA, PassengerInfo=1_0_0, Infant=, Mobile=, EmailAddress=vandna.yatra@gmail.com, TestID=TC_Yatra_Flight_107, Insurance=No, RunMode=Yes, browser=chrome_windows, TripType=ONEWAY, Origin_Multicity=, Adult=, Class=Economy, DepartureDate=5, Domain=INT, Child=, Destination_Multicity=, testCaseId=TC_Yatra_Flight_107, Password=password1}]]>
              </value>
            </param>
          </params>
          <exception class="org.testng.SkipException">
            <message>
              <![CDATA[Node is not started or down.]]>
            </message>
            <full-stacktrace>
              <![CDATA[org.testng.SkipException: Node is not started or down.
	at com.Yatra.Utils.WebDriverFactory.get(WebDriverFactory.java:430)
	at com.Yatra.Utils.WebDriverFactory.get(WebDriverFactory.java:226)
	at com.Yatra.TestScript.Flights.FlightPricing.TC_Yatra_Flight_107(FlightPricing.java:391)
	at sun.reflect.NativeMethodAccessorImpl.invoke0(Native Method)
	at sun.reflect.NativeMethodAccessorImpl.invoke(NativeMethodAccessorImpl.java:62)
	at sun.reflect.DelegatingMethodAccessorImpl.invoke(DelegatingMethodAccessorImpl.java:43)
	at java.lang.reflect.Method.invoke(Method.java:497)
	at org.testng.internal.MethodInvocationHelper.invokeMethod(MethodInvocationHelper.java:85)
	at org.testng.internal.Invoker.invokeMethod(Invoker.java:639)
	at org.testng.internal.Invoker.invokeTestMethod(Invoker.java:816)
	at org.testng.internal.Invoker.invokeTestMethods(Invoker.java:1124)
	at org.testng.internal.TestMethodWorker.invokeTestMethods(TestMethodWorker.java:125)
	at org.testng.internal.TestMethodWorker.run(TestMethodWorker.java:108)
	at org.testng.TestRunner.privateRun(TestRunner.java:774)
	at org.testng.TestRunner.run(TestRunner.java:624)
	at org.testng.SuiteRunner.runTest(SuiteRunner.java:359)
	at org.testng.SuiteRunner.runSequentially(SuiteRunner.java:354)
	at org.testng.SuiteRunner.privateRun(SuiteRunner.java:312)
	at org.testng.SuiteRunner.run(SuiteRunner.java:261)
	at org.testng.SuiteRunnerWorker.runSuite(SuiteRunnerWorker.java:52)
	at org.testng.SuiteRunnerWorker.run(SuiteRunnerWorker.java:86)
	at org.testng.TestNG.runSuitesSequentially(TestNG.java:1191)
	at org.testng.TestNG.runSuitesLocally(TestNG.java:1116)
	at org.testng.TestNG.run(TestNG.java:1024)
	at org.testng.remote.RemoteTestNG.run(RemoteTestNG.java:112)
	at org.testng.remote.RemoteTestNG.initAndRun(RemoteTestNG.java:205)
	at org.testng.remote.RemoteTestNG.main(RemoteTestNG.java:176)
]]>
            </full-stacktrace>
          </exception> <!-- org.testng.SkipException -->
          <reporter-output>
            <line>
              <![CDATA[<div class="test-event"> <font color="maroon"> <small> &emsp; &emsp;--- 30 Mar 18:13:51 020 - TestCaseID:: TC_Yatra_Flight_107</small> </font> </div>]]>
            </line>
          </reporter-output>
        </test-method> <!-- TC_Yatra_Flight_107 -->
        <test-method status="SKIP" signature="TC_Yatra_Flight_108(java.util.HashMap)[pri:0, instance:com.Yatra.TestScript.Flights.FlightPricing@23a5fd2]" name="TC_Yatra_Flight_108" duration-ms="0" started-at="2017-03-30T18:13:51Z" description="Applying promo code on review page- Promo dropdown Validation" data-provider="multipleExecutionData" finished-at="2017-03-30T18:13:51Z">
          <params>
            <param index="0">
              <value>
                <![CDATA[{Origin=DEL, ReturnDate=, Destination=LON, Description=Applying promo code on review page- Promo dropdown Validation, PromoCode=NA, PassengerInfo=1_0_0, Infant=, Mobile=, EmailAddress=vandna.yatra@gmail.com, TestID=TC_Yatra_Flight_108, Insurance=No, RunMode=Yes, browser=chrome_windows, TripType=ONEWAY, Origin_Multicity=, Adult=, Class=Economy, DepartureDate=5, Domain=DOM, Child=, Destination_Multicity=, testCaseId=TC_Yatra_Flight_108, Password=password1}]]>
              </value>
            </param>
          </params>
          <exception class="org.testng.SkipException">
            <message>
              <![CDATA[Node is not started or down.]]>
            </message>
            <full-stacktrace>
              <![CDATA[org.testng.SkipException: Node is not started or down.
	at com.Yatra.Utils.WebDriverFactory.get(WebDriverFactory.java:430)
	at com.Yatra.Utils.WebDriverFactory.get(WebDriverFactory.java:226)
	at com.Yatra.TestScript.Flights.FlightPricing.TC_Yatra_Flight_108(FlightPricing.java:443)
	at sun.reflect.NativeMethodAccessorImpl.invoke0(Native Method)
	at sun.reflect.NativeMethodAccessorImpl.invoke(NativeMethodAccessorImpl.java:62)
	at sun.reflect.DelegatingMethodAccessorImpl.invoke(DelegatingMethodAccessorImpl.java:43)
	at java.lang.reflect.Method.invoke(Method.java:497)
	at org.testng.internal.MethodInvocationHelper.invokeMethod(MethodInvocationHelper.java:85)
	at org.testng.internal.Invoker.invokeMethod(Invoker.java:639)
	at org.testng.internal.Invoker.invokeTestMethod(Invoker.java:816)
	at org.testng.internal.Invoker.invokeTestMethods(Invoker.java:1124)
	at org.testng.internal.TestMethodWorker.invokeTestMethods(TestMethodWorker.java:125)
	at org.testng.internal.TestMethodWorker.run(TestMethodWorker.java:108)
	at org.testng.TestRunner.privateRun(TestRunner.java:774)
	at org.testng.TestRunner.run(TestRunner.java:624)
	at org.testng.SuiteRunner.runTest(SuiteRunner.java:359)
	at org.testng.SuiteRunner.runSequentially(SuiteRunner.java:354)
	at org.testng.SuiteRunner.privateRun(SuiteRunner.java:312)
	at org.testng.SuiteRunner.run(SuiteRunner.java:261)
	at org.testng.SuiteRunnerWorker.runSuite(SuiteRunnerWorker.java:52)
	at org.testng.SuiteRunnerWorker.run(SuiteRunnerWorker.java:86)
	at org.testng.TestNG.runSuitesSequentially(TestNG.java:1191)
	at org.testng.TestNG.runSuitesLocally(TestNG.java:1116)
	at org.testng.TestNG.run(TestNG.java:1024)
	at org.testng.remote.RemoteTestNG.run(RemoteTestNG.java:112)
	at org.testng.remote.RemoteTestNG.initAndRun(RemoteTestNG.java:205)
	at org.testng.remote.RemoteTestNG.main(RemoteTestNG.java:176)
]]>
            </full-stacktrace>
          </exception> <!-- org.testng.SkipException -->
          <reporter-output>
            <line>
              <![CDATA[<div class="test-event"> <font color="maroon"> <small> &emsp; &emsp;--- 30 Mar 18:13:51 036 - TestCaseID:: TC_Yatra_Flight_108</small> </font> </div>]]>
            </line>
          </reporter-output>
        </test-method> <!-- TC_Yatra_Flight_108 -->
        <test-method status="SKIP" signature="TC_Yatra_Flight_109(java.util.HashMap)[pri:0, instance:com.Yatra.TestScript.Flights.FlightPricing@23a5fd2]" name="TC_Yatra_Flight_109" duration-ms="0" started-at="2017-03-30T18:13:51Z" description="Applying promo code on review page- Promo Coupon Selection" data-provider="multipleExecutionData" finished-at="2017-03-30T18:13:51Z">
          <params>
            <param index="0">
              <value>
                <![CDATA[{Origin=DEL, ReturnDate=, Destination=LON, Description=Applying promo code on review page- Promo Coupon Selection, PromoCode=NA, PassengerInfo=1_0_0, Infant=, Mobile=, EmailAddress=vandna.yatra@gmail.com, TestID=TC_Yatra_Flight_109, Insurance=No, RunMode=Yes, browser=chrome_windows, TripType=ONEWAY, Origin_Multicity=, Adult=, Class=Economy, DepartureDate=5, Domain=INT, Child=, Destination_Multicity=, testCaseId=TC_Yatra_Flight_109, Password=password1}]]>
              </value>
            </param>
          </params>
          <exception class="org.testng.SkipException">
            <message>
              <![CDATA[Node is not started or down.]]>
            </message>
            <full-stacktrace>
              <![CDATA[org.testng.SkipException: Node is not started or down.
	at com.Yatra.Utils.WebDriverFactory.get(WebDriverFactory.java:430)
	at com.Yatra.Utils.WebDriverFactory.get(WebDriverFactory.java:226)
	at com.Yatra.TestScript.Flights.FlightPricing.TC_Yatra_Flight_109(FlightPricing.java:499)
	at sun.reflect.NativeMethodAccessorImpl.invoke0(Native Method)
	at sun.reflect.NativeMethodAccessorImpl.invoke(NativeMethodAccessorImpl.java:62)
	at sun.reflect.DelegatingMethodAccessorImpl.invoke(DelegatingMethodAccessorImpl.java:43)
	at java.lang.reflect.Method.invoke(Method.java:497)
	at org.testng.internal.MethodInvocationHelper.invokeMethod(MethodInvocationHelper.java:85)
	at org.testng.internal.Invoker.invokeMethod(Invoker.java:639)
	at org.testng.internal.Invoker.invokeTestMethod(Invoker.java:816)
	at org.testng.internal.Invoker.invokeTestMethods(Invoker.java:1124)
	at org.testng.internal.TestMethodWorker.invokeTestMethods(TestMethodWorker.java:125)
	at org.testng.internal.TestMethodWorker.run(TestMethodWorker.java:108)
	at org.testng.TestRunner.privateRun(TestRunner.java:774)
	at org.testng.TestRunner.run(TestRunner.java:624)
	at org.testng.SuiteRunner.runTest(SuiteRunner.java:359)
	at org.testng.SuiteRunner.runSequentially(SuiteRunner.java:354)
	at org.testng.SuiteRunner.privateRun(SuiteRunner.java:312)
	at org.testng.SuiteRunner.run(SuiteRunner.java:261)
	at org.testng.SuiteRunnerWorker.runSuite(SuiteRunnerWorker.java:52)
	at org.testng.SuiteRunnerWorker.run(SuiteRunnerWorker.java:86)
	at org.testng.TestNG.runSuitesSequentially(TestNG.java:1191)
	at org.testng.TestNG.runSuitesLocally(TestNG.java:1116)
	at org.testng.TestNG.run(TestNG.java:1024)
	at org.testng.remote.RemoteTestNG.run(RemoteTestNG.java:112)
	at org.testng.remote.RemoteTestNG.initAndRun(RemoteTestNG.java:205)
	at org.testng.remote.RemoteTestNG.main(RemoteTestNG.java:176)
]]>
            </full-stacktrace>
          </exception> <!-- org.testng.SkipException -->
          <reporter-output>
            <line>
              <![CDATA[<div class="test-event"> <font color="maroon"> <small> &emsp; &emsp;--- 30 Mar 18:13:51 052 - TestCaseID:: TC_Yatra_Flight_109</small> </font> </div>]]>
            </line>
          </reporter-output>
        </test-method> <!-- TC_Yatra_Flight_109 -->
        <test-method status="SKIP" signature="TC_Yatra_Flight_110(java.util.HashMap)[pri:0, instance:com.Yatra.TestScript.Flights.FlightPricing@23a5fd2]" name="TC_Yatra_Flight_110" duration-ms="0" started-at="2017-03-30T18:13:51Z" description="Applying promo code on review page- Have a Promo Code Validation" data-provider="multipleExecutionData" finished-at="2017-03-30T18:13:51Z">
          <params>
            <param index="0">
              <value>
                <![CDATA[{Origin=DEL, ReturnDate=, Destination=LON, Description=Applying promo code on review page- Have a Promo Code link Validation, PromoCode=NA, PassengerInfo=1_0_0, Infant=, Mobile=, EmailAddress=vandna.yatra@gmail.com, TestID=TC_Yatra_Flight_110, Insurance=No, RunMode=Yes, browser=chrome_windows, TripType=ONEWAY, Origin_Multicity=, Adult=, Class=Economy, DepartureDate=5, Domain=INT, Child=, Destination_Multicity=, testCaseId=TC_Yatra_Flight_110, Password=password1}]]>
              </value>
            </param>
          </params>
          <exception class="org.testng.SkipException">
            <message>
              <![CDATA[Node is not started or down.]]>
            </message>
            <full-stacktrace>
              <![CDATA[org.testng.SkipException: Node is not started or down.
	at com.Yatra.Utils.WebDriverFactory.get(WebDriverFactory.java:430)
	at com.Yatra.Utils.WebDriverFactory.get(WebDriverFactory.java:226)
	at com.Yatra.TestScript.Flights.FlightPricing.TC_Yatra_Flight_110(FlightPricing.java:548)
	at sun.reflect.NativeMethodAccessorImpl.invoke0(Native Method)
	at sun.reflect.NativeMethodAccessorImpl.invoke(NativeMethodAccessorImpl.java:62)
	at sun.reflect.DelegatingMethodAccessorImpl.invoke(DelegatingMethodAccessorImpl.java:43)
	at java.lang.reflect.Method.invoke(Method.java:497)
	at org.testng.internal.MethodInvocationHelper.invokeMethod(MethodInvocationHelper.java:85)
	at org.testng.internal.Invoker.invokeMethod(Invoker.java:639)
	at org.testng.internal.Invoker.invokeTestMethod(Invoker.java:816)
	at org.testng.internal.Invoker.invokeTestMethods(Invoker.java:1124)
	at org.testng.internal.TestMethodWorker.invokeTestMethods(TestMethodWorker.java:125)
	at org.testng.internal.TestMethodWorker.run(TestMethodWorker.java:108)
	at org.testng.TestRunner.privateRun(TestRunner.java:774)
	at org.testng.TestRunner.run(TestRunner.java:624)
	at org.testng.SuiteRunner.runTest(SuiteRunner.java:359)
	at org.testng.SuiteRunner.runSequentially(SuiteRunner.java:354)
	at org.testng.SuiteRunner.privateRun(SuiteRunner.java:312)
	at org.testng.SuiteRunner.run(SuiteRunner.java:261)
	at org.testng.SuiteRunnerWorker.runSuite(SuiteRunnerWorker.java:52)
	at org.testng.SuiteRunnerWorker.run(SuiteRunnerWorker.java:86)
	at org.testng.TestNG.runSuitesSequentially(TestNG.java:1191)
	at org.testng.TestNG.runSuitesLocally(TestNG.java:1116)
	at org.testng.TestNG.run(TestNG.java:1024)
	at org.testng.remote.RemoteTestNG.run(RemoteTestNG.java:112)
	at org.testng.remote.RemoteTestNG.initAndRun(RemoteTestNG.java:205)
	at org.testng.remote.RemoteTestNG.main(RemoteTestNG.java:176)
]]>
            </full-stacktrace>
          </exception> <!-- org.testng.SkipException -->
          <reporter-output>
            <line>
              <![CDATA[<div class="test-event"> <font color="maroon"> <small> &emsp; &emsp;--- 30 Mar 18:13:51 068 - TestCaseID:: TC_Yatra_Flight_110</small> </font> </div>]]>
            </line>
          </reporter-output>
        </test-method> <!-- TC_Yatra_Flight_110 -->
        <test-method status="SKIP" signature="TC_Yatra_Flight_111(java.util.HashMap)[pri:0, instance:com.Yatra.TestScript.Flights.FlightPricing@23a5fd2]" name="TC_Yatra_Flight_111" duration-ms="0" started-at="2017-03-30T18:13:51Z" description="Applying promo code on review page-  Have a Promo Code submission" data-provider="multipleExecutionData" finished-at="2017-03-30T18:13:51Z">
          <params>
            <param index="0">
              <value>
                <![CDATA[{Origin=DEL, ReturnDate=, Destination=LON, Description=Applying promo code on review page-  Have a Promo Code submission, PromoCode=NA, PassengerInfo=1_0_0, Infant=, Mobile=, EmailAddress=vandna.yatra@gmail.com, TestID=TC_Yatra_Flight_111, Insurance=No, RunMode=Yes, browser=chrome_windows, TripType=ONEWAY, Origin_Multicity=, Adult=, Class=Economy, DepartureDate=5, Domain=INT, Child=, Destination_Multicity=, testCaseId=TC_Yatra_Flight_111, Password=password1}]]>
              </value>
            </param>
          </params>
          <exception class="org.testng.SkipException">
            <message>
              <![CDATA[Node is not started or down.]]>
            </message>
            <full-stacktrace>
              <![CDATA[org.testng.SkipException: Node is not started or down.
	at com.Yatra.Utils.WebDriverFactory.get(WebDriverFactory.java:430)
	at com.Yatra.Utils.WebDriverFactory.get(WebDriverFactory.java:226)
	at com.Yatra.TestScript.Flights.FlightPricing.TC_Yatra_Flight_111(FlightPricing.java:601)
	at sun.reflect.NativeMethodAccessorImpl.invoke0(Native Method)
	at sun.reflect.NativeMethodAccessorImpl.invoke(NativeMethodAccessorImpl.java:62)
	at sun.reflect.DelegatingMethodAccessorImpl.invoke(DelegatingMethodAccessorImpl.java:43)
	at java.lang.reflect.Method.invoke(Method.java:497)
	at org.testng.internal.MethodInvocationHelper.invokeMethod(MethodInvocationHelper.java:85)
	at org.testng.internal.Invoker.invokeMethod(Invoker.java:639)
	at org.testng.internal.Invoker.invokeTestMethod(Invoker.java:816)
	at org.testng.internal.Invoker.invokeTestMethods(Invoker.java:1124)
	at org.testng.internal.TestMethodWorker.invokeTestMethods(TestMethodWorker.java:125)
	at org.testng.internal.TestMethodWorker.run(TestMethodWorker.java:108)
	at org.testng.TestRunner.privateRun(TestRunner.java:774)
	at org.testng.TestRunner.run(TestRunner.java:624)
	at org.testng.SuiteRunner.runTest(SuiteRunner.java:359)
	at org.testng.SuiteRunner.runSequentially(SuiteRunner.java:354)
	at org.testng.SuiteRunner.privateRun(SuiteRunner.java:312)
	at org.testng.SuiteRunner.run(SuiteRunner.java:261)
	at org.testng.SuiteRunnerWorker.runSuite(SuiteRunnerWorker.java:52)
	at org.testng.SuiteRunnerWorker.run(SuiteRunnerWorker.java:86)
	at org.testng.TestNG.runSuitesSequentially(TestNG.java:1191)
	at org.testng.TestNG.runSuitesLocally(TestNG.java:1116)
	at org.testng.TestNG.run(TestNG.java:1024)
	at org.testng.remote.RemoteTestNG.run(RemoteTestNG.java:112)
	at org.testng.remote.RemoteTestNG.initAndRun(RemoteTestNG.java:205)
	at org.testng.remote.RemoteTestNG.main(RemoteTestNG.java:176)
]]>
            </full-stacktrace>
          </exception> <!-- org.testng.SkipException -->
          <reporter-output>
            <line>
              <![CDATA[<div class="test-event"> <font color="maroon"> <small> &emsp; &emsp;--- 30 Mar 18:13:51 085 - TestCaseID:: TC_Yatra_Flight_111</small> </font> </div>]]>
            </line>
          </reporter-output>
        </test-method> <!-- TC_Yatra_Flight_111 -->
      </class> <!-- com.Yatra.TestScript.Flights.FlightPricing -->
    </test> <!-- Flight Pricing -->
  </suite> <!--  Yatra Web Automation Test -->
</testng-results>
