<?xml version="1.0" encoding="UTF-8"?>
<!-- Generated by org.testng.reporters.JUnitXMLReporter -->
<testsuite hostname="aspireggn55" name="Train" tests="49" failures="15" timestamp="10 May 2017 14:09:12 GMT" time="3232.75" errors="0">
  <testcase name="TC_Yatra_Train_001" time="39.912" classname="com.Yatra.TestScript.Trains.Train"/>
  <testcase name="TC_Yatra_Train_002" time="11.885" classname="com.Yatra.TestScript.Trains.Train"/>
  <testcase name="TC_Yatra_Train_003" time="12.282" classname="com.Yatra.TestScript.Trains.Train"/>
  <testcase name="TC_Yatra_Train_004" time="35.776" classname="com.Yatra.TestScript.Trains.Train"/>
  <testcase name="TC_Yatra_Train_005" time="30.919" classname="com.Yatra.TestScript.Trains.Train"/>
  <testcase name="TC_Yatra_Train_006" time="39.668" classname="com.Yatra.TestScript.Trains.Train"/>
  <testcase name="TC_Yatra_Train_007" time="27.385" classname="com.Yatra.TestScript.Trains.Train"/>
  <testcase name="TC_Yatra_Train_008" time="44.819" classname="com.Yatra.TestScript.Trains.Train"/>
  <testcase name="TC_Yatra_Train_009" time="22.172" classname="com.Yatra.TestScript.Trains.Train"/>
  <testcase name="TC_Yatra_Train_010" time="35.898" classname="com.Yatra.TestScript.Trains.Train"/>
  <testcase name="TC_Yatra_Train_011" time="23.748" classname="com.Yatra.TestScript.Trains.Train">
    <failure type="org.openqa.selenium.NoSuchElementException" message="no such element: Unable to locate element: {&amp;quot;method&amp;quot;:&amp;quot;css selector&amp;quot;,&amp;quot;selector&amp;quot;:&amp;quot;ul[class*=&amp;apos;train-info-block true&amp;apos;]:nth-child(1)&amp;gt;li[class*=&amp;apos;trainClass&amp;apos;]&amp;gt;p&amp;quot;}
  (Session info: chrome=58.0.3029.96)
  (Driver info: chromedriver=2.28.455520 (cc17746adff54984afff480136733114c6b3704b),platform=Windows NT 6.1.7601 SP1 x86_64) (WARNING: The server did not provide any stacktrace information)
Command duration or timeout: 24 milliseconds
For documentation on this error, please visit: http://seleniumhq.org/exceptions/no_such_element.html
Build info: version: &amp;apos;3.3.1&amp;apos;, revision: &amp;apos;5234b32&amp;apos;, time: &amp;apos;2017-03-10 09:04:52 -0800&amp;apos;
System info: host: &amp;apos;ASPIREGGN55&amp;apos;, ip: &amp;apos;172.24.200.55&amp;apos;, os.name: &amp;apos;Windows 7&amp;apos;, os.arch: &amp;apos;amd64&amp;apos;, os.version: &amp;apos;6.1&amp;apos;, java.version: &amp;apos;1.8.0_60&amp;apos;
Driver info: org.openqa.selenium.chrome.ChromeDriver
Capabilities [{applicationCacheEnabled=false, rotatable=false, mobileEmulationEnabled=false, networkConnectionEnabled=false, chrome={chromedriverVersion=2.28.455520 (cc17746adff54984afff480136733114c6b3704b), userDataDir=C:\Users\VANDNA~1.UPP\AppData\Local\Temp\scoped_dir6332_29875}, takesHeapSnapshot=true, pageLoadStrategy=normal, databaseEnabled=false, handlesAlerts=true, hasTouchScreen=false, version=58.0.3029.96, platform=XP, browserConnectionEnabled=false, nativeEvents=true, acceptSslCerts=true, locationContextEnabled=true, webStorageEnabled=true, browserName=chrome, takesScreenshot=true, javascriptEnabled=true, cssSelectorsEnabled=true, unexpectedAlertBehaviour=}]
Session ID: 501f2ce3c48f279f6d0f4f2e07bd7092
*** Element info: {Using=css selector, value=ul[class*=&amp;apos;train-info-block true&amp;apos;]:nth-child(1)&amp;gt;li[class*=&amp;apos;trainClass&amp;apos;]&amp;gt;p}
Command duration or timeout: 228 milliseconds">
      <![CDATA[org.openqa.selenium.NoSuchElementException: no such element: Unable to locate element: {"method":"css selector","selector":"ul[class*='train-info-block true']:nth-child(1)>li[class*='trainClass']>p"}
  (Session info: chrome=58.0.3029.96)
  (Driver info: chromedriver=2.28.455520 (cc17746adff54984afff480136733114c6b3704b),platform=Windows NT 6.1.7601 SP1 x86_64) (WARNING: The server did not provide any stacktrace information)
Command duration or timeout: 24 milliseconds
For documentation on this error, please visit: http://seleniumhq.org/exceptions/no_such_element.html
Build info: version: '3.3.1', revision: '5234b32', time: '2017-03-10 09:04:52 -0800'
System info: host: 'ASPIREGGN55', ip: '172.24.200.55', os.name: 'Windows 7', os.arch: 'amd64', os.version: '6.1', java.version: '1.8.0_60'
Driver info: org.openqa.selenium.chrome.ChromeDriver
Capabilities [{applicationCacheEnabled=false, rotatable=false, mobileEmulationEnabled=false, networkConnectionEnabled=false, chrome={chromedriverVersion=2.28.455520 (cc17746adff54984afff480136733114c6b3704b), userDataDir=C:\Users\VANDNA~1.UPP\AppData\Local\Temp\scoped_dir6332_29875}, takesHeapSnapshot=true, pageLoadStrategy=normal, databaseEnabled=false, handlesAlerts=true, hasTouchScreen=false, version=58.0.3029.96, platform=XP, browserConnectionEnabled=false, nativeEvents=true, acceptSslCerts=true, locationContextEnabled=true, webStorageEnabled=true, browserName=chrome, takesScreenshot=true, javascriptEnabled=true, cssSelectorsEnabled=true, unexpectedAlertBehaviour=}]
Session ID: 501f2ce3c48f279f6d0f4f2e07bd7092
*** Element info: {Using=css selector, value=ul[class*='train-info-block true']:nth-child(1)>li[class*='trainClass']>p}
Command duration or timeout: 228 milliseconds
	at sun.reflect.NativeConstructorAccessorImpl.newInstance0(Native Method)
	at sun.reflect.NativeConstructorAccessorImpl.newInstance(Unknown Source)
	at sun.reflect.DelegatingConstructorAccessorImpl.newInstance(Unknown Source)
	at java.lang.reflect.Constructor.newInstance(Unknown Source)
	at org.openqa.selenium.remote.ErrorHandler.createThrowable(ErrorHandler.java:216)
	at org.openqa.selenium.remote.ErrorHandler.throwIfResponseFailed(ErrorHandler.java:168)
	at org.openqa.selenium.remote.RemoteWebDriver.execute(RemoteWebDriver.java:638)
	at org.openqa.selenium.remote.RemoteWebDriver.findElement(RemoteWebDriver.java:371)
	at org.openqa.selenium.remote.RemoteWebDriver.findElementByCssSelector(RemoteWebDriver.java:468)
	at org.openqa.selenium.By$ByCssSelector.findElement(By.java:430)
	at org.openqa.selenium.remote.RemoteWebDriver.findElement(RemoteWebDriver.java:363)
	at com.Yatra.Pages.TrainSearchResult.selectTrainByIndexAndBook(TrainSearchResult.java:367)
	at com.Yatra.TestScript.Trains.Train.TC_Yatra_Train_011(Train.java:519)
	at sun.reflect.NativeMethodAccessorImpl.invoke0(Native Method)
	at sun.reflect.NativeMethodAccessorImpl.invoke(Unknown Source)
	at sun.reflect.DelegatingMethodAccessorImpl.invoke(Unknown Source)
	at java.lang.reflect.Method.invoke(Unknown Source)
	at org.testng.internal.MethodInvocationHelper.invokeMethod(MethodInvocationHelper.java:85)
	at org.testng.internal.Invoker.invokeMethod(Invoker.java:639)
	at org.testng.internal.Invoker.invokeTestMethod(Invoker.java:816)
	at org.testng.internal.Invoker.invokeTestMethods(Invoker.java:1124)
	at org.testng.internal.TestMethodWorker.invokeTestMethods(TestMethodWorker.java:125)
	at org.testng.internal.TestMethodWorker.run(TestMethodWorker.java:108)
	at java.util.concurrent.ThreadPoolExecutor.runWorker(Unknown Source)
	at java.util.concurrent.ThreadPoolExecutor$Worker.run(Unknown Source)
	at java.lang.Thread.run(Unknown Source)
Caused by: org.openqa.selenium.remote.ScreenshotException: Screen shot has been taken
	at org.openqa.selenium.remote.ErrorHandler.throwIfResponseFailed(ErrorHandler.java:142)
	... 20 more
Caused by: org.openqa.selenium.NoSuchElementException: no such element: Unable to locate element: {"method":"css selector","selector":"ul[class*='train-info-block true']:nth-child(1)>li[class*='trainClass']>p"}
  (Session info: chrome=58.0.3029.96)
  (Driver info: chromedriver=2.28.455520 (cc17746adff54984afff480136733114c6b3704b),platform=Windows NT 6.1.7601 SP1 x86_64) (WARNING: The server did not provide any stacktrace information)
Command duration or timeout: 24 milliseconds
For documentation on this error, please visit: http://seleniumhq.org/exceptions/no_such_element.html
Build info: version: '3.3.1', revision: '5234b32', time: '2017-03-10 09:04:52 -0800'
System info: host: 'ASPIREGGN55', ip: '172.24.200.55', os.name: 'Windows 7', os.arch: 'amd64', os.version: '6.1', java.version: '1.8.0_60'
Driver info: org.openqa.selenium.chrome.ChromeDriver
Capabilities [{applicationCacheEnabled=false, rotatable=false, mobileEmulationEnabled=false, networkConnectionEnabled=false, chrome={chromedriverVersion=2.28.455520 (cc17746adff54984afff480136733114c6b3704b), userDataDir=C:\Users\VANDNA~1.UPP\AppData\Local\Temp\scoped_dir6332_29875}, takesHeapSnapshot=true, pageLoadStrategy=normal, databaseEnabled=false, handlesAlerts=true, hasTouchScreen=false, version=58.0.3029.96, platform=XP, browserConnectionEnabled=false, nativeEvents=true, acceptSslCerts=true, locationContextEnabled=true, webStorageEnabled=true, browserName=chrome, takesScreenshot=true, javascriptEnabled=true, cssSelectorsEnabled=true, unexpectedAlertBehaviour=}]
Session ID: 501f2ce3c48f279f6d0f4f2e07bd7092
*** Element info: {Using=css selector, value=ul[class*='train-info-block true']:nth-child(1)>li[class*='trainClass']>p}
For documentation on this error, please visit: http://seleniumhq.org/exceptions/no_such_element.html
Build info: version: '3.3.1', revision: '5234b325d5', time: '2017-03-10 09:10:29 +0000'
System info: host: 'ASPIREGGN55', ip: '192.168.102.230', os.name: 'Windows 7', os.arch: 'amd64', os.version: '6.1', java.version: '1.8.0_60'
Driver info: driver.version: EventFiringWebDriver
	at sun.reflect.GeneratedConstructorAccessor39.newInstance(Unknown Source)
	at sun.reflect.DelegatingConstructorAccessorImpl.newInstance(Unknown Source)
	at java.lang.reflect.Constructor.newInstance(Unknown Source)
	at org.openqa.selenium.remote.ErrorHandler.createThrowable(ErrorHandler.java:216)
	at org.openqa.selenium.remote.ErrorHandler.throwIfResponseFailed(ErrorHandler.java:168)
	at org.openqa.selenium.remote.RemoteWebDriver.execute(RemoteWebDriver.java:638)
	at org.openqa.selenium.remote.RemoteWebDriver.findElement(RemoteWebDriver.java:371)
	at org.openqa.selenium.remote.RemoteWebDriver.findElementByCssSelector(RemoteWebDriver.java:468)
	at org.openqa.selenium.By$ByCssSelector.findElement(By.java:430)
	at org.openqa.selenium.remote.RemoteWebDriver.findElement(RemoteWebDriver.java:363)
	at sun.reflect.GeneratedMethodAccessor9.invoke(Unknown Source)
	at sun.reflect.DelegatingMethodAccessorImpl.invoke(Unknown Source)
	at java.lang.reflect.Method.invoke(Unknown Source)
	at org.openqa.selenium.support.events.EventFiringWebDriver$2.invoke(EventFiringWebDriver.java:104)
	at com.sun.proxy.$Proxy6.findElement(Unknown Source)
	at org.openqa.selenium.support.events.EventFiringWebDriver.findElement(EventFiringWebDriver.java:188)
	at org.openqa.selenium.remote.server.handler.FindElement.call(FindElement.java:48)
	at org.openqa.selenium.remote.server.handler.FindElement.call(FindElement.java:33)
	at java.util.concurrent.FutureTask.run(Unknown Source)
	at org.openqa.selenium.remote.server.DefaultSession$1.run(DefaultSession.java:176)
	... 3 more
]]>
    </failure>
  </testcase> <!-- TC_Yatra_Train_011 -->
  <testcase name="TC_Yatra_Train_012" time="29.473" classname="com.Yatra.TestScript.Trains.Train"/>
  <testcase name="TC_Yatra_Train_013" time="23.227" classname="com.Yatra.TestScript.Trains.Train"/>
  <testcase name="TC_Yatra_Train_014" time="21.743" classname="com.Yatra.TestScript.Trains.Train"/>
  <testcase name="TC_Yatra_Train_015" time="64.446" classname="com.Yatra.TestScript.Trains.Train"/>
  <testcase name="TC_Yatra_Train_016" time="27.972" classname="com.Yatra.TestScript.Trains.Train">
    <failure type="org.openqa.selenium.WebDriverException" message="unknown error: Element &amp;lt;button id=&amp;quot;bookBtn1&amp;quot; class=&amp;quot;ytBtn ytBtnBlue popmodal flRI&amp;quot; data-rowno=&amp;quot;1&amp;quot; data-beforesend=&amp;quot;Train_SRP.srcDestGroup.beforeShowSrcDestStation&amp;quot; data-contentmanupluate=&amp;quot;Train_SRP.srcDestGroup.showSrcDestStation&amp;quot; data-method=&amp;quot;GET&amp;quot; data-contentcss=&amp;quot;res-best-fare res-modal&amp;quot; data-ajaxurltemplate=&amp;quot;srcDestDetails?trainNo={tn}&amp;amp;amp;departDate={dd}&amp;amp;amp;srcStn=DSA&amp;amp;amp;destStn=JP&amp;amp;amp;quota={quota}&amp;amp;amp;cls={cl}&amp;amp;amp;avail={avail}&amp;amp;amp;meal={meal}&amp;quot; data-ajax=&amp;quot;true&amp;quot; data-width=&amp;quot;400&amp;quot; data-placement=&amp;quot;window&amp;quot; data-onsuccess=&amp;quot;Train_SRP.srcDestGroup.onSuccess()&amp;quot; title=&amp;quot;Confirm Departure and Destination Stations&amp;quot;&amp;gt;...&amp;lt;/button&amp;gt; is not clickable at point (1215, 433). Other element would receive the click: &amp;lt;div class=&amp;quot;find-bus-btn&amp;quot;&amp;gt;...&amp;lt;/div&amp;gt;
  (Session info: chrome=58.0.3029.96)
  (Driver info: chromedriver=2.28.455520 (cc17746adff54984afff480136733114c6b3704b),platform=Windows NT 6.1.7601 SP1 x86_64) (WARNING: The server did not provide any stacktrace information)
Command duration or timeout: 81 milliseconds
Build info: version: &amp;apos;3.3.1&amp;apos;, revision: &amp;apos;5234b32&amp;apos;, time: &amp;apos;2017-03-10 09:04:52 -0800&amp;apos;
System info: host: &amp;apos;ASPIREGGN55&amp;apos;, ip: &amp;apos;172.24.200.55&amp;apos;, os.name: &amp;apos;Windows 7&amp;apos;, os.arch: &amp;apos;amd64&amp;apos;, os.version: &amp;apos;6.1&amp;apos;, java.version: &amp;apos;1.8.0_60&amp;apos;
Driver info: org.openqa.selenium.chrome.ChromeDriver
Capabilities [{applicationCacheEnabled=false, rotatable=false, mobileEmulationEnabled=false, networkConnectionEnabled=false, chrome={chromedriverVersion=2.28.455520 (cc17746adff54984afff480136733114c6b3704b), userDataDir=C:\Users\VANDNA~1.UPP\AppData\Local\Temp\scoped_dir8940_29133}, takesHeapSnapshot=true, pageLoadStrategy=normal, databaseEnabled=false, handlesAlerts=true, hasTouchScreen=false, version=58.0.3029.96, platform=XP, browserConnectionEnabled=false, nativeEvents=true, acceptSslCerts=true, locationContextEnabled=true, webStorageEnabled=true, browserName=chrome, takesScreenshot=true, javascriptEnabled=true, cssSelectorsEnabled=true, unexpectedAlertBehaviour=}]
Session ID: facfa675ba2ee6418144dd1346ad52dd
Command duration or timeout: 339 milliseconds">
      <![CDATA[org.openqa.selenium.WebDriverException: unknown error: Element <button id="bookBtn1" class="ytBtn ytBtnBlue popmodal flRI" data-rowno="1" data-beforesend="Train_SRP.srcDestGroup.beforeShowSrcDestStation" data-contentmanupluate="Train_SRP.srcDestGroup.showSrcDestStation" data-method="GET" data-contentcss="res-best-fare res-modal" data-ajaxurltemplate="srcDestDetails?trainNo={tn}&amp;departDate={dd}&amp;srcStn=DSA&amp;destStn=JP&amp;quota={quota}&amp;cls={cl}&amp;avail={avail}&amp;meal={meal}" data-ajax="true" data-width="400" data-placement="window" data-onsuccess="Train_SRP.srcDestGroup.onSuccess()" title="Confirm Departure and Destination Stations">...</button> is not clickable at point (1215, 433). Other element would receive the click: <div class="find-bus-btn">...</div>
  (Session info: chrome=58.0.3029.96)
  (Driver info: chromedriver=2.28.455520 (cc17746adff54984afff480136733114c6b3704b),platform=Windows NT 6.1.7601 SP1 x86_64) (WARNING: The server did not provide any stacktrace information)
Command duration or timeout: 81 milliseconds
Build info: version: '3.3.1', revision: '5234b32', time: '2017-03-10 09:04:52 -0800'
System info: host: 'ASPIREGGN55', ip: '172.24.200.55', os.name: 'Windows 7', os.arch: 'amd64', os.version: '6.1', java.version: '1.8.0_60'
Driver info: org.openqa.selenium.chrome.ChromeDriver
Capabilities [{applicationCacheEnabled=false, rotatable=false, mobileEmulationEnabled=false, networkConnectionEnabled=false, chrome={chromedriverVersion=2.28.455520 (cc17746adff54984afff480136733114c6b3704b), userDataDir=C:\Users\VANDNA~1.UPP\AppData\Local\Temp\scoped_dir8940_29133}, takesHeapSnapshot=true, pageLoadStrategy=normal, databaseEnabled=false, handlesAlerts=true, hasTouchScreen=false, version=58.0.3029.96, platform=XP, browserConnectionEnabled=false, nativeEvents=true, acceptSslCerts=true, locationContextEnabled=true, webStorageEnabled=true, browserName=chrome, takesScreenshot=true, javascriptEnabled=true, cssSelectorsEnabled=true, unexpectedAlertBehaviour=}]
Session ID: facfa675ba2ee6418144dd1346ad52dd
Command duration or timeout: 339 milliseconds
	at sun.reflect.NativeConstructorAccessorImpl.newInstance0(Native Method)
	at sun.reflect.NativeConstructorAccessorImpl.newInstance(Unknown Source)
	at sun.reflect.DelegatingConstructorAccessorImpl.newInstance(Unknown Source)
	at java.lang.reflect.Constructor.newInstance(Unknown Source)
	at org.openqa.selenium.remote.ErrorHandler.createThrowable(ErrorHandler.java:216)
	at org.openqa.selenium.remote.ErrorHandler.throwIfResponseFailed(ErrorHandler.java:168)
	at org.openqa.selenium.remote.RemoteWebDriver.execute(RemoteWebDriver.java:638)
	at org.openqa.selenium.remote.RemoteWebElement.execute(RemoteWebElement.java:274)
	at org.openqa.selenium.remote.RemoteWebElement.click(RemoteWebElement.java:84)
	at sun.reflect.GeneratedMethodAccessor9.invoke(Unknown Source)
	at sun.reflect.DelegatingMethodAccessorImpl.invoke(Unknown Source)
	at java.lang.reflect.Method.invoke(Unknown Source)
	at org.openqa.selenium.support.pagefactory.internal.LocatingElementHandler.invoke(LocatingElementHandler.java:51)
	at com.sun.proxy.$Proxy8.click(Unknown Source)
	at com.Yatra.Utils.BrowserActions.clickOnElement(BrowserActions.java:157)
	at com.Yatra.Pages.TrainSearchResult.selectTrainByIndexAndBook(TrainSearchResult.java:368)
	at com.Yatra.TestScript.Trains.Train.TC_Yatra_Train_016(Train.java:760)
	at sun.reflect.NativeMethodAccessorImpl.invoke0(Native Method)
	at sun.reflect.NativeMethodAccessorImpl.invoke(Unknown Source)
	at sun.reflect.DelegatingMethodAccessorImpl.invoke(Unknown Source)
	at java.lang.reflect.Method.invoke(Unknown Source)
	at org.testng.internal.MethodInvocationHelper.invokeMethod(MethodInvocationHelper.java:85)
	at org.testng.internal.Invoker.invokeMethod(Invoker.java:639)
	at org.testng.internal.Invoker.invokeTestMethod(Invoker.java:816)
	at org.testng.internal.Invoker.invokeTestMethods(Invoker.java:1124)
	at org.testng.internal.TestMethodWorker.invokeTestMethods(TestMethodWorker.java:125)
	at org.testng.internal.TestMethodWorker.run(TestMethodWorker.java:108)
	at java.util.concurrent.ThreadPoolExecutor.runWorker(Unknown Source)
	at java.util.concurrent.ThreadPoolExecutor$Worker.run(Unknown Source)
	at java.lang.Thread.run(Unknown Source)
Caused by: org.openqa.selenium.remote.ScreenshotException: Screen shot has been taken
	at org.openqa.selenium.remote.ErrorHandler.throwIfResponseFailed(ErrorHandler.java:142)
	... 24 more
Caused by: org.openqa.selenium.WebDriverException: unknown error: Element <button id="bookBtn1" class="ytBtn ytBtnBlue popmodal flRI" data-rowno="1" data-beforesend="Train_SRP.srcDestGroup.beforeShowSrcDestStation" data-contentmanupluate="Train_SRP.srcDestGroup.showSrcDestStation" data-method="GET" data-contentcss="res-best-fare res-modal" data-ajaxurltemplate="srcDestDetails?trainNo={tn}&amp;departDate={dd}&amp;srcStn=DSA&amp;destStn=JP&amp;quota={quota}&amp;cls={cl}&amp;avail={avail}&amp;meal={meal}" data-ajax="true" data-width="400" data-placement="window" data-onsuccess="Train_SRP.srcDestGroup.onSuccess()" title="Confirm Departure and Destination Stations">...</button> is not clickable at point (1215, 433). Other element would receive the click: <div class="find-bus-btn">...</div>
  (Session info: chrome=58.0.3029.96)
  (Driver info: chromedriver=2.28.455520 (cc17746adff54984afff480136733114c6b3704b),platform=Windows NT 6.1.7601 SP1 x86_64) (WARNING: The server did not provide any stacktrace information)
Command duration or timeout: 81 milliseconds
Build info: version: '3.3.1', revision: '5234b32', time: '2017-03-10 09:04:52 -0800'
System info: host: 'ASPIREGGN55', ip: '172.24.200.55', os.name: 'Windows 7', os.arch: 'amd64', os.version: '6.1', java.version: '1.8.0_60'
Driver info: org.openqa.selenium.chrome.ChromeDriver
Capabilities [{applicationCacheEnabled=false, rotatable=false, mobileEmulationEnabled=false, networkConnectionEnabled=false, chrome={chromedriverVersion=2.28.455520 (cc17746adff54984afff480136733114c6b3704b), userDataDir=C:\Users\VANDNA~1.UPP\AppData\Local\Temp\scoped_dir8940_29133}, takesHeapSnapshot=true, pageLoadStrategy=normal, databaseEnabled=false, handlesAlerts=true, hasTouchScreen=false, version=58.0.3029.96, platform=XP, browserConnectionEnabled=false, nativeEvents=true, acceptSslCerts=true, locationContextEnabled=true, webStorageEnabled=true, browserName=chrome, takesScreenshot=true, javascriptEnabled=true, cssSelectorsEnabled=true, unexpectedAlertBehaviour=}]
Session ID: facfa675ba2ee6418144dd1346ad52dd
Build info: version: '3.3.1', revision: '5234b325d5', time: '2017-03-10 09:10:29 +0000'
System info: host: 'ASPIREGGN55', ip: '192.168.102.230', os.name: 'Windows 7', os.arch: 'amd64', os.version: '6.1', java.version: '1.8.0_60'
Driver info: driver.version: RemoteWebDriver
	at sun.reflect.NativeConstructorAccessorImpl.newInstance0(Native Method)
	at sun.reflect.NativeConstructorAccessorImpl.newInstance(Unknown Source)
	at sun.reflect.DelegatingConstructorAccessorImpl.newInstance(Unknown Source)
	at java.lang.reflect.Constructor.newInstance(Unknown Source)
	at org.openqa.selenium.remote.ErrorHandler.createThrowable(ErrorHandler.java:216)
	at org.openqa.selenium.remote.ErrorHandler.throwIfResponseFailed(ErrorHandler.java:168)
	at org.openqa.selenium.remote.RemoteWebDriver.execute(RemoteWebDriver.java:638)
	at org.openqa.selenium.remote.RemoteWebElement.execute(RemoteWebElement.java:274)
	at org.openqa.selenium.remote.RemoteWebElement.click(RemoteWebElement.java:84)
	at sun.reflect.GeneratedMethodAccessor19.invoke(Unknown Source)
	at sun.reflect.DelegatingMethodAccessorImpl.invoke(Unknown Source)
	at java.lang.reflect.Method.invoke(Unknown Source)
	at org.openqa.selenium.support.events.EventFiringWebDriver$EventFiringWebElement$1.invoke(EventFiringWebDriver.java:332)
	at com.sun.proxy.$Proxy7.click(Unknown Source)
	at org.openqa.selenium.support.events.EventFiringWebDriver$EventFiringWebElement.click(EventFiringWebDriver.java:345)
	at sun.reflect.GeneratedMethodAccessor19.invoke(Unknown Source)
	at sun.reflect.DelegatingMethodAccessorImpl.invoke(Unknown Source)
	at java.lang.reflect.Method.invoke(Unknown Source)
	at org.openqa.selenium.remote.server.KnownElements$1.invoke(KnownElements.java:64)
	at com.sun.proxy.$Proxy8.click(Unknown Source)
	at org.openqa.selenium.remote.server.handler.ClickElement.call(ClickElement.java:30)
	at org.openqa.selenium.remote.server.handler.ClickElement.call(ClickElement.java:22)
	at java.util.concurrent.FutureTask.run(Unknown Source)
	at org.openqa.selenium.remote.server.DefaultSession$1.run(DefaultSession.java:176)
	... 3 more
]]>
    </failure>
  </testcase> <!-- TC_Yatra_Train_016 -->
  <testcase name="TC_Yatra_Train_017" time="227.604" classname="com.Yatra.TestScript.Trains.Train">
    <failure type="java.lang.AssertionError" message="&amp;lt;b&amp;gt;Actual Result:&amp;lt;/b&amp;gt; The Popup is not displayed">
      <![CDATA[java.lang.AssertionError: <b>Actual Result:</b> The Popup is not displayed
	at org.testng.Assert.fail(Assert.java:94)
	at com.Yatra.Utils.Log.fail(Log.java:546)
	at com.Yatra.Utils.Log.assertThat(Log.java:726)
	at com.Yatra.TestScript.Trains.Train.TC_Yatra_Train_017(Train.java:827)
	at sun.reflect.NativeMethodAccessorImpl.invoke0(Native Method)
	at sun.reflect.NativeMethodAccessorImpl.invoke(Unknown Source)
	at sun.reflect.DelegatingMethodAccessorImpl.invoke(Unknown Source)
	at java.lang.reflect.Method.invoke(Unknown Source)
	at org.testng.internal.MethodInvocationHelper.invokeMethod(MethodInvocationHelper.java:85)
	at org.testng.internal.Invoker.invokeMethod(Invoker.java:639)
	at org.testng.internal.Invoker.invokeTestMethod(Invoker.java:816)
	at org.testng.internal.Invoker.invokeTestMethods(Invoker.java:1124)
	at org.testng.internal.TestMethodWorker.invokeTestMethods(TestMethodWorker.java:125)
	at org.testng.internal.TestMethodWorker.run(TestMethodWorker.java:108)
	at java.util.concurrent.ThreadPoolExecutor.runWorker(Unknown Source)
	at java.util.concurrent.ThreadPoolExecutor$Worker.run(Unknown Source)
	at java.lang.Thread.run(Unknown Source)
]]>
    </failure>
  </testcase> <!-- TC_Yatra_Train_017 -->
  <testcase name="TC_Yatra_Train_018" time="30.508" classname="com.Yatra.TestScript.Trains.Train"/>
  <testcase name="TC_Yatra_Train_019" time="43.161" classname="com.Yatra.TestScript.Trains.Train"/>
  <testcase name="TC_Yatra_Train_020" time="138.308" classname="com.Yatra.TestScript.Trains.Train"/>
  <testcase name="TC_Yatra_Train_021" time="54.914" classname="com.Yatra.TestScript.Trains.Train"/>
  <testcase name="TC_Yatra_Train_022" time="24.129" classname="com.Yatra.TestScript.Trains.Train"/>
  <testcase name="TC_Yatra_Train_023" time="73.028" classname="com.Yatra.TestScript.Trains.Train"/>
  <testcase name="TC_Yatra_Train_024" time="135.476" classname="com.Yatra.TestScript.Trains.Train">
    <failure type="java.lang.Exception" message="Entered Email Id. field not found in page!!">
      <![CDATA[java.lang.Exception: Entered Email Id. field not found in page!!
	at com.Yatra.Utils.BrowserActions.typeOnTextField(BrowserActions.java:51)
	at com.Yatra.Pages.TrainTravellerPage.loginAsSignedUser(TrainTravellerPage.java:235)
	at com.Yatra.TestScript.Trains.Train.TC_Yatra_Train_024(Train.java:1200)
	at sun.reflect.NativeMethodAccessorImpl.invoke0(Native Method)
	at sun.reflect.NativeMethodAccessorImpl.invoke(Unknown Source)
	at sun.reflect.DelegatingMethodAccessorImpl.invoke(Unknown Source)
	at java.lang.reflect.Method.invoke(Unknown Source)
	at org.testng.internal.MethodInvocationHelper.invokeMethod(MethodInvocationHelper.java:85)
	at org.testng.internal.Invoker.invokeMethod(Invoker.java:639)
	at org.testng.internal.Invoker.invokeTestMethod(Invoker.java:816)
	at org.testng.internal.Invoker.invokeTestMethods(Invoker.java:1124)
	at org.testng.internal.TestMethodWorker.invokeTestMethods(TestMethodWorker.java:125)
	at org.testng.internal.TestMethodWorker.run(TestMethodWorker.java:108)
	at java.util.concurrent.ThreadPoolExecutor.runWorker(Unknown Source)
	at java.util.concurrent.ThreadPoolExecutor$Worker.run(Unknown Source)
	at java.lang.Thread.run(Unknown Source)
]]>
    </failure>
  </testcase> <!-- TC_Yatra_Train_024 -->
  <testcase name="TC_Yatra_Train_025" time="54.484" classname="com.Yatra.TestScript.Trains.Train"/>
  <testcase name="TC_Yatra_Train_026" time="35.925" classname="com.Yatra.TestScript.Trains.Train"/>
  <testcase name="TC_Yatra_Train_027" time="49.878" classname="com.Yatra.TestScript.Trains.Train"/>
  <testcase name="TC_Yatra_Train_028" time="29.975" classname="com.Yatra.TestScript.Trains.Train"/>
  <testcase name="TC_Yatra_Train_030" time="45.575" classname="com.Yatra.TestScript.Trains.Train"/>
  <testcase name="TC_Yatra_Train_031" time="224.459" classname="com.Yatra.TestScript.Trains.Train">
    <failure type="java.lang.Exception" message="Click on Continue in Confirmation Popup to book Train. not found in page!!">
      <![CDATA[java.lang.Exception: Click on Continue in Confirmation Popup to book Train. not found in page!!
	at com.Yatra.Utils.BrowserActions.clickOnElement(BrowserActions.java:154)
	at com.Yatra.Pages.TrainSearchResult.clickOnContinue(TrainSearchResult.java:595)
	at com.Yatra.TestScript.Trains.Train.TC_Yatra_Train_031(Train.java:1632)
	at sun.reflect.NativeMethodAccessorImpl.invoke0(Native Method)
	at sun.reflect.NativeMethodAccessorImpl.invoke(Unknown Source)
	at sun.reflect.DelegatingMethodAccessorImpl.invoke(Unknown Source)
	at java.lang.reflect.Method.invoke(Unknown Source)
	at org.testng.internal.MethodInvocationHelper.invokeMethod(MethodInvocationHelper.java:85)
	at org.testng.internal.Invoker.invokeMethod(Invoker.java:639)
	at org.testng.internal.Invoker.invokeTestMethod(Invoker.java:816)
	at org.testng.internal.Invoker.invokeTestMethods(Invoker.java:1124)
	at org.testng.internal.TestMethodWorker.invokeTestMethods(TestMethodWorker.java:125)
	at org.testng.internal.TestMethodWorker.run(TestMethodWorker.java:108)
	at java.util.concurrent.ThreadPoolExecutor.runWorker(Unknown Source)
	at java.util.concurrent.ThreadPoolExecutor$Worker.run(Unknown Source)
	at java.lang.Thread.run(Unknown Source)
]]>
    </failure>
  </testcase> <!-- TC_Yatra_Train_031 -->
  <testcase name="TC_Yatra_Train_033" time="48.316" classname="com.Yatra.TestScript.Trains.Train">
    <failure type="org.openqa.selenium.WebDriverException" message="unknown error: Element &amp;lt;label class=&amp;quot;custom-select&amp;quot;&amp;gt;...&amp;lt;/label&amp;gt; is not clickable at point (293, 646). Other element would receive the click: &amp;lt;li&amp;gt;...&amp;lt;/li&amp;gt;
  (Session info: chrome=58.0.3029.96)
  (Driver info: chromedriver=2.28.455520 (cc17746adff54984afff480136733114c6b3704b),platform=Windows NT 6.1.7601 SP1 x86_64) (WARNING: The server did not provide any stacktrace information)
Command duration or timeout: 49 milliseconds
Build info: version: &amp;apos;3.3.1&amp;apos;, revision: &amp;apos;5234b32&amp;apos;, time: &amp;apos;2017-03-10 09:04:52 -0800&amp;apos;
System info: host: &amp;apos;ASPIREGGN55&amp;apos;, ip: &amp;apos;172.24.200.55&amp;apos;, os.name: &amp;apos;Windows 7&amp;apos;, os.arch: &amp;apos;amd64&amp;apos;, os.version: &amp;apos;6.1&amp;apos;, java.version: &amp;apos;1.8.0_60&amp;apos;
Driver info: org.openqa.selenium.chrome.ChromeDriver
Capabilities [{applicationCacheEnabled=false, rotatable=false, mobileEmulationEnabled=false, networkConnectionEnabled=false, chrome={chromedriverVersion=2.28.455520 (cc17746adff54984afff480136733114c6b3704b), userDataDir=C:\Users\VANDNA~1.UPP\AppData\Local\Temp\scoped_dir7612_3371}, takesHeapSnapshot=true, pageLoadStrategy=normal, databaseEnabled=false, handlesAlerts=true, hasTouchScreen=false, version=58.0.3029.96, platform=XP, browserConnectionEnabled=false, nativeEvents=true, acceptSslCerts=true, locationContextEnabled=true, webStorageEnabled=true, browserName=chrome, takesScreenshot=true, javascriptEnabled=true, cssSelectorsEnabled=true, unexpectedAlertBehaviour=}]
Session ID: a8ace443653c909a1ef653ca31d46a75
Command duration or timeout: 235 milliseconds">
      <![CDATA[org.openqa.selenium.WebDriverException: unknown error: Element <label class="custom-select">...</label> is not clickable at point (293, 646). Other element would receive the click: <li>...</li>
  (Session info: chrome=58.0.3029.96)
  (Driver info: chromedriver=2.28.455520 (cc17746adff54984afff480136733114c6b3704b),platform=Windows NT 6.1.7601 SP1 x86_64) (WARNING: The server did not provide any stacktrace information)
Command duration or timeout: 49 milliseconds
Build info: version: '3.3.1', revision: '5234b32', time: '2017-03-10 09:04:52 -0800'
System info: host: 'ASPIREGGN55', ip: '172.24.200.55', os.name: 'Windows 7', os.arch: 'amd64', os.version: '6.1', java.version: '1.8.0_60'
Driver info: org.openqa.selenium.chrome.ChromeDriver
Capabilities [{applicationCacheEnabled=false, rotatable=false, mobileEmulationEnabled=false, networkConnectionEnabled=false, chrome={chromedriverVersion=2.28.455520 (cc17746adff54984afff480136733114c6b3704b), userDataDir=C:\Users\VANDNA~1.UPP\AppData\Local\Temp\scoped_dir7612_3371}, takesHeapSnapshot=true, pageLoadStrategy=normal, databaseEnabled=false, handlesAlerts=true, hasTouchScreen=false, version=58.0.3029.96, platform=XP, browserConnectionEnabled=false, nativeEvents=true, acceptSslCerts=true, locationContextEnabled=true, webStorageEnabled=true, browserName=chrome, takesScreenshot=true, javascriptEnabled=true, cssSelectorsEnabled=true, unexpectedAlertBehaviour=}]
Session ID: a8ace443653c909a1ef653ca31d46a75
Command duration or timeout: 235 milliseconds
	at sun.reflect.NativeConstructorAccessorImpl.newInstance0(Native Method)
	at sun.reflect.NativeConstructorAccessorImpl.newInstance(Unknown Source)
	at sun.reflect.DelegatingConstructorAccessorImpl.newInstance(Unknown Source)
	at java.lang.reflect.Constructor.newInstance(Unknown Source)
	at org.openqa.selenium.remote.ErrorHandler.createThrowable(ErrorHandler.java:216)
	at org.openqa.selenium.remote.ErrorHandler.throwIfResponseFailed(ErrorHandler.java:168)
	at org.openqa.selenium.remote.RemoteWebDriver.execute(RemoteWebDriver.java:638)
	at org.openqa.selenium.remote.RemoteWebElement.execute(RemoteWebElement.java:274)
	at org.openqa.selenium.remote.RemoteWebElement.click(RemoteWebElement.java:84)
	at com.Yatra.Utils.BrowserActions.clickOnElement(BrowserActions.java:157)
	at com.Yatra.Pages.TrainTravellerPage.fillTravellerDetails(TrainTravellerPage.java:251)
	at com.Yatra.TestScript.Trains.Train.TC_Yatra_Train_033(Train.java:1713)
	at sun.reflect.NativeMethodAccessorImpl.invoke0(Native Method)
	at sun.reflect.NativeMethodAccessorImpl.invoke(Unknown Source)
	at sun.reflect.DelegatingMethodAccessorImpl.invoke(Unknown Source)
	at java.lang.reflect.Method.invoke(Unknown Source)
	at org.testng.internal.MethodInvocationHelper.invokeMethod(MethodInvocationHelper.java:85)
	at org.testng.internal.Invoker.invokeMethod(Invoker.java:639)
	at org.testng.internal.Invoker.invokeTestMethod(Invoker.java:816)
	at org.testng.internal.Invoker.invokeTestMethods(Invoker.java:1124)
	at org.testng.internal.TestMethodWorker.invokeTestMethods(TestMethodWorker.java:125)
	at org.testng.internal.TestMethodWorker.run(TestMethodWorker.java:108)
	at java.util.concurrent.ThreadPoolExecutor.runWorker(Unknown Source)
	at java.util.concurrent.ThreadPoolExecutor$Worker.run(Unknown Source)
	at java.lang.Thread.run(Unknown Source)
Caused by: org.openqa.selenium.remote.ScreenshotException: Screen shot has been taken
	at org.openqa.selenium.remote.ErrorHandler.throwIfResponseFailed(ErrorHandler.java:142)
	... 19 more
Caused by: org.openqa.selenium.WebDriverException: unknown error: Element <label class="custom-select">...</label> is not clickable at point (293, 646). Other element would receive the click: <li>...</li>
  (Session info: chrome=58.0.3029.96)
  (Driver info: chromedriver=2.28.455520 (cc17746adff54984afff480136733114c6b3704b),platform=Windows NT 6.1.7601 SP1 x86_64) (WARNING: The server did not provide any stacktrace information)
Command duration or timeout: 49 milliseconds
Build info: version: '3.3.1', revision: '5234b32', time: '2017-03-10 09:04:52 -0800'
System info: host: 'ASPIREGGN55', ip: '172.24.200.55', os.name: 'Windows 7', os.arch: 'amd64', os.version: '6.1', java.version: '1.8.0_60'
Driver info: org.openqa.selenium.chrome.ChromeDriver
Capabilities [{applicationCacheEnabled=false, rotatable=false, mobileEmulationEnabled=false, networkConnectionEnabled=false, chrome={chromedriverVersion=2.28.455520 (cc17746adff54984afff480136733114c6b3704b), userDataDir=C:\Users\VANDNA~1.UPP\AppData\Local\Temp\scoped_dir7612_3371}, takesHeapSnapshot=true, pageLoadStrategy=normal, databaseEnabled=false, handlesAlerts=true, hasTouchScreen=false, version=58.0.3029.96, platform=XP, browserConnectionEnabled=false, nativeEvents=true, acceptSslCerts=true, locationContextEnabled=true, webStorageEnabled=true, browserName=chrome, takesScreenshot=true, javascriptEnabled=true, cssSelectorsEnabled=true, unexpectedAlertBehaviour=}]
Session ID: a8ace443653c909a1ef653ca31d46a75
Build info: version: '3.3.1', revision: '5234b325d5', time: '2017-03-10 09:10:29 +0000'
System info: host: 'ASPIREGGN55', ip: '192.168.102.230', os.name: 'Windows 7', os.arch: 'amd64', os.version: '6.1', java.version: '1.8.0_60'
Driver info: driver.version: RemoteWebDriver
	at sun.reflect.NativeConstructorAccessorImpl.newInstance0(Native Method)
	at sun.reflect.NativeConstructorAccessorImpl.newInstance(Unknown Source)
	at sun.reflect.DelegatingConstructorAccessorImpl.newInstance(Unknown Source)
	at java.lang.reflect.Constructor.newInstance(Unknown Source)
	at org.openqa.selenium.remote.ErrorHandler.createThrowable(ErrorHandler.java:216)
	at org.openqa.selenium.remote.ErrorHandler.throwIfResponseFailed(ErrorHandler.java:168)
	at org.openqa.selenium.remote.RemoteWebDriver.execute(RemoteWebDriver.java:638)
	at org.openqa.selenium.remote.RemoteWebElement.execute(RemoteWebElement.java:274)
	at org.openqa.selenium.remote.RemoteWebElement.click(RemoteWebElement.java:84)
	at sun.reflect.GeneratedMethodAccessor19.invoke(Unknown Source)
	at sun.reflect.DelegatingMethodAccessorImpl.invoke(Unknown Source)
	at java.lang.reflect.Method.invoke(Unknown Source)
	at org.openqa.selenium.support.events.EventFiringWebDriver$EventFiringWebElement$1.invoke(EventFiringWebDriver.java:332)
	at com.sun.proxy.$Proxy7.click(Unknown Source)
	at org.openqa.selenium.support.events.EventFiringWebDriver$EventFiringWebElement.click(EventFiringWebDriver.java:345)
	at sun.reflect.GeneratedMethodAccessor19.invoke(Unknown Source)
	at sun.reflect.DelegatingMethodAccessorImpl.invoke(Unknown Source)
	at java.lang.reflect.Method.invoke(Unknown Source)
	at org.openqa.selenium.remote.server.KnownElements$1.invoke(KnownElements.java:64)
	at com.sun.proxy.$Proxy8.click(Unknown Source)
	at org.openqa.selenium.remote.server.handler.ClickElement.call(ClickElement.java:30)
	at org.openqa.selenium.remote.server.handler.ClickElement.call(ClickElement.java:22)
	at java.util.concurrent.FutureTask.run(Unknown Source)
	at org.openqa.selenium.remote.server.DefaultSession$1.run(DefaultSession.java:176)
	... 3 more
]]>
    </failure>
  </testcase> <!-- TC_Yatra_Train_033 -->
  <testcase name="TC_Yatra_Train_034" time="29.143" classname="com.Yatra.TestScript.Trains.Train"/>
  <testcase name="TC_Yatra_Train_035" time="53.705" classname="com.Yatra.TestScript.Trains.Train"/>
  <testcase name="TC_Yatra_Train_036" time="30.811" classname="com.Yatra.TestScript.Trains.Train"/>
  <testcase name="TC_Yatra_Train_036" time="74.927" classname="com.Yatra.TestScript.Trains.Train"/>
  <testcase name="TC_Yatra_Train_037" time="31.639" classname="com.Yatra.TestScript.Trains.Train"/>
  <testcase name="TC_Yatra_Train_039" time="59.955" classname="com.Yatra.TestScript.Trains.Train"/>
  <testcase name="TC_Yatra_Train_040" time="129.591" classname="com.Yatra.TestScript.Trains.Train">
    <failure type="java.lang.Exception" message="Entered Email Id. field not found in page!!">
      <![CDATA[java.lang.Exception: Entered Email Id. field not found in page!!
	at com.Yatra.Utils.BrowserActions.typeOnTextField(BrowserActions.java:51)
	at com.Yatra.Pages.TrainTravellerPage.loginAsGuestUser(TrainTravellerPage.java:223)
	at com.Yatra.TestScript.Trains.Train.TC_Yatra_Train_040(Train.java:2209)
	at sun.reflect.NativeMethodAccessorImpl.invoke0(Native Method)
	at sun.reflect.NativeMethodAccessorImpl.invoke(Unknown Source)
	at sun.reflect.DelegatingMethodAccessorImpl.invoke(Unknown Source)
	at java.lang.reflect.Method.invoke(Unknown Source)
	at org.testng.internal.MethodInvocationHelper.invokeMethod(MethodInvocationHelper.java:85)
	at org.testng.internal.Invoker.invokeMethod(Invoker.java:639)
	at org.testng.internal.Invoker.invokeTestMethod(Invoker.java:816)
	at org.testng.internal.Invoker.invokeTestMethods(Invoker.java:1124)
	at org.testng.internal.TestMethodWorker.invokeTestMethods(TestMethodWorker.java:125)
	at org.testng.internal.TestMethodWorker.run(TestMethodWorker.java:108)
	at java.util.concurrent.ThreadPoolExecutor.runWorker(Unknown Source)
	at java.util.concurrent.ThreadPoolExecutor$Worker.run(Unknown Source)
	at java.lang.Thread.run(Unknown Source)
]]>
    </failure>
  </testcase> <!-- TC_Yatra_Train_040 -->
  <testcase name="TC_Yatra_Train_041" time="54.111" classname="com.Yatra.TestScript.Trains.Train">
    <failure type="org.openqa.selenium.UnhandledAlertException" message="unexpected alert open: {Alert text : Full fare will be charged if child is opted for seat/berth.}
  (Session info: chrome=58.0.3029.96)
  (Driver info: chromedriver=2.28.455520 (cc17746adff54984afff480136733114c6b3704b),platform=Windows NT 6.1.7601 SP1 x86_64) (WARNING: The server did not provide any stacktrace information)
Command duration or timeout: 1 milliseconds: null
Build info: version: &amp;apos;3.3.1&amp;apos;, revision: &amp;apos;5234b32&amp;apos;, time: &amp;apos;2017-03-10 09:04:52 -0800&amp;apos;
System info: host: &amp;apos;ASPIREGGN55&amp;apos;, ip: &amp;apos;172.24.200.55&amp;apos;, os.name: &amp;apos;Windows 7&amp;apos;, os.arch: &amp;apos;amd64&amp;apos;, os.version: &amp;apos;6.1&amp;apos;, java.version: &amp;apos;1.8.0_60&amp;apos;
Driver info: org.openqa.selenium.chrome.ChromeDriver
Capabilities [{applicationCacheEnabled=false, rotatable=false, mobileEmulationEnabled=false, networkConnectionEnabled=false, chrome={chromedriverVersion=2.28.455520 (cc17746adff54984afff480136733114c6b3704b), userDataDir=C:\Users\VANDNA~1.UPP\AppData\Local\Temp\scoped_dir6244_2973}, takesHeapSnapshot=true, pageLoadStrategy=normal, databaseEnabled=false, handlesAlerts=true, hasTouchScreen=false, version=58.0.3029.96, platform=XP, browserConnectionEnabled=false, nativeEvents=true, acceptSslCerts=true, locationContextEnabled=true, webStorageEnabled=true, browserName=chrome, takesScreenshot=true, javascriptEnabled=true, cssSelectorsEnabled=true, unexpectedAlertBehaviour=}]
Session ID: 49a034dd8e4dae5bdb0d45ee7278cad9: null
Build info: version: &amp;apos;3.3.1&amp;apos;, revision: &amp;apos;5234b325d5&amp;apos;, time: &amp;apos;2017-03-10 09:10:29 +0000&amp;apos;
System info: host: &amp;apos;ASPIREGGN55&amp;apos;, ip: &amp;apos;192.168.102.230&amp;apos;, os.name: &amp;apos;Windows 7&amp;apos;, os.arch: &amp;apos;amd64&amp;apos;, os.version: &amp;apos;6.1&amp;apos;, java.version: &amp;apos;1.8.0_60&amp;apos;
Driver info: org.openqa.selenium.remote.RemoteWebDriver
Capabilities [{applicationCacheEnabled=false, rotatable=false, mobileEmulationEnabled=false, networkConnectionEnabled=true, chrome={chromedriverVersion=2.28.455520 (cc17746adff54984afff480136733114c6b3704b), userDataDir=C:\Users\VANDNA~1.UPP\AppData\Local\Temp\scoped_dir6244_2973}, takesHeapSnapshot=true, pageLoadStrategy=normal, databaseEnabled=false, handlesAlerts=true, hasTouchScreen=true, version=58.0.3029.96, platform=XP, browserConnectionEnabled=false, nativeEvents=true, acceptSslCerts=true, webdriver.remote.sessionid=c26ad36b-70ad-4600-b925-dfae6dfdda78, locationContextEnabled=true, webStorageEnabled=true, browserName=chrome, takesScreenshot=true, javascriptEnabled=true, cssSelectorsEnabled=true, unexpectedAlertBehaviour=}]
Session ID: c26ad36b-70ad-4600-b925-dfae6dfdda78">
      <![CDATA[org.openqa.selenium.UnhandledAlertException: unexpected alert open: {Alert text : Full fare will be charged if child is opted for seat/berth.}
  (Session info: chrome=58.0.3029.96)
  (Driver info: chromedriver=2.28.455520 (cc17746adff54984afff480136733114c6b3704b),platform=Windows NT 6.1.7601 SP1 x86_64) (WARNING: The server did not provide any stacktrace information)
Command duration or timeout: 1 milliseconds: null
Build info: version: '3.3.1', revision: '5234b32', time: '2017-03-10 09:04:52 -0800'
System info: host: 'ASPIREGGN55', ip: '172.24.200.55', os.name: 'Windows 7', os.arch: 'amd64', os.version: '6.1', java.version: '1.8.0_60'
Driver info: org.openqa.selenium.chrome.ChromeDriver
Capabilities [{applicationCacheEnabled=false, rotatable=false, mobileEmulationEnabled=false, networkConnectionEnabled=false, chrome={chromedriverVersion=2.28.455520 (cc17746adff54984afff480136733114c6b3704b), userDataDir=C:\Users\VANDNA~1.UPP\AppData\Local\Temp\scoped_dir6244_2973}, takesHeapSnapshot=true, pageLoadStrategy=normal, databaseEnabled=false, handlesAlerts=true, hasTouchScreen=false, version=58.0.3029.96, platform=XP, browserConnectionEnabled=false, nativeEvents=true, acceptSslCerts=true, locationContextEnabled=true, webStorageEnabled=true, browserName=chrome, takesScreenshot=true, javascriptEnabled=true, cssSelectorsEnabled=true, unexpectedAlertBehaviour=}]
Session ID: 49a034dd8e4dae5bdb0d45ee7278cad9: null
Build info: version: '3.3.1', revision: '5234b325d5', time: '2017-03-10 09:10:29 +0000'
System info: host: 'ASPIREGGN55', ip: '192.168.102.230', os.name: 'Windows 7', os.arch: 'amd64', os.version: '6.1', java.version: '1.8.0_60'
Driver info: org.openqa.selenium.remote.RemoteWebDriver
Capabilities [{applicationCacheEnabled=false, rotatable=false, mobileEmulationEnabled=false, networkConnectionEnabled=true, chrome={chromedriverVersion=2.28.455520 (cc17746adff54984afff480136733114c6b3704b), userDataDir=C:\Users\VANDNA~1.UPP\AppData\Local\Temp\scoped_dir6244_2973}, takesHeapSnapshot=true, pageLoadStrategy=normal, databaseEnabled=false, handlesAlerts=true, hasTouchScreen=true, version=58.0.3029.96, platform=XP, browserConnectionEnabled=false, nativeEvents=true, acceptSslCerts=true, webdriver.remote.sessionid=c26ad36b-70ad-4600-b925-dfae6dfdda78, locationContextEnabled=true, webStorageEnabled=true, browserName=chrome, takesScreenshot=true, javascriptEnabled=true, cssSelectorsEnabled=true, unexpectedAlertBehaviour=}]
Session ID: c26ad36b-70ad-4600-b925-dfae6dfdda78
	at sun.reflect.NativeConstructorAccessorImpl.newInstance0(Native Method)
	at sun.reflect.NativeConstructorAccessorImpl.newInstance(Unknown Source)
	at sun.reflect.DelegatingConstructorAccessorImpl.newInstance(Unknown Source)
	at java.lang.reflect.Constructor.newInstance(Unknown Source)
	at org.openqa.selenium.remote.ErrorHandler.createThrowable(ErrorHandler.java:216)
	at org.openqa.selenium.remote.ErrorHandler.createUnhandledAlertException(ErrorHandler.java:197)
	at org.openqa.selenium.remote.ErrorHandler.throwIfResponseFailed(ErrorHandler.java:158)
	at org.openqa.selenium.remote.RemoteWebDriver.execute(RemoteWebDriver.java:638)
	at org.openqa.selenium.remote.RemoteWebDriver.execute(RemoteWebDriver.java:661)
	at org.openqa.selenium.remote.RemoteWebDriver.getTitle(RemoteWebDriver.java:329)
	at com.Yatra.Utils.Utils.waitForPageLoad(Utils.java:68)
	at com.Yatra.Utils.Utils.waitForPageLoad(Utils.java:42)
	at com.Yatra.Pages.TrainReviewPage.<init>(TrainReviewPage.java:72)
	at com.Yatra.Pages.TrainTravellerPage.clickOnContinueInPaxPage(TrainTravellerPage.java:295)
	at com.Yatra.TestScript.Trains.Train.TC_Yatra_Train_041(Train.java:2310)
	at sun.reflect.NativeMethodAccessorImpl.invoke0(Native Method)
	at sun.reflect.NativeMethodAccessorImpl.invoke(Unknown Source)
	at sun.reflect.DelegatingMethodAccessorImpl.invoke(Unknown Source)
	at java.lang.reflect.Method.invoke(Unknown Source)
	at org.testng.internal.MethodInvocationHelper.invokeMethod(MethodInvocationHelper.java:85)
	at org.testng.internal.Invoker.invokeMethod(Invoker.java:639)
	at org.testng.internal.Invoker.invokeTestMethod(Invoker.java:816)
	at org.testng.internal.Invoker.invokeTestMethods(Invoker.java:1124)
	at org.testng.internal.TestMethodWorker.invokeTestMethods(TestMethodWorker.java:125)
	at org.testng.internal.TestMethodWorker.run(TestMethodWorker.java:108)
	at java.util.concurrent.ThreadPoolExecutor.runWorker(Unknown Source)
	at java.util.concurrent.ThreadPoolExecutor$Worker.run(Unknown Source)
	at java.lang.Thread.run(Unknown Source)
]]>
    </failure>
  </testcase> <!-- TC_Yatra_Train_041 -->
  <testcase name="TC_Yatra_Train_042" time="130.746" classname="com.Yatra.TestScript.Trains.Train">
    <failure type="java.lang.Exception" message="Entered Email Id. field not found in page!!">
      <![CDATA[java.lang.Exception: Entered Email Id. field not found in page!!
	at com.Yatra.Utils.BrowserActions.typeOnTextField(BrowserActions.java:51)
	at com.Yatra.Pages.TrainTravellerPage.loginAsGuestUser(TrainTravellerPage.java:223)
	at com.Yatra.TestScript.Trains.Train.TC_Yatra_Train_042(Train.java:2372)
	at sun.reflect.NativeMethodAccessorImpl.invoke0(Native Method)
	at sun.reflect.NativeMethodAccessorImpl.invoke(Unknown Source)
	at sun.reflect.DelegatingMethodAccessorImpl.invoke(Unknown Source)
	at java.lang.reflect.Method.invoke(Unknown Source)
	at org.testng.internal.MethodInvocationHelper.invokeMethod(MethodInvocationHelper.java:85)
	at org.testng.internal.Invoker.invokeMethod(Invoker.java:639)
	at org.testng.internal.Invoker.invokeTestMethod(Invoker.java:816)
	at org.testng.internal.Invoker.invokeTestMethods(Invoker.java:1124)
	at org.testng.internal.TestMethodWorker.invokeTestMethods(TestMethodWorker.java:125)
	at org.testng.internal.TestMethodWorker.run(TestMethodWorker.java:108)
	at java.util.concurrent.ThreadPoolExecutor.runWorker(Unknown Source)
	at java.util.concurrent.ThreadPoolExecutor$Worker.run(Unknown Source)
	at java.lang.Thread.run(Unknown Source)
]]>
    </failure>
  </testcase> <!-- TC_Yatra_Train_042 -->
  <testcase name="TC_Yatra_Train_043" time="24.176" classname="com.Yatra.TestScript.Trains.Train">
    <failure type="org.openqa.selenium.WebDriverException" message="unknown error: Element &amp;lt;button id=&amp;quot;bookBtn1&amp;quot; class=&amp;quot;ytBtn ytBtnBlue popmodal flRI&amp;quot; data-rowno=&amp;quot;1&amp;quot; data-beforesend=&amp;quot;Train_SRP.srcDestGroup.beforeShowSrcDestStation&amp;quot; data-contentmanupluate=&amp;quot;Train_SRP.srcDestGroup.showSrcDestStation&amp;quot; data-method=&amp;quot;GET&amp;quot; data-contentcss=&amp;quot;res-best-fare res-modal&amp;quot; data-ajaxurltemplate=&amp;quot;srcDestDetails?trainNo={tn}&amp;amp;amp;departDate={dd}&amp;amp;amp;srcStn=DLI&amp;amp;amp;destStn=JP&amp;amp;amp;quota={quota}&amp;amp;amp;cls={cl}&amp;amp;amp;avail={avail}&amp;amp;amp;meal={meal}&amp;quot; data-ajax=&amp;quot;true&amp;quot; data-width=&amp;quot;400&amp;quot; data-placement=&amp;quot;window&amp;quot; data-onsuccess=&amp;quot;Train_SRP.srcDestGroup.onSuccess()&amp;quot; title=&amp;quot;Confirm Departure and Destination Stations&amp;quot;&amp;gt;...&amp;lt;/button&amp;gt; is not clickable at point (1215, 434). Other element would receive the click: &amp;lt;div class=&amp;quot;wfull&amp;quot; id=&amp;quot;trainSrp&amp;quot;&amp;gt;...&amp;lt;/div&amp;gt;
  (Session info: chrome=58.0.3029.96)
  (Driver info: chromedriver=2.28.455520 (cc17746adff54984afff480136733114c6b3704b),platform=Windows NT 6.1.7601 SP1 x86_64) (WARNING: The server did not provide any stacktrace information)
Command duration or timeout: 83 milliseconds
Build info: version: &amp;apos;3.3.1&amp;apos;, revision: &amp;apos;5234b32&amp;apos;, time: &amp;apos;2017-03-10 09:04:52 -0800&amp;apos;
System info: host: &amp;apos;ASPIREGGN55&amp;apos;, ip: &amp;apos;172.24.200.55&amp;apos;, os.name: &amp;apos;Windows 7&amp;apos;, os.arch: &amp;apos;amd64&amp;apos;, os.version: &amp;apos;6.1&amp;apos;, java.version: &amp;apos;1.8.0_60&amp;apos;
Driver info: org.openqa.selenium.chrome.ChromeDriver
Capabilities [{applicationCacheEnabled=false, rotatable=false, mobileEmulationEnabled=false, networkConnectionEnabled=false, chrome={chromedriverVersion=2.28.455520 (cc17746adff54984afff480136733114c6b3704b), userDataDir=C:\Users\VANDNA~1.UPP\AppData\Local\Temp\scoped_dir4208_5974}, takesHeapSnapshot=true, pageLoadStrategy=normal, databaseEnabled=false, handlesAlerts=true, hasTouchScreen=false, version=58.0.3029.96, platform=XP, browserConnectionEnabled=false, nativeEvents=true, acceptSslCerts=true, locationContextEnabled=true, webStorageEnabled=true, browserName=chrome, takesScreenshot=true, javascriptEnabled=true, cssSelectorsEnabled=true, unexpectedAlertBehaviour=}]
Session ID: 3d63b246771c59ddeb4d9a5831c36c28
Command duration or timeout: 311 milliseconds">
      <![CDATA[org.openqa.selenium.WebDriverException: unknown error: Element <button id="bookBtn1" class="ytBtn ytBtnBlue popmodal flRI" data-rowno="1" data-beforesend="Train_SRP.srcDestGroup.beforeShowSrcDestStation" data-contentmanupluate="Train_SRP.srcDestGroup.showSrcDestStation" data-method="GET" data-contentcss="res-best-fare res-modal" data-ajaxurltemplate="srcDestDetails?trainNo={tn}&amp;departDate={dd}&amp;srcStn=DLI&amp;destStn=JP&amp;quota={quota}&amp;cls={cl}&amp;avail={avail}&amp;meal={meal}" data-ajax="true" data-width="400" data-placement="window" data-onsuccess="Train_SRP.srcDestGroup.onSuccess()" title="Confirm Departure and Destination Stations">...</button> is not clickable at point (1215, 434). Other element would receive the click: <div class="wfull" id="trainSrp">...</div>
  (Session info: chrome=58.0.3029.96)
  (Driver info: chromedriver=2.28.455520 (cc17746adff54984afff480136733114c6b3704b),platform=Windows NT 6.1.7601 SP1 x86_64) (WARNING: The server did not provide any stacktrace information)
Command duration or timeout: 83 milliseconds
Build info: version: '3.3.1', revision: '5234b32', time: '2017-03-10 09:04:52 -0800'
System info: host: 'ASPIREGGN55', ip: '172.24.200.55', os.name: 'Windows 7', os.arch: 'amd64', os.version: '6.1', java.version: '1.8.0_60'
Driver info: org.openqa.selenium.chrome.ChromeDriver
Capabilities [{applicationCacheEnabled=false, rotatable=false, mobileEmulationEnabled=false, networkConnectionEnabled=false, chrome={chromedriverVersion=2.28.455520 (cc17746adff54984afff480136733114c6b3704b), userDataDir=C:\Users\VANDNA~1.UPP\AppData\Local\Temp\scoped_dir4208_5974}, takesHeapSnapshot=true, pageLoadStrategy=normal, databaseEnabled=false, handlesAlerts=true, hasTouchScreen=false, version=58.0.3029.96, platform=XP, browserConnectionEnabled=false, nativeEvents=true, acceptSslCerts=true, locationContextEnabled=true, webStorageEnabled=true, browserName=chrome, takesScreenshot=true, javascriptEnabled=true, cssSelectorsEnabled=true, unexpectedAlertBehaviour=}]
Session ID: 3d63b246771c59ddeb4d9a5831c36c28
Command duration or timeout: 311 milliseconds
	at sun.reflect.NativeConstructorAccessorImpl.newInstance0(Native Method)
	at sun.reflect.NativeConstructorAccessorImpl.newInstance(Unknown Source)
	at sun.reflect.DelegatingConstructorAccessorImpl.newInstance(Unknown Source)
	at java.lang.reflect.Constructor.newInstance(Unknown Source)
	at org.openqa.selenium.remote.ErrorHandler.createThrowable(ErrorHandler.java:216)
	at org.openqa.selenium.remote.ErrorHandler.throwIfResponseFailed(ErrorHandler.java:168)
	at org.openqa.selenium.remote.RemoteWebDriver.execute(RemoteWebDriver.java:638)
	at org.openqa.selenium.remote.RemoteWebElement.execute(RemoteWebElement.java:274)
	at org.openqa.selenium.remote.RemoteWebElement.click(RemoteWebElement.java:84)
	at sun.reflect.GeneratedMethodAccessor9.invoke(Unknown Source)
	at sun.reflect.DelegatingMethodAccessorImpl.invoke(Unknown Source)
	at java.lang.reflect.Method.invoke(Unknown Source)
	at org.openqa.selenium.support.pagefactory.internal.LocatingElementHandler.invoke(LocatingElementHandler.java:51)
	at com.sun.proxy.$Proxy8.click(Unknown Source)
	at com.Yatra.Utils.BrowserActions.clickOnElement(BrowserActions.java:157)
	at com.Yatra.Pages.TrainSearchResult.selectTrainByIndexAndBook(TrainSearchResult.java:368)
	at com.Yatra.TestScript.Trains.Train.TC_Yatra_Train_043(Train.java:2442)
	at sun.reflect.NativeMethodAccessorImpl.invoke0(Native Method)
	at sun.reflect.NativeMethodAccessorImpl.invoke(Unknown Source)
	at sun.reflect.DelegatingMethodAccessorImpl.invoke(Unknown Source)
	at java.lang.reflect.Method.invoke(Unknown Source)
	at org.testng.internal.MethodInvocationHelper.invokeMethod(MethodInvocationHelper.java:85)
	at org.testng.internal.Invoker.invokeMethod(Invoker.java:639)
	at org.testng.internal.Invoker.invokeTestMethod(Invoker.java:816)
	at org.testng.internal.Invoker.invokeTestMethods(Invoker.java:1124)
	at org.testng.internal.TestMethodWorker.invokeTestMethods(TestMethodWorker.java:125)
	at org.testng.internal.TestMethodWorker.run(TestMethodWorker.java:108)
	at java.util.concurrent.ThreadPoolExecutor.runWorker(Unknown Source)
	at java.util.concurrent.ThreadPoolExecutor$Worker.run(Unknown Source)
	at java.lang.Thread.run(Unknown Source)
Caused by: org.openqa.selenium.remote.ScreenshotException: Screen shot has been taken
	at org.openqa.selenium.remote.ErrorHandler.throwIfResponseFailed(ErrorHandler.java:142)
	... 24 more
Caused by: org.openqa.selenium.WebDriverException: unknown error: Element <button id="bookBtn1" class="ytBtn ytBtnBlue popmodal flRI" data-rowno="1" data-beforesend="Train_SRP.srcDestGroup.beforeShowSrcDestStation" data-contentmanupluate="Train_SRP.srcDestGroup.showSrcDestStation" data-method="GET" data-contentcss="res-best-fare res-modal" data-ajaxurltemplate="srcDestDetails?trainNo={tn}&amp;departDate={dd}&amp;srcStn=DLI&amp;destStn=JP&amp;quota={quota}&amp;cls={cl}&amp;avail={avail}&amp;meal={meal}" data-ajax="true" data-width="400" data-placement="window" data-onsuccess="Train_SRP.srcDestGroup.onSuccess()" title="Confirm Departure and Destination Stations">...</button> is not clickable at point (1215, 434). Other element would receive the click: <div class="wfull" id="trainSrp">...</div>
  (Session info: chrome=58.0.3029.96)
  (Driver info: chromedriver=2.28.455520 (cc17746adff54984afff480136733114c6b3704b),platform=Windows NT 6.1.7601 SP1 x86_64) (WARNING: The server did not provide any stacktrace information)
Command duration or timeout: 83 milliseconds
Build info: version: '3.3.1', revision: '5234b32', time: '2017-03-10 09:04:52 -0800'
System info: host: 'ASPIREGGN55', ip: '172.24.200.55', os.name: 'Windows 7', os.arch: 'amd64', os.version: '6.1', java.version: '1.8.0_60'
Driver info: org.openqa.selenium.chrome.ChromeDriver
Capabilities [{applicationCacheEnabled=false, rotatable=false, mobileEmulationEnabled=false, networkConnectionEnabled=false, chrome={chromedriverVersion=2.28.455520 (cc17746adff54984afff480136733114c6b3704b), userDataDir=C:\Users\VANDNA~1.UPP\AppData\Local\Temp\scoped_dir4208_5974}, takesHeapSnapshot=true, pageLoadStrategy=normal, databaseEnabled=false, handlesAlerts=true, hasTouchScreen=false, version=58.0.3029.96, platform=XP, browserConnectionEnabled=false, nativeEvents=true, acceptSslCerts=true, locationContextEnabled=true, webStorageEnabled=true, browserName=chrome, takesScreenshot=true, javascriptEnabled=true, cssSelectorsEnabled=true, unexpectedAlertBehaviour=}]
Session ID: 3d63b246771c59ddeb4d9a5831c36c28
Build info: version: '3.3.1', revision: '5234b325d5', time: '2017-03-10 09:10:29 +0000'
System info: host: 'ASPIREGGN55', ip: '192.168.102.230', os.name: 'Windows 7', os.arch: 'amd64', os.version: '6.1', java.version: '1.8.0_60'
Driver info: driver.version: RemoteWebDriver
	at sun.reflect.NativeConstructorAccessorImpl.newInstance0(Native Method)
	at sun.reflect.NativeConstructorAccessorImpl.newInstance(Unknown Source)
	at sun.reflect.DelegatingConstructorAccessorImpl.newInstance(Unknown Source)
	at java.lang.reflect.Constructor.newInstance(Unknown Source)
	at org.openqa.selenium.remote.ErrorHandler.createThrowable(ErrorHandler.java:216)
	at org.openqa.selenium.remote.ErrorHandler.throwIfResponseFailed(ErrorHandler.java:168)
	at org.openqa.selenium.remote.RemoteWebDriver.execute(RemoteWebDriver.java:638)
	at org.openqa.selenium.remote.RemoteWebElement.execute(RemoteWebElement.java:274)
	at org.openqa.selenium.remote.RemoteWebElement.click(RemoteWebElement.java:84)
	at sun.reflect.GeneratedMethodAccessor19.invoke(Unknown Source)
	at sun.reflect.DelegatingMethodAccessorImpl.invoke(Unknown Source)
	at java.lang.reflect.Method.invoke(Unknown Source)
	at org.openqa.selenium.support.events.EventFiringWebDriver$EventFiringWebElement$1.invoke(EventFiringWebDriver.java:332)
	at com.sun.proxy.$Proxy7.click(Unknown Source)
	at org.openqa.selenium.support.events.EventFiringWebDriver$EventFiringWebElement.click(EventFiringWebDriver.java:345)
	at sun.reflect.GeneratedMethodAccessor19.invoke(Unknown Source)
	at sun.reflect.DelegatingMethodAccessorImpl.invoke(Unknown Source)
	at java.lang.reflect.Method.invoke(Unknown Source)
	at org.openqa.selenium.remote.server.KnownElements$1.invoke(KnownElements.java:64)
	at com.sun.proxy.$Proxy8.click(Unknown Source)
	at org.openqa.selenium.remote.server.handler.ClickElement.call(ClickElement.java:30)
	at org.openqa.selenium.remote.server.handler.ClickElement.call(ClickElement.java:22)
	at java.util.concurrent.FutureTask.run(Unknown Source)
	at org.openqa.selenium.remote.server.DefaultSession$1.run(DefaultSession.java:176)
	... 3 more
]]>
    </failure>
  </testcase> <!-- TC_Yatra_Train_043 -->
  <testcase name="TC_Yatra_Train_044" time="43.773" classname="com.Yatra.TestScript.Trains.Train"/>
  <testcase name="TC_Yatra_Train_045" time="47.496" classname="com.Yatra.TestScript.Trains.Train"/>
  <testcase name="TC_Yatra_Train_047" time="53.493" classname="com.Yatra.TestScript.Trains.Train"/>
  <testcase name="TC_Yatra_Train_048" time="33.322" classname="com.Yatra.TestScript.Trains.Train">
    <failure type="org.openqa.selenium.UnhandledAlertException" message="unexpected alert open: {Alert text : Age should be between 5-125 years}
  (Session info: chrome=58.0.3029.96)
  (Driver info: chromedriver=2.28.455520 (cc17746adff54984afff480136733114c6b3704b),platform=Windows NT 6.1.7601 SP1 x86_64) (WARNING: The server did not provide any stacktrace information)
Command duration or timeout: 2 milliseconds: null
Build info: version: &amp;apos;3.3.1&amp;apos;, revision: &amp;apos;5234b32&amp;apos;, time: &amp;apos;2017-03-10 09:04:52 -0800&amp;apos;
System info: host: &amp;apos;ASPIREGGN55&amp;apos;, ip: &amp;apos;172.24.200.55&amp;apos;, os.name: &amp;apos;Windows 7&amp;apos;, os.arch: &amp;apos;amd64&amp;apos;, os.version: &amp;apos;6.1&amp;apos;, java.version: &amp;apos;1.8.0_60&amp;apos;
Driver info: org.openqa.selenium.chrome.ChromeDriver
Capabilities [{applicationCacheEnabled=false, rotatable=false, mobileEmulationEnabled=false, networkConnectionEnabled=false, chrome={chromedriverVersion=2.28.455520 (cc17746adff54984afff480136733114c6b3704b), userDataDir=C:\Users\VANDNA~1.UPP\AppData\Local\Temp\scoped_dir7868_6008}, takesHeapSnapshot=true, pageLoadStrategy=normal, databaseEnabled=false, handlesAlerts=true, hasTouchScreen=false, version=58.0.3029.96, platform=XP, browserConnectionEnabled=false, nativeEvents=true, acceptSslCerts=true, locationContextEnabled=true, webStorageEnabled=true, browserName=chrome, takesScreenshot=true, javascriptEnabled=true, cssSelectorsEnabled=true, unexpectedAlertBehaviour=}]
Session ID: 9cb9201a02fe338eb045a15e09696d66
*** Element info: {Using=css selector, value=div[class*=&amp;apos;berthPref&amp;apos;]&amp;gt;label&amp;gt;select&amp;gt;option}: null
Build info: version: &amp;apos;3.3.1&amp;apos;, revision: &amp;apos;5234b325d5&amp;apos;, time: &amp;apos;2017-03-10 09:10:29 +0000&amp;apos;
System info: host: &amp;apos;ASPIREGGN55&amp;apos;, ip: &amp;apos;192.168.102.230&amp;apos;, os.name: &amp;apos;Windows 7&amp;apos;, os.arch: &amp;apos;amd64&amp;apos;, os.version: &amp;apos;6.1&amp;apos;, java.version: &amp;apos;1.8.0_60&amp;apos;
Driver info: org.openqa.selenium.remote.RemoteWebDriver
Capabilities [{applicationCacheEnabled=false, rotatable=false, mobileEmulationEnabled=false, networkConnectionEnabled=true, chrome={chromedriverVersion=2.28.455520 (cc17746adff54984afff480136733114c6b3704b), userDataDir=C:\Users\VANDNA~1.UPP\AppData\Local\Temp\scoped_dir7868_6008}, takesHeapSnapshot=true, pageLoadStrategy=normal, databaseEnabled=false, handlesAlerts=true, hasTouchScreen=true, version=58.0.3029.96, platform=XP, browserConnectionEnabled=false, nativeEvents=true, acceptSslCerts=true, webdriver.remote.sessionid=c45c83be-0982-4ae3-97e9-70c604cec957, locationContextEnabled=true, webStorageEnabled=true, browserName=chrome, takesScreenshot=true, javascriptEnabled=true, cssSelectorsEnabled=true, unexpectedAlertBehaviour=}]
Session ID: c45c83be-0982-4ae3-97e9-70c604cec957
*** Element info: {Using=css selector, value=div[class*=&amp;apos;berthPref&amp;apos;]&amp;gt;label&amp;gt;select&amp;gt;option}">
      <![CDATA[org.openqa.selenium.UnhandledAlertException: unexpected alert open: {Alert text : Age should be between 5-125 years}
  (Session info: chrome=58.0.3029.96)
  (Driver info: chromedriver=2.28.455520 (cc17746adff54984afff480136733114c6b3704b),platform=Windows NT 6.1.7601 SP1 x86_64) (WARNING: The server did not provide any stacktrace information)
Command duration or timeout: 2 milliseconds: null
Build info: version: '3.3.1', revision: '5234b32', time: '2017-03-10 09:04:52 -0800'
System info: host: 'ASPIREGGN55', ip: '172.24.200.55', os.name: 'Windows 7', os.arch: 'amd64', os.version: '6.1', java.version: '1.8.0_60'
Driver info: org.openqa.selenium.chrome.ChromeDriver
Capabilities [{applicationCacheEnabled=false, rotatable=false, mobileEmulationEnabled=false, networkConnectionEnabled=false, chrome={chromedriverVersion=2.28.455520 (cc17746adff54984afff480136733114c6b3704b), userDataDir=C:\Users\VANDNA~1.UPP\AppData\Local\Temp\scoped_dir7868_6008}, takesHeapSnapshot=true, pageLoadStrategy=normal, databaseEnabled=false, handlesAlerts=true, hasTouchScreen=false, version=58.0.3029.96, platform=XP, browserConnectionEnabled=false, nativeEvents=true, acceptSslCerts=true, locationContextEnabled=true, webStorageEnabled=true, browserName=chrome, takesScreenshot=true, javascriptEnabled=true, cssSelectorsEnabled=true, unexpectedAlertBehaviour=}]
Session ID: 9cb9201a02fe338eb045a15e09696d66
*** Element info: {Using=css selector, value=div[class*='berthPref']>label>select>option}: null
Build info: version: '3.3.1', revision: '5234b325d5', time: '2017-03-10 09:10:29 +0000'
System info: host: 'ASPIREGGN55', ip: '192.168.102.230', os.name: 'Windows 7', os.arch: 'amd64', os.version: '6.1', java.version: '1.8.0_60'
Driver info: org.openqa.selenium.remote.RemoteWebDriver
Capabilities [{applicationCacheEnabled=false, rotatable=false, mobileEmulationEnabled=false, networkConnectionEnabled=true, chrome={chromedriverVersion=2.28.455520 (cc17746adff54984afff480136733114c6b3704b), userDataDir=C:\Users\VANDNA~1.UPP\AppData\Local\Temp\scoped_dir7868_6008}, takesHeapSnapshot=true, pageLoadStrategy=normal, databaseEnabled=false, handlesAlerts=true, hasTouchScreen=true, version=58.0.3029.96, platform=XP, browserConnectionEnabled=false, nativeEvents=true, acceptSslCerts=true, webdriver.remote.sessionid=c45c83be-0982-4ae3-97e9-70c604cec957, locationContextEnabled=true, webStorageEnabled=true, browserName=chrome, takesScreenshot=true, javascriptEnabled=true, cssSelectorsEnabled=true, unexpectedAlertBehaviour=}]
Session ID: c45c83be-0982-4ae3-97e9-70c604cec957
*** Element info: {Using=css selector, value=div[class*='berthPref']>label>select>option}
	at sun.reflect.NativeConstructorAccessorImpl.newInstance0(Native Method)
	at sun.reflect.NativeConstructorAccessorImpl.newInstance(Unknown Source)
	at sun.reflect.DelegatingConstructorAccessorImpl.newInstance(Unknown Source)
	at java.lang.reflect.Constructor.newInstance(Unknown Source)
	at org.openqa.selenium.remote.ErrorHandler.createThrowable(ErrorHandler.java:216)
	at org.openqa.selenium.remote.ErrorHandler.createUnhandledAlertException(ErrorHandler.java:197)
	at org.openqa.selenium.remote.ErrorHandler.throwIfResponseFailed(ErrorHandler.java:158)
	at org.openqa.selenium.remote.RemoteWebDriver.execute(RemoteWebDriver.java:638)
	at org.openqa.selenium.remote.RemoteWebElement.execute(RemoteWebElement.java:274)
	at org.openqa.selenium.remote.RemoteWebElement.findElements(RemoteWebElement.java:193)
	at org.openqa.selenium.remote.RemoteWebElement.findElementsByCssSelector(RemoteWebElement.java:246)
	at org.openqa.selenium.By$ByCssSelector.findElements(By.java:441)
	at org.openqa.selenium.remote.RemoteWebElement.findElements(RemoteWebElement.java:169)
	at com.Yatra.Pages.TrainTravellerPage.fillTravellerDetails(TrainTravellerPage.java:274)
	at com.Yatra.TestScript.Trains.Train.TC_Yatra_Train_048(Train.java:2772)
	at sun.reflect.NativeMethodAccessorImpl.invoke0(Native Method)
	at sun.reflect.NativeMethodAccessorImpl.invoke(Unknown Source)
	at sun.reflect.DelegatingMethodAccessorImpl.invoke(Unknown Source)
	at java.lang.reflect.Method.invoke(Unknown Source)
	at org.testng.internal.MethodInvocationHelper.invokeMethod(MethodInvocationHelper.java:85)
	at org.testng.internal.Invoker.invokeMethod(Invoker.java:639)
	at org.testng.internal.Invoker.invokeTestMethod(Invoker.java:816)
	at org.testng.internal.Invoker.invokeTestMethods(Invoker.java:1124)
	at org.testng.internal.TestMethodWorker.invokeTestMethods(TestMethodWorker.java:125)
	at org.testng.internal.TestMethodWorker.run(TestMethodWorker.java:108)
	at java.util.concurrent.ThreadPoolExecutor.runWorker(Unknown Source)
	at java.util.concurrent.ThreadPoolExecutor$Worker.run(Unknown Source)
	at java.lang.Thread.run(Unknown Source)
]]>
    </failure>
  </testcase> <!-- TC_Yatra_Train_048 -->
  <testcase name="TC_Yatra_Train_049" time="26.463" classname="com.Yatra.TestScript.Trains.Train">
    <failure type="org.openqa.selenium.WebDriverException" message="unknown error: Element &amp;lt;button id=&amp;quot;bookBtn1&amp;quot; class=&amp;quot;ytBtn ytBtnBlue popmodal flRI&amp;quot; data-rowno=&amp;quot;1&amp;quot; data-beforesend=&amp;quot;Train_SRP.srcDestGroup.beforeShowSrcDestStation&amp;quot; data-contentmanupluate=&amp;quot;Train_SRP.srcDestGroup.showSrcDestStation&amp;quot; data-method=&amp;quot;GET&amp;quot; data-contentcss=&amp;quot;res-best-fare res-modal&amp;quot; data-ajaxurltemplate=&amp;quot;srcDestDetails?trainNo={tn}&amp;amp;amp;departDate={dd}&amp;amp;amp;srcStn=DLI&amp;amp;amp;destStn=JP&amp;amp;amp;quota={quota}&amp;amp;amp;cls={cl}&amp;amp;amp;avail={avail}&amp;amp;amp;meal={meal}&amp;quot; data-ajax=&amp;quot;true&amp;quot; data-width=&amp;quot;400&amp;quot; data-placement=&amp;quot;window&amp;quot; data-onsuccess=&amp;quot;Train_SRP.srcDestGroup.onSuccess()&amp;quot; title=&amp;quot;Confirm Departure and Destination Stations&amp;quot;&amp;gt;...&amp;lt;/button&amp;gt; is not clickable at point (1215, 433). Other element would receive the click: &amp;lt;div class=&amp;quot;wfull&amp;quot; id=&amp;quot;trainSrp&amp;quot;&amp;gt;...&amp;lt;/div&amp;gt;
  (Session info: chrome=58.0.3029.96)
  (Driver info: chromedriver=2.28.455520 (cc17746adff54984afff480136733114c6b3704b),platform=Windows NT 6.1.7601 SP1 x86_64) (WARNING: The server did not provide any stacktrace information)
Command duration or timeout: 72 milliseconds
Build info: version: &amp;apos;3.3.1&amp;apos;, revision: &amp;apos;5234b32&amp;apos;, time: &amp;apos;2017-03-10 09:04:52 -0800&amp;apos;
System info: host: &amp;apos;ASPIREGGN55&amp;apos;, ip: &amp;apos;172.24.200.55&amp;apos;, os.name: &amp;apos;Windows 7&amp;apos;, os.arch: &amp;apos;amd64&amp;apos;, os.version: &amp;apos;6.1&amp;apos;, java.version: &amp;apos;1.8.0_60&amp;apos;
Driver info: org.openqa.selenium.chrome.ChromeDriver
Capabilities [{applicationCacheEnabled=false, rotatable=false, mobileEmulationEnabled=false, networkConnectionEnabled=false, chrome={chromedriverVersion=2.28.455520 (cc17746adff54984afff480136733114c6b3704b), userDataDir=C:\Users\VANDNA~1.UPP\AppData\Local\Temp\scoped_dir3104_5484}, takesHeapSnapshot=true, pageLoadStrategy=normal, databaseEnabled=false, handlesAlerts=true, hasTouchScreen=false, version=58.0.3029.96, platform=XP, browserConnectionEnabled=false, nativeEvents=true, acceptSslCerts=true, locationContextEnabled=true, webStorageEnabled=true, browserName=chrome, takesScreenshot=true, javascriptEnabled=true, cssSelectorsEnabled=true, unexpectedAlertBehaviour=}]
Session ID: 495967ece67991ae2c375a81dc4b7e93
Command duration or timeout: 308 milliseconds">
      <![CDATA[org.openqa.selenium.WebDriverException: unknown error: Element <button id="bookBtn1" class="ytBtn ytBtnBlue popmodal flRI" data-rowno="1" data-beforesend="Train_SRP.srcDestGroup.beforeShowSrcDestStation" data-contentmanupluate="Train_SRP.srcDestGroup.showSrcDestStation" data-method="GET" data-contentcss="res-best-fare res-modal" data-ajaxurltemplate="srcDestDetails?trainNo={tn}&amp;departDate={dd}&amp;srcStn=DLI&amp;destStn=JP&amp;quota={quota}&amp;cls={cl}&amp;avail={avail}&amp;meal={meal}" data-ajax="true" data-width="400" data-placement="window" data-onsuccess="Train_SRP.srcDestGroup.onSuccess()" title="Confirm Departure and Destination Stations">...</button> is not clickable at point (1215, 433). Other element would receive the click: <div class="wfull" id="trainSrp">...</div>
  (Session info: chrome=58.0.3029.96)
  (Driver info: chromedriver=2.28.455520 (cc17746adff54984afff480136733114c6b3704b),platform=Windows NT 6.1.7601 SP1 x86_64) (WARNING: The server did not provide any stacktrace information)
Command duration or timeout: 72 milliseconds
Build info: version: '3.3.1', revision: '5234b32', time: '2017-03-10 09:04:52 -0800'
System info: host: 'ASPIREGGN55', ip: '172.24.200.55', os.name: 'Windows 7', os.arch: 'amd64', os.version: '6.1', java.version: '1.8.0_60'
Driver info: org.openqa.selenium.chrome.ChromeDriver
Capabilities [{applicationCacheEnabled=false, rotatable=false, mobileEmulationEnabled=false, networkConnectionEnabled=false, chrome={chromedriverVersion=2.28.455520 (cc17746adff54984afff480136733114c6b3704b), userDataDir=C:\Users\VANDNA~1.UPP\AppData\Local\Temp\scoped_dir3104_5484}, takesHeapSnapshot=true, pageLoadStrategy=normal, databaseEnabled=false, handlesAlerts=true, hasTouchScreen=false, version=58.0.3029.96, platform=XP, browserConnectionEnabled=false, nativeEvents=true, acceptSslCerts=true, locationContextEnabled=true, webStorageEnabled=true, browserName=chrome, takesScreenshot=true, javascriptEnabled=true, cssSelectorsEnabled=true, unexpectedAlertBehaviour=}]
Session ID: 495967ece67991ae2c375a81dc4b7e93
Command duration or timeout: 308 milliseconds
	at sun.reflect.NativeConstructorAccessorImpl.newInstance0(Native Method)
	at sun.reflect.NativeConstructorAccessorImpl.newInstance(Unknown Source)
	at sun.reflect.DelegatingConstructorAccessorImpl.newInstance(Unknown Source)
	at java.lang.reflect.Constructor.newInstance(Unknown Source)
	at org.openqa.selenium.remote.ErrorHandler.createThrowable(ErrorHandler.java:216)
	at org.openqa.selenium.remote.ErrorHandler.throwIfResponseFailed(ErrorHandler.java:168)
	at org.openqa.selenium.remote.RemoteWebDriver.execute(RemoteWebDriver.java:638)
	at org.openqa.selenium.remote.RemoteWebElement.execute(RemoteWebElement.java:274)
	at org.openqa.selenium.remote.RemoteWebElement.click(RemoteWebElement.java:84)
	at sun.reflect.GeneratedMethodAccessor9.invoke(Unknown Source)
	at sun.reflect.DelegatingMethodAccessorImpl.invoke(Unknown Source)
	at java.lang.reflect.Method.invoke(Unknown Source)
	at org.openqa.selenium.support.pagefactory.internal.LocatingElementHandler.invoke(LocatingElementHandler.java:51)
	at com.sun.proxy.$Proxy8.click(Unknown Source)
	at com.Yatra.Utils.BrowserActions.clickOnElement(BrowserActions.java:157)
	at com.Yatra.Pages.TrainSearchResult.selectTrainByIndexAndBook(TrainSearchResult.java:368)
	at com.Yatra.TestScript.Trains.Train.TC_Yatra_Train_049(Train.java:2862)
	at sun.reflect.NativeMethodAccessorImpl.invoke0(Native Method)
	at sun.reflect.NativeMethodAccessorImpl.invoke(Unknown Source)
	at sun.reflect.DelegatingMethodAccessorImpl.invoke(Unknown Source)
	at java.lang.reflect.Method.invoke(Unknown Source)
	at org.testng.internal.MethodInvocationHelper.invokeMethod(MethodInvocationHelper.java:85)
	at org.testng.internal.Invoker.invokeMethod(Invoker.java:639)
	at org.testng.internal.Invoker.invokeTestMethod(Invoker.java:816)
	at org.testng.internal.Invoker.invokeTestMethods(Invoker.java:1124)
	at org.testng.internal.TestMethodWorker.invokeTestMethods(TestMethodWorker.java:125)
	at org.testng.internal.TestMethodWorker.run(TestMethodWorker.java:108)
	at java.util.concurrent.ThreadPoolExecutor.runWorker(Unknown Source)
	at java.util.concurrent.ThreadPoolExecutor$Worker.run(Unknown Source)
	at java.lang.Thread.run(Unknown Source)
Caused by: org.openqa.selenium.remote.ScreenshotException: Screen shot has been taken
	at org.openqa.selenium.remote.ErrorHandler.throwIfResponseFailed(ErrorHandler.java:142)
	... 24 more
Caused by: org.openqa.selenium.WebDriverException: unknown error: Element <button id="bookBtn1" class="ytBtn ytBtnBlue popmodal flRI" data-rowno="1" data-beforesend="Train_SRP.srcDestGroup.beforeShowSrcDestStation" data-contentmanupluate="Train_SRP.srcDestGroup.showSrcDestStation" data-method="GET" data-contentcss="res-best-fare res-modal" data-ajaxurltemplate="srcDestDetails?trainNo={tn}&amp;departDate={dd}&amp;srcStn=DLI&amp;destStn=JP&amp;quota={quota}&amp;cls={cl}&amp;avail={avail}&amp;meal={meal}" data-ajax="true" data-width="400" data-placement="window" data-onsuccess="Train_SRP.srcDestGroup.onSuccess()" title="Confirm Departure and Destination Stations">...</button> is not clickable at point (1215, 433). Other element would receive the click: <div class="wfull" id="trainSrp">...</div>
  (Session info: chrome=58.0.3029.96)
  (Driver info: chromedriver=2.28.455520 (cc17746adff54984afff480136733114c6b3704b),platform=Windows NT 6.1.7601 SP1 x86_64) (WARNING: The server did not provide any stacktrace information)
Command duration or timeout: 72 milliseconds
Build info: version: '3.3.1', revision: '5234b32', time: '2017-03-10 09:04:52 -0800'
System info: host: 'ASPIREGGN55', ip: '172.24.200.55', os.name: 'Windows 7', os.arch: 'amd64', os.version: '6.1', java.version: '1.8.0_60'
Driver info: org.openqa.selenium.chrome.ChromeDriver
Capabilities [{applicationCacheEnabled=false, rotatable=false, mobileEmulationEnabled=false, networkConnectionEnabled=false, chrome={chromedriverVersion=2.28.455520 (cc17746adff54984afff480136733114c6b3704b), userDataDir=C:\Users\VANDNA~1.UPP\AppData\Local\Temp\scoped_dir3104_5484}, takesHeapSnapshot=true, pageLoadStrategy=normal, databaseEnabled=false, handlesAlerts=true, hasTouchScreen=false, version=58.0.3029.96, platform=XP, browserConnectionEnabled=false, nativeEvents=true, acceptSslCerts=true, locationContextEnabled=true, webStorageEnabled=true, browserName=chrome, takesScreenshot=true, javascriptEnabled=true, cssSelectorsEnabled=true, unexpectedAlertBehaviour=}]
Session ID: 495967ece67991ae2c375a81dc4b7e93
Build info: version: '3.3.1', revision: '5234b325d5', time: '2017-03-10 09:10:29 +0000'
System info: host: 'ASPIREGGN55', ip: '192.168.102.230', os.name: 'Windows 7', os.arch: 'amd64', os.version: '6.1', java.version: '1.8.0_60'
Driver info: driver.version: RemoteWebDriver
	at sun.reflect.NativeConstructorAccessorImpl.newInstance0(Native Method)
	at sun.reflect.NativeConstructorAccessorImpl.newInstance(Unknown Source)
	at sun.reflect.DelegatingConstructorAccessorImpl.newInstance(Unknown Source)
	at java.lang.reflect.Constructor.newInstance(Unknown Source)
	at org.openqa.selenium.remote.ErrorHandler.createThrowable(ErrorHandler.java:216)
	at org.openqa.selenium.remote.ErrorHandler.throwIfResponseFailed(ErrorHandler.java:168)
	at org.openqa.selenium.remote.RemoteWebDriver.execute(RemoteWebDriver.java:638)
	at org.openqa.selenium.remote.RemoteWebElement.execute(RemoteWebElement.java:274)
	at org.openqa.selenium.remote.RemoteWebElement.click(RemoteWebElement.java:84)
	at sun.reflect.GeneratedMethodAccessor19.invoke(Unknown Source)
	at sun.reflect.DelegatingMethodAccessorImpl.invoke(Unknown Source)
	at java.lang.reflect.Method.invoke(Unknown Source)
	at org.openqa.selenium.support.events.EventFiringWebDriver$EventFiringWebElement$1.invoke(EventFiringWebDriver.java:332)
	at com.sun.proxy.$Proxy7.click(Unknown Source)
	at org.openqa.selenium.support.events.EventFiringWebDriver$EventFiringWebElement.click(EventFiringWebDriver.java:345)
	at sun.reflect.GeneratedMethodAccessor19.invoke(Unknown Source)
	at sun.reflect.DelegatingMethodAccessorImpl.invoke(Unknown Source)
	at java.lang.reflect.Method.invoke(Unknown Source)
	at org.openqa.selenium.remote.server.KnownElements$1.invoke(KnownElements.java:64)
	at com.sun.proxy.$Proxy8.click(Unknown Source)
	at org.openqa.selenium.remote.server.handler.ClickElement.call(ClickElement.java:30)
	at org.openqa.selenium.remote.server.handler.ClickElement.call(ClickElement.java:22)
	at java.util.concurrent.FutureTask.run(Unknown Source)
	at org.openqa.selenium.remote.server.DefaultSession$1.run(DefaultSession.java:176)
	... 3 more
]]>
    </failure>
  </testcase> <!-- TC_Yatra_Train_049 -->
  <testcase name="TC_Yatra_Train_051" time="63.84" classname="com.Yatra.TestScript.Trains.Train">
    <failure type="java.lang.AssertionError" message="&amp;lt;b&amp;gt;Actual Result:&amp;lt;/b&amp;gt; Unable to navigated to paxpage when session expires.">
      <![CDATA[java.lang.AssertionError: <b>Actual Result:</b> Unable to navigated to paxpage when session expires.
	at org.testng.Assert.fail(Assert.java:94)
	at com.Yatra.Utils.Log.fail(Log.java:546)
	at com.Yatra.Utils.Log.assertThat(Log.java:726)
	at com.Yatra.TestScript.Trains.Train.TC_Yatra_Train_051(Train.java:2985)
	at sun.reflect.NativeMethodAccessorImpl.invoke0(Native Method)
	at sun.reflect.NativeMethodAccessorImpl.invoke(Unknown Source)
	at sun.reflect.DelegatingMethodAccessorImpl.invoke(Unknown Source)
	at java.lang.reflect.Method.invoke(Unknown Source)
	at org.testng.internal.MethodInvocationHelper.invokeMethod(MethodInvocationHelper.java:85)
	at org.testng.internal.Invoker.invokeMethod(Invoker.java:639)
	at org.testng.internal.Invoker.invokeTestMethod(Invoker.java:816)
	at org.testng.internal.Invoker.invokeTestMethods(Invoker.java:1124)
	at org.testng.internal.TestMethodWorker.invokeTestMethods(TestMethodWorker.java:125)
	at org.testng.internal.TestMethodWorker.run(TestMethodWorker.java:108)
	at java.util.concurrent.ThreadPoolExecutor.runWorker(Unknown Source)
	at java.util.concurrent.ThreadPoolExecutor$Worker.run(Unknown Source)
	at java.lang.Thread.run(Unknown Source)
]]>
    </failure>
  </testcase> <!-- TC_Yatra_Train_051 -->
  <testcase name="TC_Yatra_Train_052" time="228.864" classname="com.Yatra.TestScript.Trains.Train">
    <failure type="java.lang.Exception" message="Click on Continue in Confirmation Popup to book Train. not found in page!!">
      <![CDATA[java.lang.Exception: Click on Continue in Confirmation Popup to book Train. not found in page!!
	at com.Yatra.Utils.BrowserActions.clickOnElement(BrowserActions.java:154)
	at com.Yatra.Pages.TrainSearchResult.clickOnContinue(TrainSearchResult.java:595)
	at com.Yatra.TestScript.Trains.Train.TC_Yatra_Train_052(Train.java:3036)
	at sun.reflect.NativeMethodAccessorImpl.invoke0(Native Method)
	at sun.reflect.NativeMethodAccessorImpl.invoke(Unknown Source)
	at sun.reflect.DelegatingMethodAccessorImpl.invoke(Unknown Source)
	at java.lang.reflect.Method.invoke(Unknown Source)
	at org.testng.internal.MethodInvocationHelper.invokeMethod(MethodInvocationHelper.java:85)
	at org.testng.internal.Invoker.invokeMethod(Invoker.java:639)
	at org.testng.internal.Invoker.invokeTestMethod(Invoker.java:816)
	at org.testng.internal.Invoker.invokeTestMethods(Invoker.java:1124)
	at org.testng.internal.TestMethodWorker.invokeTestMethods(TestMethodWorker.java:125)
	at org.testng.internal.TestMethodWorker.run(TestMethodWorker.java:108)
	at java.util.concurrent.ThreadPoolExecutor.runWorker(Unknown Source)
	at java.util.concurrent.ThreadPoolExecutor$Worker.run(Unknown Source)
	at java.lang.Thread.run(Unknown Source)
]]>
    </failure>
  </testcase> <!-- TC_Yatra_Train_052 -->
  <testcase name="TC_Yatra_Train_053" time="231.393" classname="com.Yatra.TestScript.Trains.Train">
    <failure type="java.lang.Exception" message="Click on Continue in Confirmation Popup to book Train. not found in page!!">
      <![CDATA[java.lang.Exception: Click on Continue in Confirmation Popup to book Train. not found in page!!
	at com.Yatra.Utils.BrowserActions.clickOnElement(BrowserActions.java:154)
	at com.Yatra.Pages.TrainSearchResult.clickOnContinue(TrainSearchResult.java:595)
	at com.Yatra.TestScript.Trains.Train.TC_Yatra_Train_053(Train.java:3120)
	at sun.reflect.NativeMethodAccessorImpl.invoke0(Native Method)
	at sun.reflect.NativeMethodAccessorImpl.invoke(Unknown Source)
	at sun.reflect.DelegatingMethodAccessorImpl.invoke(Unknown Source)
	at java.lang.reflect.Method.invoke(Unknown Source)
	at org.testng.internal.MethodInvocationHelper.invokeMethod(MethodInvocationHelper.java:85)
	at org.testng.internal.Invoker.invokeMethod(Invoker.java:639)
	at org.testng.internal.Invoker.invokeTestMethod(Invoker.java:816)
	at org.testng.internal.Invoker.invokeTestMethods(Invoker.java:1124)
	at org.testng.internal.TestMethodWorker.invokeTestMethods(TestMethodWorker.java:125)
	at org.testng.internal.TestMethodWorker.run(TestMethodWorker.java:108)
	at java.util.concurrent.ThreadPoolExecutor.runWorker(Unknown Source)
	at java.util.concurrent.ThreadPoolExecutor$Worker.run(Unknown Source)
	at java.lang.Thread.run(Unknown Source)
]]>
    </failure>
  </testcase> <!-- TC_Yatra_Train_053 -->
</testsuite> <!-- Train -->
